[0.008s] Invoking command in '/home/waritt/robotsim_ws/build/rrr_robot_interfaces': CMAKE_PREFIX_PATH=${CMAKE_PREFIX_PATH}:/opt/ros/humble /usr/bin/cmake --build /home/waritt/robotsim_ws/build/rrr_robot_interfaces -- -j16 -l16
[0.023s] -- Found ament_cmake: 1.3.10 (/opt/ros/humble/share/ament_cmake/cmake)
[0.108s] -- Found geometry_msgs: 4.2.4 (/opt/ros/humble/share/geometry_msgs/cmake)
[0.123s] -- Found rosidl_generator_c: 3.1.5 (/opt/ros/humble/share/rosidl_generator_c/cmake)
[0.124s] -- Found rosidl_adapter: 3.1.5 (/opt/ros/humble/share/rosidl_adapter/cmake)
[0.128s] -- Found rosidl_generator_cpp: 3.1.5 (/opt/ros/humble/share/rosidl_generator_cpp/cmake)
[0.133s] -- Using all available rosidl_typesupport_c: rosidl_typesupport_fastrtps_c;rosidl_typesupport_introspection_c
[0.141s] -- Using all available rosidl_typesupport_cpp: rosidl_typesupport_fastrtps_cpp;rosidl_typesupport_introspection_cpp
[0.162s] -- Found sensor_msgs: 4.2.4 (/opt/ros/humble/share/sensor_msgs/cmake)
[0.172s] -- Found rosidl_default_generators: 1.2.0 (/opt/ros/humble/share/rosidl_default_generators/cmake)
[0.176s] -- Found ament_lint_auto: 0.12.11 (/opt/ros/humble/share/ament_lint_auto/cmake)
[0.403s] -- Found ament_cmake_ros: 0.10.0 (/opt/ros/humble/share/ament_cmake_ros/cmake)
[0.697s] -- Using all available rosidl_typesupport_c: rosidl_typesupport_fastrtps_c;rosidl_typesupport_introspection_c
[0.817s] -- Using all available rosidl_typesupport_cpp: rosidl_typesupport_fastrtps_cpp;rosidl_typesupport_introspection_cpp
[0.833s] -- Found python_cmake_module: 0.10.0 (/opt/ros/humble/share/python_cmake_module/cmake)
[0.849s] -- Using PYTHON_EXECUTABLE: /usr/bin/python3
[0.850s] -- Using PYTHON_INCLUDE_DIRS: /usr/include/python3.10
[0.850s] -- Using PYTHON_LIBRARIES: /usr/lib/x86_64-linux-gnu/libpython3.10.so
[0.886s] -- Added test 'lint_cmake' to check CMake code style
[0.887s] -- Added test 'xmllint' to check XML markup files
[0.888s] -- Configuring done
[0.916s] -- Generating done
[0.918s] -- Build files have been written to: /home/waritt/robotsim_ws/build/rrr_robot_interfaces
[0.938s] [  1%] [34m[1mGenerating C code for ROS interfaces[0m
[0.947s] [  2%] [34m[1mGenerating C++ code for ROS interfaces[0m
[0.956s] [  2%] Built target ament_cmake_python_copy_rrr_robot_interfaces
[1.154s] running egg_info
[1.154s] writing rrr_robot_interfaces.egg-info/PKG-INFO
[1.154s] writing dependency_links to rrr_robot_interfaces.egg-info/dependency_links.txt
[1.154s] writing top-level names to rrr_robot_interfaces.egg-info/top_level.txt
[1.156s] reading manifest file 'rrr_robot_interfaces.egg-info/SOURCES.txt'
[1.157s] writing manifest file 'rrr_robot_interfaces.egg-info/SOURCES.txt'
[1.175s] [  2%] Built target ament_cmake_python_build_rrr_robot_interfaces_egg
[1.405s] [  2%] Built target rrr_robot_interfaces__cpp
[1.421s] [  5%] [34m[1mGenerating C++ introspection for ROS interfaces[0m
[1.421s] [  5%] [34m[1mGenerating C++ type support dispatch for ROS interfaces[0m
[1.421s] [  7%] [34m[1mGenerating C++ type support for eProsima Fast-RTPS[0m
[1.435s] [35m[1mConsolidate compiler generated dependencies of target rrr_robot_interfaces__rosidl_generator_c[0m
[1.446s] [  8%] [32mBuilding C object CMakeFiles/rrr_robot_interfaces__rosidl_generator_c.dir/rosidl_generator_c/rrr_robot_interfaces/srv/detail/rrr_target_pub__functions.c.o[0m
[1.448s] [  9%] [32mBuilding C object CMakeFiles/rrr_robot_interfaces__rosidl_generator_c.dir/rosidl_generator_c/rrr_robot_interfaces/srv/detail/rrr_mode__functions.c.o[0m
[1.448s] [ 12%] [32mBuilding C object CMakeFiles/rrr_robot_interfaces__rosidl_generator_c.dir/rosidl_generator_c/rrr_robot_interfaces/srv/detail/rrr_invert_kinematics__functions.c.o[0m
[1.448s] [ 14%] [32mBuilding C object CMakeFiles/rrr_robot_interfaces__rosidl_generator_c.dir/rosidl_generator_c/rrr_robot_interfaces/srv/detail/rrr_random_target__functions.c.o[0m
[1.448s] [ 14%] [32mBuilding C object CMakeFiles/rrr_robot_interfaces__rosidl_generator_c.dir/rosidl_generator_c/rrr_robot_interfaces/srv/detail/rrripk__functions.c.o[0m
[1.449s] [ 15%] [32mBuilding C object CMakeFiles/rrr_robot_interfaces__rosidl_generator_c.dir/rosidl_generator_c/rrr_robot_interfaces/srv/detail/rrr_teleop__functions.c.o[0m
[1.512s] [ 16%] [32m[1mLinking C shared library librrr_robot_interfaces__rosidl_generator_c.so[0m
[1.538s] [ 16%] Built target rrr_robot_interfaces__rosidl_generator_c
[1.547s] [ 21%] [34m[1mGenerating C type support dispatch for ROS interfaces[0m
[1.547s] [ 21%] [34m[1mGenerating C type support for eProsima Fast-RTPS[0m
[1.547s] [ 21%] [34m[1mGenerating C introspection for ROS interfaces[0m
[1.808s] [35m[1mConsolidate compiler generated dependencies of target rrr_robot_interfaces__rosidl_typesupport_cpp[0m
[1.821s] [ 22%] [32mBuilding CXX object CMakeFiles/rrr_robot_interfaces__rosidl_typesupport_cpp.dir/rosidl_typesupport_cpp/rrr_robot_interfaces/srv/rrr_target_pub__type_support.cpp.o[0m
[1.822s] [ 23%] [32mBuilding CXX object CMakeFiles/rrr_robot_interfaces__rosidl_typesupport_cpp.dir/rosidl_typesupport_cpp/rrr_robot_interfaces/srv/rrr_mode__type_support.cpp.o[0m
[1.823s] [ 26%] [32mBuilding CXX object CMakeFiles/rrr_robot_interfaces__rosidl_typesupport_cpp.dir/rosidl_typesupport_cpp/rrr_robot_interfaces/srv/rrripk__type_support.cpp.o[0m
[1.823s] [ 26%] [32mBuilding CXX object CMakeFiles/rrr_robot_interfaces__rosidl_typesupport_cpp.dir/rosidl_typesupport_cpp/rrr_robot_interfaces/srv/rrr_invert_kinematics__type_support.cpp.o[0m
[1.824s] [ 28%] [32mBuilding CXX object CMakeFiles/rrr_robot_interfaces__rosidl_typesupport_cpp.dir/rosidl_typesupport_cpp/rrr_robot_interfaces/srv/rrr_random_target__type_support.cpp.o[0m
[1.825s] [ 29%] [32mBuilding CXX object CMakeFiles/rrr_robot_interfaces__rosidl_typesupport_cpp.dir/rosidl_typesupport_cpp/rrr_robot_interfaces/srv/rrr_teleop__type_support.cpp.o[0m
[1.914s] [35m[1mConsolidate compiler generated dependencies of target rrr_robot_interfaces__rosidl_typesupport_introspection_cpp[0m
[1.921s] [35m[1mConsolidate compiler generated dependencies of target rrr_robot_interfaces__rosidl_typesupport_c[0m
[1.932s] [ 32%] [32mBuilding CXX object CMakeFiles/rrr_robot_interfaces__rosidl_typesupport_introspection_cpp.dir/rosidl_typesupport_introspection_cpp/rrr_robot_interfaces/srv/detail/rrripk__type_support.cpp.o[0m
[1.932s] [ 32%] [32mBuilding CXX object CMakeFiles/rrr_robot_interfaces__rosidl_typesupport_introspection_cpp.dir/rosidl_typesupport_introspection_cpp/rrr_robot_interfaces/srv/detail/rrr_mode__type_support.cpp.o[0m
[1.932s] [ 33%] [32mBuilding CXX object CMakeFiles/rrr_robot_interfaces__rosidl_typesupport_introspection_cpp.dir/rosidl_typesupport_introspection_cpp/rrr_robot_interfaces/srv/detail/rrr_invert_kinematics__type_support.cpp.o[0m
[1.937s] [ 35%] [32mBuilding CXX object CMakeFiles/rrr_robot_interfaces__rosidl_typesupport_introspection_cpp.dir/rosidl_typesupport_introspection_cpp/rrr_robot_interfaces/srv/detail/rrr_target_pub__type_support.cpp.o[0m
[1.940s] [ 36%] [32mBuilding CXX object CMakeFiles/rrr_robot_interfaces__rosidl_typesupport_introspection_cpp.dir/rosidl_typesupport_introspection_cpp/rrr_robot_interfaces/srv/detail/rrr_random_target__type_support.cpp.o[0m
[1.944s] [ 38%] [32mBuilding CXX object CMakeFiles/rrr_robot_interfaces__rosidl_typesupport_c.dir/rosidl_typesupport_c/rrr_robot_interfaces/srv/rrr_mode__type_support.cpp.o[0m
[1.973s] [ 39%] [32mBuilding CXX object CMakeFiles/rrr_robot_interfaces__rosidl_typesupport_introspection_cpp.dir/rosidl_typesupport_introspection_cpp/rrr_robot_interfaces/srv/detail/rrr_teleop__type_support.cpp.o[0m
[2.083s] [ 40%] [32mBuilding CXX object CMakeFiles/rrr_robot_interfaces__rosidl_typesupport_c.dir/rosidl_typesupport_c/rrr_robot_interfaces/srv/rrripk__type_support.cpp.o[0m
[2.149s] [ 42%] [32mBuilding CXX object CMakeFiles/rrr_robot_interfaces__rosidl_typesupport_c.dir/rosidl_typesupport_c/rrr_robot_interfaces/srv/rrr_invert_kinematics__type_support.cpp.o[0m
[2.159s] [ 43%] [32mBuilding CXX object CMakeFiles/rrr_robot_interfaces__rosidl_typesupport_c.dir/rosidl_typesupport_c/rrr_robot_interfaces/srv/rrr_target_pub__type_support.cpp.o[0m
[2.187s] [ 45%] [32mBuilding CXX object CMakeFiles/rrr_robot_interfaces__rosidl_typesupport_c.dir/rosidl_typesupport_c/rrr_robot_interfaces/srv/rrr_random_target__type_support.cpp.o[0m
[2.203s] [ 46%] [32mBuilding CXX object CMakeFiles/rrr_robot_interfaces__rosidl_typesupport_c.dir/rosidl_typesupport_c/rrr_robot_interfaces/srv/rrr_teleop__type_support.cpp.o[0m
[2.220s] [35m[1mConsolidate compiler generated dependencies of target rrr_robot_interfaces__rosidl_typesupport_fastrtps_cpp[0m
[2.237s] [ 47%] [32m[1mLinking CXX shared library librrr_robot_interfaces__rosidl_typesupport_cpp.so[0m
[2.248s] [ 49%] [32mBuilding CXX object CMakeFiles/rrr_robot_interfaces__rosidl_typesupport_fastrtps_cpp.dir/rosidl_typesupport_fastrtps_cpp/rrr_robot_interfaces/srv/detail/dds_fastrtps/rrripk__type_support.cpp.o[0m
[2.249s] [ 50%] [32mBuilding CXX object CMakeFiles/rrr_robot_interfaces__rosidl_typesupport_fastrtps_cpp.dir/rosidl_typesupport_fastrtps_cpp/rrr_robot_interfaces/srv/detail/dds_fastrtps/rrr_mode__type_support.cpp.o[0m
[2.249s] [ 52%] [32m[1mLinking CXX shared library librrr_robot_interfaces__rosidl_typesupport_c.so[0m
[2.249s] [ 53%] [32mBuilding CXX object CMakeFiles/rrr_robot_interfaces__rosidl_typesupport_fastrtps_cpp.dir/rosidl_typesupport_fastrtps_cpp/rrr_robot_interfaces/srv/detail/dds_fastrtps/rrr_invert_kinematics__type_support.cpp.o[0m
[2.249s] [ 54%] [32mBuilding CXX object CMakeFiles/rrr_robot_interfaces__rosidl_typesupport_fastrtps_cpp.dir/rosidl_typesupport_fastrtps_cpp/rrr_robot_interfaces/srv/detail/dds_fastrtps/rrr_target_pub__type_support.cpp.o[0m
[2.249s] [35m[1mConsolidate compiler generated dependencies of target rrr_robot_interfaces__rosidl_typesupport_introspection_c[0m
[2.249s] [ 56%] [32mBuilding CXX object CMakeFiles/rrr_robot_interfaces__rosidl_typesupport_fastrtps_cpp.dir/rosidl_typesupport_fastrtps_cpp/rrr_robot_interfaces/srv/detail/dds_fastrtps/rrr_random_target__type_support.cpp.o[0m
[2.253s] [ 57%] [32mBuilding CXX object CMakeFiles/rrr_robot_interfaces__rosidl_typesupport_fastrtps_cpp.dir/rosidl_typesupport_fastrtps_cpp/rrr_robot_interfaces/srv/detail/dds_fastrtps/rrr_teleop__type_support.cpp.o[0m
[2.267s] [ 59%] [32mBuilding C object CMakeFiles/rrr_robot_interfaces__rosidl_typesupport_introspection_c.dir/rosidl_typesupport_introspection_c/rrr_robot_interfaces/srv/detail/rrr_mode__type_support.c.o[0m
[2.297s] [ 59%] Built target rrr_robot_interfaces__rosidl_typesupport_cpp
[2.306s] [ 60%] [32mBuilding C object CMakeFiles/rrr_robot_interfaces__rosidl_typesupport_introspection_c.dir/rosidl_typesupport_introspection_c/rrr_robot_interfaces/srv/detail/rrripk__type_support.c.o[0m
[2.317s] [ 60%] Built target rrr_robot_interfaces__rosidl_typesupport_c
[2.334s] [ 61%] [32mBuilding C object CMakeFiles/rrr_robot_interfaces__rosidl_typesupport_introspection_c.dir/rosidl_typesupport_introspection_c/rrr_robot_interfaces/srv/detail/rrr_invert_kinematics__type_support.c.o[0m
[2.350s] [ 63%] [32mBuilding C object CMakeFiles/rrr_robot_interfaces__rosidl_typesupport_introspection_c.dir/rosidl_typesupport_introspection_c/rrr_robot_interfaces/srv/detail/rrr_target_pub__type_support.c.o[0m
[2.368s] [ 64%] [32mBuilding C object CMakeFiles/rrr_robot_interfaces__rosidl_typesupport_introspection_c.dir/rosidl_typesupport_introspection_c/rrr_robot_interfaces/srv/detail/rrr_random_target__type_support.c.o[0m
[2.386s] [35m[1mConsolidate compiler generated dependencies of target rrr_robot_interfaces__rosidl_typesupport_fastrtps_c[0m
[2.398s] [ 66%] [32mBuilding C object CMakeFiles/rrr_robot_interfaces__rosidl_typesupport_introspection_c.dir/rosidl_typesupport_introspection_c/rrr_robot_interfaces/srv/detail/rrr_teleop__type_support.c.o[0m
[2.418s] [ 67%] [32mBuilding CXX object CMakeFiles/rrr_robot_interfaces__rosidl_typesupport_fastrtps_c.dir/rosidl_typesupport_fastrtps_c/rrr_robot_interfaces/srv/detail/rrr_mode__type_support_c.cpp.o[0m
[2.421s] [ 69%] [32mBuilding CXX object CMakeFiles/rrr_robot_interfaces__rosidl_typesupport_fastrtps_c.dir/rosidl_typesupport_fastrtps_c/rrr_robot_interfaces/srv/detail/rrripk__type_support_c.cpp.o[0m
[2.434s] [ 70%] [32mBuilding CXX object CMakeFiles/rrr_robot_interfaces__rosidl_typesupport_fastrtps_c.dir/rosidl_typesupport_fastrtps_c/rrr_robot_interfaces/srv/detail/rrr_invert_kinematics__type_support_c.cpp.o[0m
[2.453s] [ 71%] [32m[1mLinking C shared library librrr_robot_interfaces__rosidl_typesupport_introspection_c.so[0m
[2.490s] [ 73%] [32mBuilding CXX object CMakeFiles/rrr_robot_interfaces__rosidl_typesupport_fastrtps_c.dir/rosidl_typesupport_fastrtps_c/rrr_robot_interfaces/srv/detail/rrr_target_pub__type_support_c.cpp.o[0m
[2.497s] [ 74%] [32mBuilding CXX object CMakeFiles/rrr_robot_interfaces__rosidl_typesupport_fastrtps_c.dir/rosidl_typesupport_fastrtps_c/rrr_robot_interfaces/srv/detail/rrr_random_target__type_support_c.cpp.o[0m
[2.501s] [ 76%] [32mBuilding CXX object CMakeFiles/rrr_robot_interfaces__rosidl_typesupport_fastrtps_c.dir/rosidl_typesupport_fastrtps_c/rrr_robot_interfaces/srv/detail/rrr_teleop__type_support_c.cpp.o[0m
[2.509s] [ 76%] Built target rrr_robot_interfaces__rosidl_typesupport_introspection_c
[2.590s] [ 77%] [32m[1mLinking CXX shared library librrr_robot_interfaces__rosidl_typesupport_introspection_cpp.so[0m
[2.678s] [ 77%] Built target rrr_robot_interfaces__rosidl_typesupport_introspection_cpp
[2.808s] [ 78%] [32m[1mLinking CXX shared library librrr_robot_interfaces__rosidl_typesupport_fastrtps_cpp.so[0m
[2.858s] [ 78%] Built target rrr_robot_interfaces__rosidl_typesupport_fastrtps_cpp
[2.885s] [ 80%] [32m[1mLinking CXX shared library librrr_robot_interfaces__rosidl_typesupport_fastrtps_c.so[0m
[2.933s] [ 80%] Built target rrr_robot_interfaces__rosidl_typesupport_fastrtps_c
[2.946s] [ 80%] Built target rrr_robot_interfaces
[2.960s] [ 81%] [34m[1mGenerating Python code for ROS interfaces[0m
[3.643s] [ 81%] Built target rrr_robot_interfaces__py
[3.650s] [35m[1mConsolidate compiler generated dependencies of target rrr_robot_interfaces__rosidl_generator_py[0m
[3.661s] [ 84%] [32mBuilding C object CMakeFiles/rrr_robot_interfaces__rosidl_generator_py.dir/rosidl_generator_py/rrr_robot_interfaces/srv/_rrripk_s.c.o[0m
[3.661s] [ 84%] [32mBuilding C object CMakeFiles/rrr_robot_interfaces__rosidl_generator_py.dir/rosidl_generator_py/rrr_robot_interfaces/srv/_rrr_mode_s.c.o[0m
[3.661s] [ 85%] [32mBuilding C object CMakeFiles/rrr_robot_interfaces__rosidl_generator_py.dir/rosidl_generator_py/rrr_robot_interfaces/srv/_rrr_invert_kinematics_s.c.o[0m
[3.661s] [ 87%] [32mBuilding C object CMakeFiles/rrr_robot_interfaces__rosidl_generator_py.dir/rosidl_generator_py/rrr_robot_interfaces/srv/_rrr_target_pub_s.c.o[0m
[3.661s] [ 88%] [32mBuilding C object CMakeFiles/rrr_robot_interfaces__rosidl_generator_py.dir/rosidl_generator_py/rrr_robot_interfaces/srv/_rrr_random_target_s.c.o[0m
[3.662s] [ 90%] [32mBuilding C object CMakeFiles/rrr_robot_interfaces__rosidl_generator_py.dir/rosidl_generator_py/rrr_robot_interfaces/srv/_rrr_teleop_s.c.o[0m
[3.741s] [ 91%] [32m[1mLinking C shared library rosidl_generator_py/rrr_robot_interfaces/librrr_robot_interfaces__rosidl_generator_py.so[0m
[3.769s] [ 91%] Built target rrr_robot_interfaces__rosidl_generator_py
[3.775s] [35m[1mConsolidate compiler generated dependencies of target rrr_robot_interfaces__rosidl_typesupport_fastrtps_c__pyext[0m
[3.775s] [35m[1mConsolidate compiler generated dependencies of target rrr_robot_interfaces__rosidl_typesupport_c__pyext[0m
[3.775s] [35m[1mConsolidate compiler generated dependencies of target rrr_robot_interfaces__rosidl_typesupport_introspection_c__pyext[0m
[3.783s] [ 94%] [32mBuilding C object CMakeFiles/rrr_robot_interfaces__rosidl_typesupport_fastrtps_c__pyext.dir/rosidl_generator_py/rrr_robot_interfaces/_rrr_robot_interfaces_s.ep.rosidl_typesupport_fastrtps_c.c.o[0m
[3.783s] [ 94%] [32mBuilding C object CMakeFiles/rrr_robot_interfaces__rosidl_typesupport_c__pyext.dir/rosidl_generator_py/rrr_robot_interfaces/_rrr_robot_interfaces_s.ep.rosidl_typesupport_c.c.o[0m
[3.784s] [ 95%] [32mBuilding C object CMakeFiles/rrr_robot_interfaces__rosidl_typesupport_introspection_c__pyext.dir/rosidl_generator_py/rrr_robot_interfaces/_rrr_robot_interfaces_s.ep.rosidl_typesupport_introspection_c.c.o[0m
[3.871s] [100%] [32m[1mLinking C shared library rosidl_generator_py/rrr_robot_interfaces/rrr_robot_interfaces_s__rosidl_typesupport_introspection_c.cpython-310-x86_64-linux-gnu.so[0m
[3.871s] [100%] [32m[1mLinking C shared library rosidl_generator_py/rrr_robot_interfaces/rrr_robot_interfaces_s__rosidl_typesupport_fastrtps_c.cpython-310-x86_64-linux-gnu.so[0m
[3.871s] [100%] [32m[1mLinking C shared library rosidl_generator_py/rrr_robot_interfaces/rrr_robot_interfaces_s__rosidl_typesupport_c.cpython-310-x86_64-linux-gnu.so[0m
[3.898s] [100%] Built target rrr_robot_interfaces__rosidl_typesupport_introspection_c__pyext
[3.898s] [100%] Built target rrr_robot_interfaces__rosidl_typesupport_fastrtps_c__pyext
[3.898s] [100%] Built target rrr_robot_interfaces__rosidl_typesupport_c__pyext
[3.906s] Invoked command in '/home/waritt/robotsim_ws/build/rrr_robot_interfaces' returned '0': CMAKE_PREFIX_PATH=${CMAKE_PREFIX_PATH}:/opt/ros/humble /usr/bin/cmake --build /home/waritt/robotsim_ws/build/rrr_robot_interfaces -- -j16 -l16
[4.008s] Invoking command in '/home/waritt/robotsim_ws/build/rrr_robot_interfaces': CMAKE_PREFIX_PATH=${CMAKE_PREFIX_PATH}:/opt/ros/humble /usr/bin/cmake --install /home/waritt/robotsim_ws/build/rrr_robot_interfaces
[4.013s] -- Install configuration: ""
[4.013s] -- Up-to-date: /home/waritt/robotsim_ws/install/rrr_robot_interfaces/share/ament_index/resource_index/rosidl_interfaces/rrr_robot_interfaces
[4.013s] -- Up-to-date: /home/waritt/robotsim_ws/install/rrr_robot_interfaces/include/rrr_robot_interfaces/rrr_robot_interfaces
[4.013s] -- Up-to-date: /home/waritt/robotsim_ws/install/rrr_robot_interfaces/include/rrr_robot_interfaces/rrr_robot_interfaces/msg
[4.013s] -- Up-to-date: /home/waritt/robotsim_ws/install/rrr_robot_interfaces/include/rrr_robot_interfaces/rrr_robot_interfaces/msg/rosidl_generator_c__visibility_control.h
[4.013s] -- Up-to-date: /home/waritt/robotsim_ws/install/rrr_robot_interfaces/include/rrr_robot_interfaces/rrr_robot_interfaces/srv
[4.013s] -- Installing: /home/waritt/robotsim_ws/install/rrr_robot_interfaces/include/rrr_robot_interfaces/rrr_robot_interfaces/srv/rrr_invert_kinematics.h
[4.013s] -- Installing: /home/waritt/robotsim_ws/install/rrr_robot_interfaces/include/rrr_robot_interfaces/rrr_robot_interfaces/srv/rrr_random_target.h
[4.013s] -- Installing: /home/waritt/robotsim_ws/install/rrr_robot_interfaces/include/rrr_robot_interfaces/rrr_robot_interfaces/srv/rrr_mode.h
[4.013s] -- Installing: /home/waritt/robotsim_ws/install/rrr_robot_interfaces/include/rrr_robot_interfaces/rrr_robot_interfaces/srv/rrr_target_pub.h
[4.013s] -- Installing: /home/waritt/robotsim_ws/install/rrr_robot_interfaces/include/rrr_robot_interfaces/rrr_robot_interfaces/srv/rrripk.h
[4.014s] -- Up-to-date: /home/waritt/robotsim_ws/install/rrr_robot_interfaces/include/rrr_robot_interfaces/rrr_robot_interfaces/srv/detail
[4.014s] -- Installing: /home/waritt/robotsim_ws/install/rrr_robot_interfaces/include/rrr_robot_interfaces/rrr_robot_interfaces/srv/detail/rrr_teleop__functions.h
[4.014s] -- Installing: /home/waritt/robotsim_ws/install/rrr_robot_interfaces/include/rrr_robot_interfaces/rrr_robot_interfaces/srv/detail/rrr_mode__type_support.h
[4.014s] -- Installing: /home/waritt/robotsim_ws/install/rrr_robot_interfaces/include/rrr_robot_interfaces/rrr_robot_interfaces/srv/detail/rrr_target_pub__functions.h
[4.014s] -- Installing: /home/waritt/robotsim_ws/install/rrr_robot_interfaces/include/rrr_robot_interfaces/rrr_robot_interfaces/srv/detail/rrr_target_pub__type_support.h
[4.014s] -- Installing: /home/waritt/robotsim_ws/install/rrr_robot_interfaces/include/rrr_robot_interfaces/rrr_robot_interfaces/srv/detail/rrr_mode__struct.h
[4.014s] -- Installing: /home/waritt/robotsim_ws/install/rrr_robot_interfaces/include/rrr_robot_interfaces/rrr_robot_interfaces/srv/detail/rrr_invert_kinematics__struct.h
[4.014s] -- Installing: /home/waritt/robotsim_ws/install/rrr_robot_interfaces/include/rrr_robot_interfaces/rrr_robot_interfaces/srv/detail/rrr_teleop__type_support.h
[4.014s] -- Installing: /home/waritt/robotsim_ws/install/rrr_robot_interfaces/include/rrr_robot_interfaces/rrr_robot_interfaces/srv/detail/rrripk__functions.h
[4.014s] -- Installing: /home/waritt/robotsim_ws/install/rrr_robot_interfaces/include/rrr_robot_interfaces/rrr_robot_interfaces/srv/detail/rrr_target_pub__functions.c
[4.014s] -- Installing: /home/waritt/robotsim_ws/install/rrr_robot_interfaces/include/rrr_robot_interfaces/rrr_robot_interfaces/srv/detail/rrripk__functions.c
[4.014s] -- Installing: /home/waritt/robotsim_ws/install/rrr_robot_interfaces/include/rrr_robot_interfaces/rrr_robot_interfaces/srv/detail/rrripk__type_support.h
[4.014s] -- Installing: /home/waritt/robotsim_ws/install/rrr_robot_interfaces/include/rrr_robot_interfaces/rrr_robot_interfaces/srv/detail/rrr_invert_kinematics__functions.h
[4.014s] -- Installing: /home/waritt/robotsim_ws/install/rrr_robot_interfaces/include/rrr_robot_interfaces/rrr_robot_interfaces/srv/detail/rrr_mode__functions.c
[4.014s] -- Installing: /home/waritt/robotsim_ws/install/rrr_robot_interfaces/include/rrr_robot_interfaces/rrr_robot_interfaces/srv/detail/rrr_random_target__type_support.h
[4.014s] -- Installing: /home/waritt/robotsim_ws/install/rrr_robot_interfaces/include/rrr_robot_interfaces/rrr_robot_interfaces/srv/detail/rrr_random_target__struct.h
[4.014s] -- Installing: /home/waritt/robotsim_ws/install/rrr_robot_interfaces/include/rrr_robot_interfaces/rrr_robot_interfaces/srv/detail/rrripk__struct.h
[4.014s] -- Installing: /home/waritt/robotsim_ws/install/rrr_robot_interfaces/include/rrr_robot_interfaces/rrr_robot_interfaces/srv/detail/rrr_random_target__functions.h
[4.015s] -- Installing: /home/waritt/robotsim_ws/install/rrr_robot_interfaces/include/rrr_robot_interfaces/rrr_robot_interfaces/srv/detail/rrr_target_pub__struct.h
[4.015s] -- Installing: /home/waritt/robotsim_ws/install/rrr_robot_interfaces/include/rrr_robot_interfaces/rrr_robot_interfaces/srv/detail/rrr_teleop__functions.c
[4.015s] -- Installing: /home/waritt/robotsim_ws/install/rrr_robot_interfaces/include/rrr_robot_interfaces/rrr_robot_interfaces/srv/detail/rrr_random_target__functions.c
[4.015s] -- Installing: /home/waritt/robotsim_ws/install/rrr_robot_interfaces/include/rrr_robot_interfaces/rrr_robot_interfaces/srv/detail/rrr_invert_kinematics__functions.c
[4.015s] -- Installing: /home/waritt/robotsim_ws/install/rrr_robot_interfaces/include/rrr_robot_interfaces/rrr_robot_interfaces/srv/detail/rrr_teleop__struct.h
[4.015s] -- Installing: /home/waritt/robotsim_ws/install/rrr_robot_interfaces/include/rrr_robot_interfaces/rrr_robot_interfaces/srv/detail/rrr_mode__functions.h
[4.015s] -- Installing: /home/waritt/robotsim_ws/install/rrr_robot_interfaces/include/rrr_robot_interfaces/rrr_robot_interfaces/srv/detail/rrr_invert_kinematics__type_support.h
[4.015s] -- Installing: /home/waritt/robotsim_ws/install/rrr_robot_interfaces/include/rrr_robot_interfaces/rrr_robot_interfaces/srv/rrr_teleop.h
[4.015s] -- Up-to-date: /home/waritt/robotsim_ws/install/rrr_robot_interfaces/share/rrr_robot_interfaces/environment/library_path.sh
[4.015s] -- Installing: /home/waritt/robotsim_ws/install/rrr_robot_interfaces/share/rrr_robot_interfaces/environment/library_path.dsv
[4.015s] -- Installing: /home/waritt/robotsim_ws/install/rrr_robot_interfaces/lib/librrr_robot_interfaces__rosidl_generator_c.so
[4.016s] -- Set runtime path of "/home/waritt/robotsim_ws/install/rrr_robot_interfaces/lib/librrr_robot_interfaces__rosidl_generator_c.so" to ""
[4.016s] -- Up-to-date: /home/waritt/robotsim_ws/install/rrr_robot_interfaces/include/rrr_robot_interfaces/rrr_robot_interfaces
[4.016s] -- Up-to-date: /home/waritt/robotsim_ws/install/rrr_robot_interfaces/include/rrr_robot_interfaces/rrr_robot_interfaces/msg
[4.016s] -- Up-to-date: /home/waritt/robotsim_ws/install/rrr_robot_interfaces/include/rrr_robot_interfaces/rrr_robot_interfaces/msg/rosidl_typesupport_fastrtps_c__visibility_control.h
[4.016s] -- Up-to-date: /home/waritt/robotsim_ws/install/rrr_robot_interfaces/include/rrr_robot_interfaces/rrr_robot_interfaces/srv
[4.016s] -- Up-to-date: /home/waritt/robotsim_ws/install/rrr_robot_interfaces/include/rrr_robot_interfaces/rrr_robot_interfaces/srv/detail
[4.016s] -- Installing: /home/waritt/robotsim_ws/install/rrr_robot_interfaces/include/rrr_robot_interfaces/rrr_robot_interfaces/srv/detail/rrr_random_target__rosidl_typesupport_fastrtps_c.h
[4.016s] -- Installing: /home/waritt/robotsim_ws/install/rrr_robot_interfaces/include/rrr_robot_interfaces/rrr_robot_interfaces/srv/detail/rrr_teleop__rosidl_typesupport_fastrtps_c.h
[4.016s] -- Installing: /home/waritt/robotsim_ws/install/rrr_robot_interfaces/include/rrr_robot_interfaces/rrr_robot_interfaces/srv/detail/rrr_invert_kinematics__rosidl_typesupport_fastrtps_c.h
[4.016s] -- Installing: /home/waritt/robotsim_ws/install/rrr_robot_interfaces/include/rrr_robot_interfaces/rrr_robot_interfaces/srv/detail/rrripk__rosidl_typesupport_fastrtps_c.h
[4.016s] -- Installing: /home/waritt/robotsim_ws/install/rrr_robot_interfaces/include/rrr_robot_interfaces/rrr_robot_interfaces/srv/detail/rrr_mode__rosidl_typesupport_fastrtps_c.h
[4.016s] -- Installing: /home/waritt/robotsim_ws/install/rrr_robot_interfaces/include/rrr_robot_interfaces/rrr_robot_interfaces/srv/detail/rrr_target_pub__rosidl_typesupport_fastrtps_c.h
[4.016s] -- Installing: /home/waritt/robotsim_ws/install/rrr_robot_interfaces/lib/librrr_robot_interfaces__rosidl_typesupport_fastrtps_c.so
[4.016s] -- Set runtime path of "/home/waritt/robotsim_ws/install/rrr_robot_interfaces/lib/librrr_robot_interfaces__rosidl_typesupport_fastrtps_c.so" to ""
[4.016s] -- Up-to-date: /home/waritt/robotsim_ws/install/rrr_robot_interfaces/include/rrr_robot_interfaces/rrr_robot_interfaces
[4.016s] -- Up-to-date: /home/waritt/robotsim_ws/install/rrr_robot_interfaces/include/rrr_robot_interfaces/rrr_robot_interfaces/srv
[4.017s] -- Installing: /home/waritt/robotsim_ws/install/rrr_robot_interfaces/include/rrr_robot_interfaces/rrr_robot_interfaces/srv/rrripk.hpp
[4.017s] -- Installing: /home/waritt/robotsim_ws/install/rrr_robot_interfaces/include/rrr_robot_interfaces/rrr_robot_interfaces/srv/rrr_teleop.hpp
[4.017s] -- Installing: /home/waritt/robotsim_ws/install/rrr_robot_interfaces/include/rrr_robot_interfaces/rrr_robot_interfaces/srv/rrr_target_pub.hpp
[4.017s] -- Installing: /home/waritt/robotsim_ws/install/rrr_robot_interfaces/include/rrr_robot_interfaces/rrr_robot_interfaces/srv/rrr_random_target.hpp
[4.017s] -- Installing: /home/waritt/robotsim_ws/install/rrr_robot_interfaces/include/rrr_robot_interfaces/rrr_robot_interfaces/srv/rrr_invert_kinematics.hpp
[4.017s] -- Up-to-date: /home/waritt/robotsim_ws/install/rrr_robot_interfaces/include/rrr_robot_interfaces/rrr_robot_interfaces/srv/detail
[4.017s] -- Installing: /home/waritt/robotsim_ws/install/rrr_robot_interfaces/include/rrr_robot_interfaces/rrr_robot_interfaces/srv/detail/rrripk__struct.hpp
[4.017s] -- Installing: /home/waritt/robotsim_ws/install/rrr_robot_interfaces/include/rrr_robot_interfaces/rrr_robot_interfaces/srv/detail/rrr_random_target__struct.hpp
[4.017s] -- Installing: /home/waritt/robotsim_ws/install/rrr_robot_interfaces/include/rrr_robot_interfaces/rrr_robot_interfaces/srv/detail/rrr_random_target__traits.hpp
[4.017s] -- Installing: /home/waritt/robotsim_ws/install/rrr_robot_interfaces/include/rrr_robot_interfaces/rrr_robot_interfaces/srv/detail/rrr_target_pub__struct.hpp
[4.017s] -- Installing: /home/waritt/robotsim_ws/install/rrr_robot_interfaces/include/rrr_robot_interfaces/rrr_robot_interfaces/srv/detail/rrripk__builder.hpp
[4.017s] -- Installing: /home/waritt/robotsim_ws/install/rrr_robot_interfaces/include/rrr_robot_interfaces/rrr_robot_interfaces/srv/detail/rrr_target_pub__traits.hpp
[4.017s] -- Installing: /home/waritt/robotsim_ws/install/rrr_robot_interfaces/include/rrr_robot_interfaces/rrr_robot_interfaces/srv/detail/rrripk__traits.hpp
[4.017s] -- Installing: /home/waritt/robotsim_ws/install/rrr_robot_interfaces/include/rrr_robot_interfaces/rrr_robot_interfaces/srv/detail/rrr_target_pub__builder.hpp
[4.017s] -- Installing: /home/waritt/robotsim_ws/install/rrr_robot_interfaces/include/rrr_robot_interfaces/rrr_robot_interfaces/srv/detail/rrr_random_target__builder.hpp
[4.017s] -- Installing: /home/waritt/robotsim_ws/install/rrr_robot_interfaces/include/rrr_robot_interfaces/rrr_robot_interfaces/srv/detail/rrr_invert_kinematics__traits.hpp
[4.017s] -- Installing: /home/waritt/robotsim_ws/install/rrr_robot_interfaces/include/rrr_robot_interfaces/rrr_robot_interfaces/srv/detail/rrr_teleop__struct.hpp
[4.018s] -- Installing: /home/waritt/robotsim_ws/install/rrr_robot_interfaces/include/rrr_robot_interfaces/rrr_robot_interfaces/srv/detail/rrr_teleop__builder.hpp
[4.018s] -- Installing: /home/waritt/robotsim_ws/install/rrr_robot_interfaces/include/rrr_robot_interfaces/rrr_robot_interfaces/srv/detail/rrr_invert_kinematics__builder.hpp
[4.018s] -- Installing: /home/waritt/robotsim_ws/install/rrr_robot_interfaces/include/rrr_robot_interfaces/rrr_robot_interfaces/srv/detail/rrr_invert_kinematics__struct.hpp
[4.018s] -- Installing: /home/waritt/robotsim_ws/install/rrr_robot_interfaces/include/rrr_robot_interfaces/rrr_robot_interfaces/srv/detail/rrr_mode__builder.hpp
[4.018s] -- Installing: /home/waritt/robotsim_ws/install/rrr_robot_interfaces/include/rrr_robot_interfaces/rrr_robot_interfaces/srv/detail/rrr_mode__struct.hpp
[4.018s] -- Installing: /home/waritt/robotsim_ws/install/rrr_robot_interfaces/include/rrr_robot_interfaces/rrr_robot_interfaces/srv/detail/rrr_mode__traits.hpp
[4.018s] -- Installing: /home/waritt/robotsim_ws/install/rrr_robot_interfaces/include/rrr_robot_interfaces/rrr_robot_interfaces/srv/detail/rrr_teleop__traits.hpp
[4.018s] -- Installing: /home/waritt/robotsim_ws/install/rrr_robot_interfaces/include/rrr_robot_interfaces/rrr_robot_interfaces/srv/rrr_mode.hpp
[4.018s] -- Up-to-date: /home/waritt/robotsim_ws/install/rrr_robot_interfaces/include/rrr_robot_interfaces/rrr_robot_interfaces
[4.018s] -- Up-to-date: /home/waritt/robotsim_ws/install/rrr_robot_interfaces/include/rrr_robot_interfaces/rrr_robot_interfaces/msg
[4.018s] -- Up-to-date: /home/waritt/robotsim_ws/install/rrr_robot_interfaces/include/rrr_robot_interfaces/rrr_robot_interfaces/msg/rosidl_typesupport_fastrtps_cpp__visibility_control.h
[4.018s] -- Up-to-date: /home/waritt/robotsim_ws/install/rrr_robot_interfaces/include/rrr_robot_interfaces/rrr_robot_interfaces/srv
[4.018s] -- Up-to-date: /home/waritt/robotsim_ws/install/rrr_robot_interfaces/include/rrr_robot_interfaces/rrr_robot_interfaces/srv/detail
[4.018s] -- Installing: /home/waritt/robotsim_ws/install/rrr_robot_interfaces/include/rrr_robot_interfaces/rrr_robot_interfaces/srv/detail/rrr_target_pub__rosidl_typesupport_fastrtps_cpp.hpp
[4.018s] -- Installing: /home/waritt/robotsim_ws/install/rrr_robot_interfaces/include/rrr_robot_interfaces/rrr_robot_interfaces/srv/detail/rrr_invert_kinematics__rosidl_typesupport_fastrtps_cpp.hpp
[4.018s] -- Installing: /home/waritt/robotsim_ws/install/rrr_robot_interfaces/include/rrr_robot_interfaces/rrr_robot_interfaces/srv/detail/rrripk__rosidl_typesupport_fastrtps_cpp.hpp
[4.018s] -- Installing: /home/waritt/robotsim_ws/install/rrr_robot_interfaces/include/rrr_robot_interfaces/rrr_robot_interfaces/srv/detail/rrr_teleop__rosidl_typesupport_fastrtps_cpp.hpp
[4.018s] -- Up-to-date: /home/waritt/robotsim_ws/install/rrr_robot_interfaces/include/rrr_robot_interfaces/rrr_robot_interfaces/srv/detail/dds_fastrtps
[4.019s] -- Installing: /home/waritt/robotsim_ws/install/rrr_robot_interfaces/include/rrr_robot_interfaces/rrr_robot_interfaces/srv/detail/rrr_random_target__rosidl_typesupport_fastrtps_cpp.hpp
[4.019s] -- Installing: /home/waritt/robotsim_ws/install/rrr_robot_interfaces/include/rrr_robot_interfaces/rrr_robot_interfaces/srv/detail/rrr_mode__rosidl_typesupport_fastrtps_cpp.hpp
[4.019s] -- Installing: /home/waritt/robotsim_ws/install/rrr_robot_interfaces/lib/librrr_robot_interfaces__rosidl_typesupport_fastrtps_cpp.so
[4.019s] -- Set runtime path of "/home/waritt/robotsim_ws/install/rrr_robot_interfaces/lib/librrr_robot_interfaces__rosidl_typesupport_fastrtps_cpp.so" to ""
[4.019s] -- Up-to-date: /home/waritt/robotsim_ws/install/rrr_robot_interfaces/include/rrr_robot_interfaces/rrr_robot_interfaces
[4.019s] -- Up-to-date: /home/waritt/robotsim_ws/install/rrr_robot_interfaces/include/rrr_robot_interfaces/rrr_robot_interfaces/msg
[4.019s] -- Up-to-date: /home/waritt/robotsim_ws/install/rrr_robot_interfaces/include/rrr_robot_interfaces/rrr_robot_interfaces/msg/rosidl_typesupport_introspection_c__visibility_control.h
[4.019s] -- Up-to-date: /home/waritt/robotsim_ws/install/rrr_robot_interfaces/include/rrr_robot_interfaces/rrr_robot_interfaces/srv
[4.019s] -- Up-to-date: /home/waritt/robotsim_ws/install/rrr_robot_interfaces/include/rrr_robot_interfaces/rrr_robot_interfaces/srv/detail
[4.019s] -- Installing: /home/waritt/robotsim_ws/install/rrr_robot_interfaces/include/rrr_robot_interfaces/rrr_robot_interfaces/srv/detail/rrr_random_target__rosidl_typesupport_introspection_c.h
[4.019s] -- Installing: /home/waritt/robotsim_ws/install/rrr_robot_interfaces/include/rrr_robot_interfaces/rrr_robot_interfaces/srv/detail/rrr_random_target__type_support.c
[4.019s] -- Installing: /home/waritt/robotsim_ws/install/rrr_robot_interfaces/include/rrr_robot_interfaces/rrr_robot_interfaces/srv/detail/rrr_target_pub__type_support.c
[4.019s] -- Installing: /home/waritt/robotsim_ws/install/rrr_robot_interfaces/include/rrr_robot_interfaces/rrr_robot_interfaces/srv/detail/rrr_target_pub__rosidl_typesupport_introspection_c.h
[4.019s] -- Installing: /home/waritt/robotsim_ws/install/rrr_robot_interfaces/include/rrr_robot_interfaces/rrr_robot_interfaces/srv/detail/rrr_invert_kinematics__type_support.c
[4.019s] -- Installing: /home/waritt/robotsim_ws/install/rrr_robot_interfaces/include/rrr_robot_interfaces/rrr_robot_interfaces/srv/detail/rrr_mode__type_support.c
[4.020s] -- Installing: /home/waritt/robotsim_ws/install/rrr_robot_interfaces/include/rrr_robot_interfaces/rrr_robot_interfaces/srv/detail/rrr_teleop__type_support.c
[4.020s] -- Installing: /home/waritt/robotsim_ws/install/rrr_robot_interfaces/include/rrr_robot_interfaces/rrr_robot_interfaces/srv/detail/rrripk__rosidl_typesupport_introspection_c.h
[4.020s] -- Installing: /home/waritt/robotsim_ws/install/rrr_robot_interfaces/include/rrr_robot_interfaces/rrr_robot_interfaces/srv/detail/rrr_teleop__rosidl_typesupport_introspection_c.h
[4.020s] -- Installing: /home/waritt/robotsim_ws/install/rrr_robot_interfaces/include/rrr_robot_interfaces/rrr_robot_interfaces/srv/detail/rrr_mode__rosidl_typesupport_introspection_c.h
[4.020s] -- Installing: /home/waritt/robotsim_ws/install/rrr_robot_interfaces/include/rrr_robot_interfaces/rrr_robot_interfaces/srv/detail/rrr_invert_kinematics__rosidl_typesupport_introspection_c.h
[4.020s] -- Installing: /home/waritt/robotsim_ws/install/rrr_robot_interfaces/include/rrr_robot_interfaces/rrr_robot_interfaces/srv/detail/rrripk__type_support.c
[4.020s] -- Installing: /home/waritt/robotsim_ws/install/rrr_robot_interfaces/lib/librrr_robot_interfaces__rosidl_typesupport_introspection_c.so
[4.020s] -- Set runtime path of "/home/waritt/robotsim_ws/install/rrr_robot_interfaces/lib/librrr_robot_interfaces__rosidl_typesupport_introspection_c.so" to ""
[4.020s] -- Installing: /home/waritt/robotsim_ws/install/rrr_robot_interfaces/lib/librrr_robot_interfaces__rosidl_typesupport_c.so
[4.020s] -- Set runtime path of "/home/waritt/robotsim_ws/install/rrr_robot_interfaces/lib/librrr_robot_interfaces__rosidl_typesupport_c.so" to ""
[4.021s] -- Up-to-date: /home/waritt/robotsim_ws/install/rrr_robot_interfaces/include/rrr_robot_interfaces/rrr_robot_interfaces
[4.021s] -- Up-to-date: /home/waritt/robotsim_ws/install/rrr_robot_interfaces/include/rrr_robot_interfaces/rrr_robot_interfaces/srv
[4.021s] -- Up-to-date: /home/waritt/robotsim_ws/install/rrr_robot_interfaces/include/rrr_robot_interfaces/rrr_robot_interfaces/srv/detail
[4.021s] -- Installing: /home/waritt/robotsim_ws/install/rrr_robot_interfaces/include/rrr_robot_interfaces/rrr_robot_interfaces/srv/detail/rrripk__rosidl_typesupport_introspection_cpp.hpp
[4.021s] -- Installing: /home/waritt/robotsim_ws/install/rrr_robot_interfaces/include/rrr_robot_interfaces/rrr_robot_interfaces/srv/detail/rrr_teleop__rosidl_typesupport_introspection_cpp.hpp
[4.021s] -- Installing: /home/waritt/robotsim_ws/install/rrr_robot_interfaces/include/rrr_robot_interfaces/rrr_robot_interfaces/srv/detail/rrr_random_target__rosidl_typesupport_introspection_cpp.hpp
[4.021s] -- Installing: /home/waritt/robotsim_ws/install/rrr_robot_interfaces/include/rrr_robot_interfaces/rrr_robot_interfaces/srv/detail/rrr_teleop__type_support.cpp
[4.021s] -- Installing: /home/waritt/robotsim_ws/install/rrr_robot_interfaces/include/rrr_robot_interfaces/rrr_robot_interfaces/srv/detail/rrr_target_pub__rosidl_typesupport_introspection_cpp.hpp
[4.021s] -- Installing: /home/waritt/robotsim_ws/install/rrr_robot_interfaces/include/rrr_robot_interfaces/rrr_robot_interfaces/srv/detail/rrr_invert_kinematics__rosidl_typesupport_introspection_cpp.hpp
[4.021s] -- Installing: /home/waritt/robotsim_ws/install/rrr_robot_interfaces/include/rrr_robot_interfaces/rrr_robot_interfaces/srv/detail/rrr_random_target__type_support.cpp
[4.021s] -- Installing: /home/waritt/robotsim_ws/install/rrr_robot_interfaces/include/rrr_robot_interfaces/rrr_robot_interfaces/srv/detail/rrripk__type_support.cpp
[4.021s] -- Installing: /home/waritt/robotsim_ws/install/rrr_robot_interfaces/include/rrr_robot_interfaces/rrr_robot_interfaces/srv/detail/rrr_invert_kinematics__type_support.cpp
[4.021s] -- Installing: /home/waritt/robotsim_ws/install/rrr_robot_interfaces/include/rrr_robot_interfaces/rrr_robot_interfaces/srv/detail/rrr_mode__type_support.cpp
[4.021s] -- Installing: /home/waritt/robotsim_ws/install/rrr_robot_interfaces/include/rrr_robot_interfaces/rrr_robot_interfaces/srv/detail/rrr_target_pub__type_support.cpp
[4.021s] -- Installing: /home/waritt/robotsim_ws/install/rrr_robot_interfaces/include/rrr_robot_interfaces/rrr_robot_interfaces/srv/detail/rrr_mode__rosidl_typesupport_introspection_cpp.hpp
[4.021s] -- Installing: /home/waritt/robotsim_ws/install/rrr_robot_interfaces/lib/librrr_robot_interfaces__rosidl_typesupport_introspection_cpp.so
[4.022s] -- Set runtime path of "/home/waritt/robotsim_ws/install/rrr_robot_interfaces/lib/librrr_robot_interfaces__rosidl_typesupport_introspection_cpp.so" to ""
[4.022s] -- Installing: /home/waritt/robotsim_ws/install/rrr_robot_interfaces/lib/librrr_robot_interfaces__rosidl_typesupport_cpp.so
[4.022s] -- Set runtime path of "/home/waritt/robotsim_ws/install/rrr_robot_interfaces/lib/librrr_robot_interfaces__rosidl_typesupport_cpp.so" to ""
[4.022s] -- Up-to-date: /home/waritt/robotsim_ws/install/rrr_robot_interfaces/share/rrr_robot_interfaces/environment/pythonpath.sh
[4.022s] -- Installing: /home/waritt/robotsim_ws/install/rrr_robot_interfaces/share/rrr_robot_interfaces/environment/pythonpath.dsv
[4.022s] -- Up-to-date: /home/waritt/robotsim_ws/install/rrr_robot_interfaces/local/lib/python3.10/dist-packages/rrr_robot_interfaces-0.0.0-py3.10.egg-info
[4.022s] -- Installing: /home/waritt/robotsim_ws/install/rrr_robot_interfaces/local/lib/python3.10/dist-packages/rrr_robot_interfaces-0.0.0-py3.10.egg-info/SOURCES.txt
[4.022s] -- Installing: /home/waritt/robotsim_ws/install/rrr_robot_interfaces/local/lib/python3.10/dist-packages/rrr_robot_interfaces-0.0.0-py3.10.egg-info/top_level.txt
[4.022s] -- Installing: /home/waritt/robotsim_ws/install/rrr_robot_interfaces/local/lib/python3.10/dist-packages/rrr_robot_interfaces-0.0.0-py3.10.egg-info/PKG-INFO
[4.022s] -- Installing: /home/waritt/robotsim_ws/install/rrr_robot_interfaces/local/lib/python3.10/dist-packages/rrr_robot_interfaces-0.0.0-py3.10.egg-info/dependency_links.txt
[4.022s] -- Up-to-date: /home/waritt/robotsim_ws/install/rrr_robot_interfaces/local/lib/python3.10/dist-packages/rrr_robot_interfaces
[4.022s] -- Installing: /home/waritt/robotsim_ws/install/rrr_robot_interfaces/local/lib/python3.10/dist-packages/rrr_robot_interfaces/rrr_robot_interfaces_s__rosidl_typesupport_c.cpython-310-x86_64-linux-gnu.so
[4.022s] -- Installing: /home/waritt/robotsim_ws/install/rrr_robot_interfaces/local/lib/python3.10/dist-packages/rrr_robot_interfaces/__init__.py
[4.023s] -- Installing: /home/waritt/robotsim_ws/install/rrr_robot_interfaces/local/lib/python3.10/dist-packages/rrr_robot_interfaces/_rrr_robot_interfaces_s.ep.rosidl_typesupport_introspection_c.c
[4.023s] -- Installing: /home/waritt/robotsim_ws/install/rrr_robot_interfaces/local/lib/python3.10/dist-packages/rrr_robot_interfaces/rrr_robot_interfaces_s__rosidl_typesupport_introspection_c.cpython-310-x86_64-linux-gnu.so
[4.023s] -- Installing: /home/waritt/robotsim_ws/install/rrr_robot_interfaces/local/lib/python3.10/dist-packages/rrr_robot_interfaces/_rrr_robot_interfaces_s.ep.rosidl_typesupport_fastrtps_c.c
[4.023s] -- Installing: /home/waritt/robotsim_ws/install/rrr_robot_interfaces/local/lib/python3.10/dist-packages/rrr_robot_interfaces/rrr_robot_interfaces_s__rosidl_typesupport_fastrtps_c.cpython-310-x86_64-linux-gnu.so
[4.023s] -- Installing: /home/waritt/robotsim_ws/install/rrr_robot_interfaces/local/lib/python3.10/dist-packages/rrr_robot_interfaces/_rrr_robot_interfaces_s.ep.rosidl_typesupport_c.c
[4.023s] -- Installing: /home/waritt/robotsim_ws/install/rrr_robot_interfaces/local/lib/python3.10/dist-packages/rrr_robot_interfaces/librrr_robot_interfaces__rosidl_generator_py.so
[4.023s] -- Up-to-date: /home/waritt/robotsim_ws/install/rrr_robot_interfaces/local/lib/python3.10/dist-packages/rrr_robot_interfaces/srv
[4.023s] -- Installing: /home/waritt/robotsim_ws/install/rrr_robot_interfaces/local/lib/python3.10/dist-packages/rrr_robot_interfaces/srv/__init__.py
[4.023s] -- Installing: /home/waritt/robotsim_ws/install/rrr_robot_interfaces/local/lib/python3.10/dist-packages/rrr_robot_interfaces/srv/_rrr_teleop_s.c
[4.023s] -- Installing: /home/waritt/robotsim_ws/install/rrr_robot_interfaces/local/lib/python3.10/dist-packages/rrr_robot_interfaces/srv/_rrripk.py
[4.023s] -- Installing: /home/waritt/robotsim_ws/install/rrr_robot_interfaces/local/lib/python3.10/dist-packages/rrr_robot_interfaces/srv/_rrr_invert_kinematics.py
[4.023s] -- Installing: /home/waritt/robotsim_ws/install/rrr_robot_interfaces/local/lib/python3.10/dist-packages/rrr_robot_interfaces/srv/_rrr_mode.py
[4.024s] -- Installing: /home/waritt/robotsim_ws/install/rrr_robot_interfaces/local/lib/python3.10/dist-packages/rrr_robot_interfaces/srv/_rrr_target_pub_s.c
[4.024s] -- Installing: /home/waritt/robotsim_ws/install/rrr_robot_interfaces/local/lib/python3.10/dist-packages/rrr_robot_interfaces/srv/_rrr_invert_kinematics_s.c
[4.024s] -- Installing: /home/waritt/robotsim_ws/install/rrr_robot_interfaces/local/lib/python3.10/dist-packages/rrr_robot_interfaces/srv/_rrr_mode_s.c
[4.024s] -- Installing: /home/waritt/robotsim_ws/install/rrr_robot_interfaces/local/lib/python3.10/dist-packages/rrr_robot_interfaces/srv/_rrr_target_pub.py
[4.024s] -- Installing: /home/waritt/robotsim_ws/install/rrr_robot_interfaces/local/lib/python3.10/dist-packages/rrr_robot_interfaces/srv/_rrr_random_target_s.c
[4.024s] -- Installing: /home/waritt/robotsim_ws/install/rrr_robot_interfaces/local/lib/python3.10/dist-packages/rrr_robot_interfaces/srv/_rrr_random_target.py
[4.024s] -- Installing: /home/waritt/robotsim_ws/install/rrr_robot_interfaces/local/lib/python3.10/dist-packages/rrr_robot_interfaces/srv/_rrr_teleop.py
[4.024s] -- Installing: /home/waritt/robotsim_ws/install/rrr_robot_interfaces/local/lib/python3.10/dist-packages/rrr_robot_interfaces/srv/_rrripk_s.c
[4.055s] Listing '/home/waritt/robotsim_ws/install/rrr_robot_interfaces/local/lib/python3.10/dist-packages/rrr_robot_interfaces'...
[4.055s] Compiling '/home/waritt/robotsim_ws/install/rrr_robot_interfaces/local/lib/python3.10/dist-packages/rrr_robot_interfaces/__init__.py'...
[4.055s] Listing '/home/waritt/robotsim_ws/install/rrr_robot_interfaces/local/lib/python3.10/dist-packages/rrr_robot_interfaces/srv'...
[4.055s] Compiling '/home/waritt/robotsim_ws/install/rrr_robot_interfaces/local/lib/python3.10/dist-packages/rrr_robot_interfaces/srv/__init__.py'...
[4.055s] Compiling '/home/waritt/robotsim_ws/install/rrr_robot_interfaces/local/lib/python3.10/dist-packages/rrr_robot_interfaces/srv/_rrr_invert_kinematics.py'...
[4.055s] Compiling '/home/waritt/robotsim_ws/install/rrr_robot_interfaces/local/lib/python3.10/dist-packages/rrr_robot_interfaces/srv/_rrr_mode.py'...
[4.055s] Compiling '/home/waritt/robotsim_ws/install/rrr_robot_interfaces/local/lib/python3.10/dist-packages/rrr_robot_interfaces/srv/_rrr_random_target.py'...
[4.055s] Compiling '/home/waritt/robotsim_ws/install/rrr_robot_interfaces/local/lib/python3.10/dist-packages/rrr_robot_interfaces/srv/_rrr_target_pub.py'...
[4.055s] Compiling '/home/waritt/robotsim_ws/install/rrr_robot_interfaces/local/lib/python3.10/dist-packages/rrr_robot_interfaces/srv/_rrr_teleop.py'...
[4.055s] Compiling '/home/waritt/robotsim_ws/install/rrr_robot_interfaces/local/lib/python3.10/dist-packages/rrr_robot_interfaces/srv/_rrripk.py'...
[4.058s] -- Installing: /home/waritt/robotsim_ws/install/rrr_robot_interfaces/local/lib/python3.10/dist-packages/rrr_robot_interfaces/rrr_robot_interfaces_s__rosidl_typesupport_fastrtps_c.cpython-310-x86_64-linux-gnu.so
[4.058s] -- Set runtime path of "/home/waritt/robotsim_ws/install/rrr_robot_interfaces/local/lib/python3.10/dist-packages/rrr_robot_interfaces/rrr_robot_interfaces_s__rosidl_typesupport_fastrtps_c.cpython-310-x86_64-linux-gnu.so" to ""
[4.058s] -- Installing: /home/waritt/robotsim_ws/install/rrr_robot_interfaces/local/lib/python3.10/dist-packages/rrr_robot_interfaces/rrr_robot_interfaces_s__rosidl_typesupport_introspection_c.cpython-310-x86_64-linux-gnu.so
[4.058s] -- Set runtime path of "/home/waritt/robotsim_ws/install/rrr_robot_interfaces/local/lib/python3.10/dist-packages/rrr_robot_interfaces/rrr_robot_interfaces_s__rosidl_typesupport_introspection_c.cpython-310-x86_64-linux-gnu.so" to ""
[4.058s] -- Installing: /home/waritt/robotsim_ws/install/rrr_robot_interfaces/local/lib/python3.10/dist-packages/rrr_robot_interfaces/rrr_robot_interfaces_s__rosidl_typesupport_c.cpython-310-x86_64-linux-gnu.so
[4.058s] -- Set runtime path of "/home/waritt/robotsim_ws/install/rrr_robot_interfaces/local/lib/python3.10/dist-packages/rrr_robot_interfaces/rrr_robot_interfaces_s__rosidl_typesupport_c.cpython-310-x86_64-linux-gnu.so" to ""
[4.059s] -- Installing: /home/waritt/robotsim_ws/install/rrr_robot_interfaces/lib/librrr_robot_interfaces__rosidl_generator_py.so
[4.059s] -- Set runtime path of "/home/waritt/robotsim_ws/install/rrr_robot_interfaces/lib/librrr_robot_interfaces__rosidl_generator_py.so" to ""
[4.059s] -- Up-to-date: /home/waritt/robotsim_ws/install/rrr_robot_interfaces/share/rrr_robot_interfaces/srv/RRRMode.idl
[4.059s] -- Up-to-date: /home/waritt/robotsim_ws/install/rrr_robot_interfaces/share/rrr_robot_interfaces/srv/RRRIPK.idl
[4.059s] -- Up-to-date: /home/waritt/robotsim_ws/install/rrr_robot_interfaces/share/rrr_robot_interfaces/srv/RRRInvertKinematics.idl
[4.059s] -- Installing: /home/waritt/robotsim_ws/install/rrr_robot_interfaces/share/rrr_robot_interfaces/srv/RRRTargetPub.idl
[4.059s] -- Up-to-date: /home/waritt/robotsim_ws/install/rrr_robot_interfaces/share/rrr_robot_interfaces/srv/RRRRandomTarget.idl
[4.059s] -- Installing: /home/waritt/robotsim_ws/install/rrr_robot_interfaces/share/rrr_robot_interfaces/srv/RRRTeleop.idl
[4.059s] -- Up-to-date: /home/waritt/robotsim_ws/install/rrr_robot_interfaces/share/rrr_robot_interfaces/srv/RRRMode.srv
[4.059s] -- Up-to-date: /home/waritt/robotsim_ws/install/rrr_robot_interfaces/share/rrr_robot_interfaces/srv/RRRMode_Request.msg
[4.059s] -- Up-to-date: /home/waritt/robotsim_ws/install/rrr_robot_interfaces/share/rrr_robot_interfaces/srv/RRRMode_Response.msg
[4.059s] -- Up-to-date: /home/waritt/robotsim_ws/install/rrr_robot_interfaces/share/rrr_robot_interfaces/srv/RRRIPK.srv
[4.059s] -- Up-to-date: /home/waritt/robotsim_ws/install/rrr_robot_interfaces/share/rrr_robot_interfaces/srv/RRRIPK_Request.msg
[4.059s] -- Up-to-date: /home/waritt/robotsim_ws/install/rrr_robot_interfaces/share/rrr_robot_interfaces/srv/RRRIPK_Response.msg
[4.059s] -- Up-to-date: /home/waritt/robotsim_ws/install/rrr_robot_interfaces/share/rrr_robot_interfaces/srv/RRRInvertKinematics.srv
[4.059s] -- Up-to-date: /home/waritt/robotsim_ws/install/rrr_robot_interfaces/share/rrr_robot_interfaces/srv/RRRInvertKinematics_Request.msg
[4.059s] -- Up-to-date: /home/waritt/robotsim_ws/install/rrr_robot_interfaces/share/rrr_robot_interfaces/srv/RRRInvertKinematics_Response.msg
[4.060s] -- Installing: /home/waritt/robotsim_ws/install/rrr_robot_interfaces/share/rrr_robot_interfaces/srv/RRRTargetPub.srv
[4.060s] -- Installing: /home/waritt/robotsim_ws/install/rrr_robot_interfaces/share/rrr_robot_interfaces/srv/RRRTargetPub_Request.msg
[4.060s] -- Up-to-date: /home/waritt/robotsim_ws/install/rrr_robot_interfaces/share/rrr_robot_interfaces/srv/RRRTargetPub_Response.msg
[4.060s] -- Up-to-date: /home/waritt/robotsim_ws/install/rrr_robot_interfaces/share/rrr_robot_interfaces/srv/RRRRandomTarget.srv
[4.060s] -- Up-to-date: /home/waritt/robotsim_ws/install/rrr_robot_interfaces/share/rrr_robot_interfaces/srv/RRRRandomTarget_Request.msg
[4.060s] -- Up-to-date: /home/waritt/robotsim_ws/install/rrr_robot_interfaces/share/rrr_robot_interfaces/srv/RRRRandomTarget_Response.msg
[4.060s] -- Installing: /home/waritt/robotsim_ws/install/rrr_robot_interfaces/share/rrr_robot_interfaces/srv/RRRTeleop.srv
[4.060s] -- Installing: /home/waritt/robotsim_ws/install/rrr_robot_interfaces/share/rrr_robot_interfaces/srv/RRRTeleop_Request.msg
[4.060s] -- Up-to-date: /home/waritt/robotsim_ws/install/rrr_robot_interfaces/share/rrr_robot_interfaces/srv/RRRTeleop_Response.msg
[4.060s] -- Up-to-date: /home/waritt/robotsim_ws/install/rrr_robot_interfaces/share/ament_index/resource_index/package_run_dependencies/rrr_robot_interfaces
[4.060s] -- Up-to-date: /home/waritt/robotsim_ws/install/rrr_robot_interfaces/share/ament_index/resource_index/parent_prefix_path/rrr_robot_interfaces
[4.060s] -- Up-to-date: /home/waritt/robotsim_ws/install/rrr_robot_interfaces/share/rrr_robot_interfaces/environment/ament_prefix_path.sh
[4.060s] -- Installing: /home/waritt/robotsim_ws/install/rrr_robot_interfaces/share/rrr_robot_interfaces/environment/ament_prefix_path.dsv
[4.060s] -- Up-to-date: /home/waritt/robotsim_ws/install/rrr_robot_interfaces/share/rrr_robot_interfaces/environment/path.sh
[4.060s] -- Installing: /home/waritt/robotsim_ws/install/rrr_robot_interfaces/share/rrr_robot_interfaces/environment/path.dsv
[4.060s] -- Up-to-date: /home/waritt/robotsim_ws/install/rrr_robot_interfaces/share/rrr_robot_interfaces/local_setup.bash
[4.060s] -- Up-to-date: /home/waritt/robotsim_ws/install/rrr_robot_interfaces/share/rrr_robot_interfaces/local_setup.sh
[4.060s] -- Up-to-date: /home/waritt/robotsim_ws/install/rrr_robot_interfaces/share/rrr_robot_interfaces/local_setup.zsh
[4.060s] -- Installing: /home/waritt/robotsim_ws/install/rrr_robot_interfaces/share/rrr_robot_interfaces/local_setup.dsv
[4.060s] -- Installing: /home/waritt/robotsim_ws/install/rrr_robot_interfaces/share/rrr_robot_interfaces/package.dsv
[4.060s] -- Up-to-date: /home/waritt/robotsim_ws/install/rrr_robot_interfaces/share/ament_index/resource_index/packages/rrr_robot_interfaces
[4.060s] -- Up-to-date: /home/waritt/robotsim_ws/install/rrr_robot_interfaces/share/rrr_robot_interfaces/cmake/export_rrr_robot_interfaces__rosidl_generator_cExport.cmake
[4.060s] -- Up-to-date: /home/waritt/robotsim_ws/install/rrr_robot_interfaces/share/rrr_robot_interfaces/cmake/export_rrr_robot_interfaces__rosidl_generator_cExport-noconfig.cmake
[4.060s] -- Up-to-date: /home/waritt/robotsim_ws/install/rrr_robot_interfaces/share/rrr_robot_interfaces/cmake/export_rrr_robot_interfaces__rosidl_typesupport_fastrtps_cExport.cmake
[4.060s] -- Up-to-date: /home/waritt/robotsim_ws/install/rrr_robot_interfaces/share/rrr_robot_interfaces/cmake/export_rrr_robot_interfaces__rosidl_typesupport_fastrtps_cExport-noconfig.cmake
[4.061s] -- Up-to-date: /home/waritt/robotsim_ws/install/rrr_robot_interfaces/share/rrr_robot_interfaces/cmake/export_rrr_robot_interfaces__rosidl_generator_cppExport.cmake
[4.061s] -- Up-to-date: /home/waritt/robotsim_ws/install/rrr_robot_interfaces/share/rrr_robot_interfaces/cmake/export_rrr_robot_interfaces__rosidl_typesupport_fastrtps_cppExport.cmake
[4.061s] -- Up-to-date: /home/waritt/robotsim_ws/install/rrr_robot_interfaces/share/rrr_robot_interfaces/cmake/export_rrr_robot_interfaces__rosidl_typesupport_fastrtps_cppExport-noconfig.cmake
[4.061s] -- Up-to-date: /home/waritt/robotsim_ws/install/rrr_robot_interfaces/share/rrr_robot_interfaces/cmake/rrr_robot_interfaces__rosidl_typesupport_introspection_cExport.cmake
[4.061s] -- Up-to-date: /home/waritt/robotsim_ws/install/rrr_robot_interfaces/share/rrr_robot_interfaces/cmake/rrr_robot_interfaces__rosidl_typesupport_introspection_cExport-noconfig.cmake
[4.061s] -- Up-to-date: /home/waritt/robotsim_ws/install/rrr_robot_interfaces/share/rrr_robot_interfaces/cmake/rrr_robot_interfaces__rosidl_typesupport_cExport.cmake
[4.061s] -- Up-to-date: /home/waritt/robotsim_ws/install/rrr_robot_interfaces/share/rrr_robot_interfaces/cmake/rrr_robot_interfaces__rosidl_typesupport_cExport-noconfig.cmake
[4.061s] -- Up-to-date: /home/waritt/robotsim_ws/install/rrr_robot_interfaces/share/rrr_robot_interfaces/cmake/rrr_robot_interfaces__rosidl_typesupport_introspection_cppExport.cmake
[4.061s] -- Up-to-date: /home/waritt/robotsim_ws/install/rrr_robot_interfaces/share/rrr_robot_interfaces/cmake/rrr_robot_interfaces__rosidl_typesupport_introspection_cppExport-noconfig.cmake
[4.061s] -- Up-to-date: /home/waritt/robotsim_ws/install/rrr_robot_interfaces/share/rrr_robot_interfaces/cmake/rrr_robot_interfaces__rosidl_typesupport_cppExport.cmake
[4.061s] -- Up-to-date: /home/waritt/robotsim_ws/install/rrr_robot_interfaces/share/rrr_robot_interfaces/cmake/rrr_robot_interfaces__rosidl_typesupport_cppExport-noconfig.cmake
[4.061s] -- Up-to-date: /home/waritt/robotsim_ws/install/rrr_robot_interfaces/share/rrr_robot_interfaces/cmake/export_rrr_robot_interfaces__rosidl_generator_pyExport.cmake
[4.061s] -- Up-to-date: /home/waritt/robotsim_ws/install/rrr_robot_interfaces/share/rrr_robot_interfaces/cmake/export_rrr_robot_interfaces__rosidl_generator_pyExport-noconfig.cmake
[4.061s] -- Up-to-date: /home/waritt/robotsim_ws/install/rrr_robot_interfaces/share/rrr_robot_interfaces/cmake/rosidl_cmake-extras.cmake
[4.061s] -- Up-to-date: /home/waritt/robotsim_ws/install/rrr_robot_interfaces/share/rrr_robot_interfaces/cmake/ament_cmake_export_dependencies-extras.cmake
[4.061s] -- Up-to-date: /home/waritt/robotsim_ws/install/rrr_robot_interfaces/share/rrr_robot_interfaces/cmake/ament_cmake_export_include_directories-extras.cmake
[4.061s] -- Up-to-date: /home/waritt/robotsim_ws/install/rrr_robot_interfaces/share/rrr_robot_interfaces/cmake/ament_cmake_export_libraries-extras.cmake
[4.061s] -- Up-to-date: /home/waritt/robotsim_ws/install/rrr_robot_interfaces/share/rrr_robot_interfaces/cmake/ament_cmake_export_targets-extras.cmake
[4.061s] -- Up-to-date: /home/waritt/robotsim_ws/install/rrr_robot_interfaces/share/rrr_robot_interfaces/cmake/rosidl_cmake_export_typesupport_targets-extras.cmake
[4.061s] -- Up-to-date: /home/waritt/robotsim_ws/install/rrr_robot_interfaces/share/rrr_robot_interfaces/cmake/rosidl_cmake_export_typesupport_libraries-extras.cmake
[4.061s] -- Up-to-date: /home/waritt/robotsim_ws/install/rrr_robot_interfaces/share/rrr_robot_interfaces/cmake/rrr_robot_interfacesConfig.cmake
[4.061s] -- Up-to-date: /home/waritt/robotsim_ws/install/rrr_robot_interfaces/share/rrr_robot_interfaces/cmake/rrr_robot_interfacesConfig-version.cmake
[4.061s] -- Up-to-date: /home/waritt/robotsim_ws/install/rrr_robot_interfaces/share/rrr_robot_interfaces/package.xml
[4.063s] Invoked command in '/home/waritt/robotsim_ws/build/rrr_robot_interfaces' returned '0': CMAKE_PREFIX_PATH=${CMAKE_PREFIX_PATH}:/opt/ros/humble /usr/bin/cmake --install /home/waritt/robotsim_ws/build/rrr_robot_interfaces
