[0.009s] Invoking command in '/home/waritt/robotsim_ws/build/rrr_robot': CMAKE_PREFIX_PATH=${CMAKE_PREFIX_PATH}:/opt/ros/humble /usr/bin/cmake /home/waritt/robotsim_ws/src/rrr_robot -DCMAKE_INSTALL_PREFIX=/home/waritt/robotsim_ws/install/rrr_robot
[0.043s] -- The C compiler identification is GNU 11.4.0
[0.077s] -- The CXX compiler identification is GNU 11.4.0
[0.081s] -- Detecting C compiler ABI info
[0.123s] -- Detecting C compiler ABI info - done
[0.128s] -- Check for working C compiler: /usr/bin/cc - skipped
[0.128s] -- Detecting C compile features
[0.128s] -- Detecting C compile features - done
[0.130s] -- Detecting CXX compiler ABI info
[0.181s] -- Detecting CXX compiler ABI info - done
[0.185s] -- Check for working CXX compiler: /usr/bin/c++ - skipped
[0.186s] -- Detecting CXX compile features
[0.186s] -- Detecting CXX compile features - done
[0.188s] -- Found ament_cmake: 1.3.10 (/opt/ros/humble/share/ament_cmake/cmake)
[0.298s] -- Found Python3: /usr/bin/python3 (found version "3.10.12") found components: Interpreter 
[0.366s] -- Found rclcpp: 16.0.10 (/opt/ros/humble/share/rclcpp/cmake)
[0.395s] -- Found rosidl_generator_c: 3.1.5 (/opt/ros/humble/share/rosidl_generator_c/cmake)
[0.399s] -- Found rosidl_adapter: 3.1.5 (/opt/ros/humble/share/rosidl_adapter/cmake)
[0.404s] -- Found rosidl_generator_cpp: 3.1.5 (/opt/ros/humble/share/rosidl_generator_cpp/cmake)
[0.412s] -- Using all available rosidl_typesupport_c: rosidl_typesupport_fastrtps_c;rosidl_typesupport_introspection_c
[0.423s] -- Using all available rosidl_typesupport_cpp: rosidl_typesupport_fastrtps_cpp;rosidl_typesupport_introspection_cpp
[0.454s] -- Found rmw_implementation_cmake: 6.1.2 (/opt/ros/humble/share/rmw_implementation_cmake/cmake)
[0.456s] -- Found rmw_fastrtps_cpp: 6.2.7 (/opt/ros/humble/share/rmw_fastrtps_cpp/cmake)
[0.514s] -- Found OpenSSL: /usr/lib/x86_64-linux-gnu/libcrypto.so (found version "3.0.2")  
[0.533s] -- Found FastRTPS: /opt/ros/humble/include  
[0.561s] -- Using RMW implementation 'rmw_fastrtps_cpp' as default
[0.568s] -- Looking for pthread.h
[0.616s] -- Looking for pthread.h - found
[0.616s] -- Performing Test CMAKE_HAVE_LIBC_PTHREAD
[0.665s] -- Performing Test CMAKE_HAVE_LIBC_PTHREAD - Success
[0.665s] -- Found Threads: TRUE  
[0.700s] -- Found rclpy: 3.3.14 (/opt/ros/humble/share/rclpy/cmake)
[0.812s] -- Configuring done
[0.818s] -- Generating done
[0.818s] -- Build files have been written to: /home/waritt/robotsim_ws/build/rrr_robot
[0.826s] Invoked command in '/home/waritt/robotsim_ws/build/rrr_robot' returned '0': CMAKE_PREFIX_PATH=${CMAKE_PREFIX_PATH}:/opt/ros/humble /usr/bin/cmake /home/waritt/robotsim_ws/src/rrr_robot -DCMAKE_INSTALL_PREFIX=/home/waritt/robotsim_ws/install/rrr_robot
[0.827s] Invoking command in '/home/waritt/robotsim_ws/build/rrr_robot': CMAKE_PREFIX_PATH=${CMAKE_PREFIX_PATH}:/opt/ros/humble /usr/bin/cmake --build /home/waritt/robotsim_ws/build/rrr_robot -- -j16 -l16
[0.859s] [ 50%] [32mBuilding CXX object CMakeFiles/cpp_node_test.dir/src/cpp_node.cpp.o[0m
[0.864s] [ 50%] Built target ament_cmake_python_copy_rrr_robot
[1.025s] running egg_info
[1.025s] creating rrr_robot.egg-info
[1.025s] writing rrr_robot.egg-info/PKG-INFO
[1.026s] writing dependency_links to rrr_robot.egg-info/dependency_links.txt
[1.026s] writing top-level names to rrr_robot.egg-info/top_level.txt
[1.026s] writing manifest file 'rrr_robot.egg-info/SOURCES.txt'
[1.027s] [100%] [32m[1mLinking CXX executable cpp_node_test[0m
[1.027s] reading manifest file 'rrr_robot.egg-info/SOURCES.txt'
[1.028s] writing manifest file 'rrr_robot.egg-info/SOURCES.txt'
[1.045s] [100%] Built target ament_cmake_python_build_rrr_robot_egg
[1.086s] [100%] Built target cpp_node_test
[1.093s] Invoked command in '/home/waritt/robotsim_ws/build/rrr_robot' returned '0': CMAKE_PREFIX_PATH=${CMAKE_PREFIX_PATH}:/opt/ros/humble /usr/bin/cmake --build /home/waritt/robotsim_ws/build/rrr_robot -- -j16 -l16
[1.115s] Invoking command in '/home/waritt/robotsim_ws/build/rrr_robot': CMAKE_PREFIX_PATH=${CMAKE_PREFIX_PATH}:/opt/ros/humble /usr/bin/cmake --install /home/waritt/robotsim_ws/build/rrr_robot
[1.120s] -- Install configuration: ""
[1.120s] -- Installing: /home/waritt/robotsim_ws/install/rrr_robot/share/rrr_robot/environment/pythonpath.sh
[1.120s] -- Installing: /home/waritt/robotsim_ws/install/rrr_robot/share/rrr_robot/environment/pythonpath.dsv
[1.120s] -- Installing: /home/waritt/robotsim_ws/install/rrr_robot/local/lib/python3.10/dist-packages/rrr_robot-0.0.0-py3.10.egg-info
[1.120s] -- Installing: /home/waritt/robotsim_ws/install/rrr_robot/local/lib/python3.10/dist-packages/rrr_robot-0.0.0-py3.10.egg-info/SOURCES.txt
[1.120s] -- Installing: /home/waritt/robotsim_ws/install/rrr_robot/local/lib/python3.10/dist-packages/rrr_robot-0.0.0-py3.10.egg-info/top_level.txt
[1.120s] -- Installing: /home/waritt/robotsim_ws/install/rrr_robot/local/lib/python3.10/dist-packages/rrr_robot-0.0.0-py3.10.egg-info/PKG-INFO
[1.120s] -- Installing: /home/waritt/robotsim_ws/install/rrr_robot/local/lib/python3.10/dist-packages/rrr_robot-0.0.0-py3.10.egg-info/dependency_links.txt
[1.120s] -- Installing: /home/waritt/robotsim_ws/install/rrr_robot/local/lib/python3.10/dist-packages/rrr_robot
[1.120s] -- Installing: /home/waritt/robotsim_ws/install/rrr_robot/local/lib/python3.10/dist-packages/rrr_robot/__init__.py
[1.120s] -- Installing: /home/waritt/robotsim_ws/install/rrr_robot/local/lib/python3.10/dist-packages/rrr_robot/dummy_module.py
[1.143s] Listing '/home/waritt/robotsim_ws/install/rrr_robot/local/lib/python3.10/dist-packages/rrr_robot'...
[1.143s] Compiling '/home/waritt/robotsim_ws/install/rrr_robot/local/lib/python3.10/dist-packages/rrr_robot/__init__.py'...
[1.143s] Compiling '/home/waritt/robotsim_ws/install/rrr_robot/local/lib/python3.10/dist-packages/rrr_robot/dummy_module.py'...
[1.146s] -- Installing: /home/waritt/robotsim_ws/install/rrr_robot/lib/rrr_robot/jointstate_script.py
[1.146s] -- Installing: /home/waritt/robotsim_ws/install/rrr_robot/lib/rrr_robot/controller.py
[1.146s] -- Installing: /home/waritt/robotsim_ws/install/rrr_robot/lib/rrr_robot/random_target.py
[1.146s] -- Installing: /home/waritt/robotsim_ws/install/rrr_robot/lib/rrr_robot/invert_kinematics.py
[1.146s] -- Installing: /home/waritt/robotsim_ws/install/rrr_robot/lib/rrr_robot/cpp_node_test
[1.146s] -- Set runtime path of "/home/waritt/robotsim_ws/install/rrr_robot/lib/rrr_robot/cpp_node_test" to ""
[1.146s] -- Installing: /home/waritt/robotsim_ws/install/rrr_robot/share/rrr_robot/config
[1.146s] -- Installing: /home/waritt/robotsim_ws/install/rrr_robot/share/rrr_robot/config/workspace_pos.npy
[1.157s] -- Installing: /home/waritt/robotsim_ws/install/rrr_robot/share/rrr_robot/config/display.rviz
[1.157s] -- Installing: /home/waritt/robotsim_ws/install/rrr_robot/share/rrr_robot/config/custom_display.rviz
[1.157s] -- Installing: /home/waritt/robotsim_ws/install/rrr_robot/share/rrr_robot/launch
[1.157s] -- Installing: /home/waritt/robotsim_ws/install/rrr_robot/share/rrr_robot/launch/fun.launch.py
[1.157s] -- Installing: /home/waritt/robotsim_ws/install/rrr_robot/share/rrr_robot/launch/simple_display.launch.py
[1.157s] -- Installing: /home/waritt/robotsim_ws/install/rrr_robot/share/rrr_robot/meshes
[1.157s] -- Installing: /home/waritt/robotsim_ws/install/rrr_robot/share/rrr_robot/meshes/link_1.stl
[1.157s] -- Installing: /home/waritt/robotsim_ws/install/rrr_robot/share/rrr_robot/meshes/link_3.stl
[1.157s] -- Installing: /home/waritt/robotsim_ws/install/rrr_robot/share/rrr_robot/meshes/link_0.stl
[1.157s] -- Installing: /home/waritt/robotsim_ws/install/rrr_robot/share/rrr_robot/meshes/end_effector.stl
[1.157s] -- Installing: /home/waritt/robotsim_ws/install/rrr_robot/share/rrr_robot/meshes/link_2.stl
[1.157s] -- Installing: /home/waritt/robotsim_ws/install/rrr_robot/share/rrr_robot/robot
[1.157s] -- Installing: /home/waritt/robotsim_ws/install/rrr_robot/share/rrr_robot/robot/visual
[1.157s] -- Installing: /home/waritt/robotsim_ws/install/rrr_robot/share/rrr_robot/robot/visual/my-robot.xacro
[1.157s] -- Installing: /home/waritt/robotsim_ws/install/rrr_robot/share/rrr_robot/robot/visual/01-myfirst.urdf
[1.157s] -- Installing: /home/waritt/robotsim_ws/install/rrr_robot/share/ament_index/resource_index/package_run_dependencies/rrr_robot
[1.158s] -- Installing: /home/waritt/robotsim_ws/install/rrr_robot/share/ament_index/resource_index/parent_prefix_path/rrr_robot
[1.158s] -- Installing: /home/waritt/robotsim_ws/install/rrr_robot/share/rrr_robot/environment/ament_prefix_path.sh
[1.158s] -- Installing: /home/waritt/robotsim_ws/install/rrr_robot/share/rrr_robot/environment/ament_prefix_path.dsv
[1.158s] -- Installing: /home/waritt/robotsim_ws/install/rrr_robot/share/rrr_robot/environment/path.sh
[1.158s] -- Installing: /home/waritt/robotsim_ws/install/rrr_robot/share/rrr_robot/environment/path.dsv
[1.158s] -- Installing: /home/waritt/robotsim_ws/install/rrr_robot/share/rrr_robot/local_setup.bash
[1.158s] -- Installing: /home/waritt/robotsim_ws/install/rrr_robot/share/rrr_robot/local_setup.sh
[1.158s] -- Installing: /home/waritt/robotsim_ws/install/rrr_robot/share/rrr_robot/local_setup.zsh
[1.158s] -- Installing: /home/waritt/robotsim_ws/install/rrr_robot/share/rrr_robot/local_setup.dsv
[1.158s] -- Installing: /home/waritt/robotsim_ws/install/rrr_robot/share/rrr_robot/package.dsv
[1.158s] -- Installing: /home/waritt/robotsim_ws/install/rrr_robot/share/ament_index/resource_index/packages/rrr_robot
[1.158s] -- Installing: /home/waritt/robotsim_ws/install/rrr_robot/share/rrr_robot/cmake/rrr_robotConfig.cmake
[1.158s] -- Installing: /home/waritt/robotsim_ws/install/rrr_robot/share/rrr_robot/cmake/rrr_robotConfig-version.cmake
[1.158s] -- Installing: /home/waritt/robotsim_ws/install/rrr_robot/share/rrr_robot/package.xml
[1.160s] Invoked command in '/home/waritt/robotsim_ws/build/rrr_robot' returned '0': CMAKE_PREFIX_PATH=${CMAKE_PREFIX_PATH}:/opt/ros/humble /usr/bin/cmake --install /home/waritt/robotsim_ws/build/rrr_robot
