[0.008s] Invoking command in '/home/waritt/robotsim_ws/build/rrr_robot_interfaces': CMAKE_PREFIX_PATH=${CMAKE_PREFIX_PATH}:/opt/ros/humble /usr/bin/cmake --build /home/waritt/robotsim_ws/build/rrr_robot_interfaces -- -j16 -l16
[0.032s] [35m[1mConsolidate compiler generated dependencies of target rrr_robot_interfaces__rosidl_generator_c[0m
[0.037s] [  2%] Built target rrr_robot_interfaces__cpp
[0.039s] [ 12%] Built target rrr_robot_interfaces__rosidl_generator_c
[0.043s] [ 12%] Built target ament_cmake_python_copy_rrr_robot_interfaces
[0.045s] [35m[1mConsolidate compiler generated dependencies of target rrr_robot_interfaces__rosidl_typesupport_cpp[0m
[0.045s] [35m[1mConsolidate compiler generated dependencies of target rrr_robot_interfaces__rosidl_typesupport_introspection_cpp[0m
[0.046s] [35m[1mConsolidate compiler generated dependencies of target rrr_robot_interfaces__rosidl_typesupport_fastrtps_cpp[0m
[0.047s] [35m[1mConsolidate compiler generated dependencies of target rrr_robot_interfaces__rosidl_typesupport_introspection_c[0m
[0.047s] [35m[1mConsolidate compiler generated dependencies of target rrr_robot_interfaces__rosidl_typesupport_c[0m
[0.047s] [35m[1mConsolidate compiler generated dependencies of target rrr_robot_interfaces__rosidl_typesupport_fastrtps_c[0m
[0.056s] [ 29%] Built target rrr_robot_interfaces__rosidl_typesupport_introspection_c
[0.056s] [ 34%] Built target rrr_robot_interfaces__rosidl_typesupport_cpp
[0.058s] [ 44%] Built target rrr_robot_interfaces__rosidl_typesupport_introspection_cpp
[0.058s] [ 55%] Built target rrr_robot_interfaces__rosidl_typesupport_fastrtps_cpp
[0.058s] [ 65%] Built target rrr_robot_interfaces__rosidl_typesupport_c
[0.060s] [ 76%] Built target rrr_robot_interfaces__rosidl_typesupport_fastrtps_c
[0.072s] [ 76%] Built target rrr_robot_interfaces
[0.085s] [ 78%] Built target rrr_robot_interfaces__py
[0.091s] [35m[1mConsolidate compiler generated dependencies of target rrr_robot_interfaces__rosidl_generator_py[0m
[0.100s] [ 87%] Built target rrr_robot_interfaces__rosidl_generator_py
[0.107s] [35m[1mConsolidate compiler generated dependencies of target rrr_robot_interfaces__rosidl_typesupport_fastrtps_c__pyext[0m
[0.107s] [35m[1mConsolidate compiler generated dependencies of target rrr_robot_interfaces__rosidl_typesupport_introspection_c__pyext[0m
[0.107s] [35m[1mConsolidate compiler generated dependencies of target rrr_robot_interfaces__rosidl_typesupport_c__pyext[0m
[0.116s] [100%] Built target rrr_robot_interfaces__rosidl_typesupport_fastrtps_c__pyext
[0.116s] [100%] Built target rrr_robot_interfaces__rosidl_typesupport_c__pyext
[0.116s] [100%] Built target rrr_robot_interfaces__rosidl_typesupport_introspection_c__pyext
[0.204s] running egg_info
[0.205s] writing rrr_robot_interfaces.egg-info/PKG-INFO
[0.205s] writing dependency_links to rrr_robot_interfaces.egg-info/dependency_links.txt
[0.205s] writing top-level names to rrr_robot_interfaces.egg-info/top_level.txt
[0.206s] reading manifest file 'rrr_robot_interfaces.egg-info/SOURCES.txt'
[0.206s] writing manifest file 'rrr_robot_interfaces.egg-info/SOURCES.txt'
[0.223s] [100%] Built target ament_cmake_python_build_rrr_robot_interfaces_egg
[0.230s] Invoked command in '/home/waritt/robotsim_ws/build/rrr_robot_interfaces' returned '0': CMAKE_PREFIX_PATH=${CMAKE_PREFIX_PATH}:/opt/ros/humble /usr/bin/cmake --build /home/waritt/robotsim_ws/build/rrr_robot_interfaces -- -j16 -l16
[0.295s] Invoking command in '/home/waritt/robotsim_ws/build/rrr_robot_interfaces': CMAKE_PREFIX_PATH=${CMAKE_PREFIX_PATH}:/opt/ros/humble /usr/bin/cmake --install /home/waritt/robotsim_ws/build/rrr_robot_interfaces
[0.300s] -- Install configuration: ""
[0.300s] -- Up-to-date: /home/waritt/robotsim_ws/install/rrr_robot_interfaces/share/ament_index/resource_index/rosidl_interfaces/rrr_robot_interfaces
[0.300s] -- Up-to-date: /home/waritt/robotsim_ws/install/rrr_robot_interfaces/include/rrr_robot_interfaces/rrr_robot_interfaces
[0.300s] -- Up-to-date: /home/waritt/robotsim_ws/install/rrr_robot_interfaces/include/rrr_robot_interfaces/rrr_robot_interfaces/msg
[0.300s] -- Up-to-date: /home/waritt/robotsim_ws/install/rrr_robot_interfaces/include/rrr_robot_interfaces/rrr_robot_interfaces/msg/rosidl_generator_c__visibility_control.h
[0.301s] -- Up-to-date: /home/waritt/robotsim_ws/install/rrr_robot_interfaces/include/rrr_robot_interfaces/rrr_robot_interfaces/srv
[0.301s] -- Up-to-date: /home/waritt/robotsim_ws/install/rrr_robot_interfaces/include/rrr_robot_interfaces/rrr_robot_interfaces/srv/rrr_mode.h
[0.301s] -- Up-to-date: /home/waritt/robotsim_ws/install/rrr_robot_interfaces/include/rrr_robot_interfaces/rrr_robot_interfaces/srv/rrripk.h
[0.301s] -- Up-to-date: /home/waritt/robotsim_ws/install/rrr_robot_interfaces/include/rrr_robot_interfaces/rrr_robot_interfaces/srv/detail
[0.301s] -- Up-to-date: /home/waritt/robotsim_ws/install/rrr_robot_interfaces/include/rrr_robot_interfaces/rrr_robot_interfaces/srv/detail/rrr_mode__type_support.h
[0.301s] -- Up-to-date: /home/waritt/robotsim_ws/install/rrr_robot_interfaces/include/rrr_robot_interfaces/rrr_robot_interfaces/srv/detail/rrr_auto__struct.h
[0.301s] -- Up-to-date: /home/waritt/robotsim_ws/install/rrr_robot_interfaces/include/rrr_robot_interfaces/rrr_robot_interfaces/srv/detail/rrr_mode__struct.h
[0.301s] -- Up-to-date: /home/waritt/robotsim_ws/install/rrr_robot_interfaces/include/rrr_robot_interfaces/rrr_robot_interfaces/srv/detail/rrr_auto__type_support.h
[0.301s] -- Up-to-date: /home/waritt/robotsim_ws/install/rrr_robot_interfaces/include/rrr_robot_interfaces/rrr_robot_interfaces/srv/detail/rrripk__functions.h
[0.301s] -- Up-to-date: /home/waritt/robotsim_ws/install/rrr_robot_interfaces/include/rrr_robot_interfaces/rrr_robot_interfaces/srv/detail/rrripk__functions.c
[0.301s] -- Up-to-date: /home/waritt/robotsim_ws/install/rrr_robot_interfaces/include/rrr_robot_interfaces/rrr_robot_interfaces/srv/detail/rrripk__type_support.h
[0.301s] -- Up-to-date: /home/waritt/robotsim_ws/install/rrr_robot_interfaces/include/rrr_robot_interfaces/rrr_robot_interfaces/srv/detail/rrr_auto__functions.h
[0.301s] -- Up-to-date: /home/waritt/robotsim_ws/install/rrr_robot_interfaces/include/rrr_robot_interfaces/rrr_robot_interfaces/srv/detail/rrr_auto__functions.c
[0.301s] -- Up-to-date: /home/waritt/robotsim_ws/install/rrr_robot_interfaces/include/rrr_robot_interfaces/rrr_robot_interfaces/srv/detail/rrr_mode__functions.c
[0.301s] -- Up-to-date: /home/waritt/robotsim_ws/install/rrr_robot_interfaces/include/rrr_robot_interfaces/rrr_robot_interfaces/srv/detail/rrripk__struct.h
[0.301s] -- Up-to-date: /home/waritt/robotsim_ws/install/rrr_robot_interfaces/include/rrr_robot_interfaces/rrr_robot_interfaces/srv/detail/rrr_mode__functions.h
[0.301s] -- Up-to-date: /home/waritt/robotsim_ws/install/rrr_robot_interfaces/include/rrr_robot_interfaces/rrr_robot_interfaces/srv/rrr_auto.h
[0.301s] -- Up-to-date: /home/waritt/robotsim_ws/install/rrr_robot_interfaces/share/rrr_robot_interfaces/environment/library_path.sh
[0.301s] -- Up-to-date: /home/waritt/robotsim_ws/install/rrr_robot_interfaces/share/rrr_robot_interfaces/environment/library_path.dsv
[0.301s] -- Up-to-date: /home/waritt/robotsim_ws/install/rrr_robot_interfaces/lib/librrr_robot_interfaces__rosidl_generator_c.so
[0.301s] -- Up-to-date: /home/waritt/robotsim_ws/install/rrr_robot_interfaces/include/rrr_robot_interfaces/rrr_robot_interfaces
[0.301s] -- Up-to-date: /home/waritt/robotsim_ws/install/rrr_robot_interfaces/include/rrr_robot_interfaces/rrr_robot_interfaces/msg
[0.301s] -- Up-to-date: /home/waritt/robotsim_ws/install/rrr_robot_interfaces/include/rrr_robot_interfaces/rrr_robot_interfaces/msg/rosidl_typesupport_fastrtps_c__visibility_control.h
[0.302s] -- Up-to-date: /home/waritt/robotsim_ws/install/rrr_robot_interfaces/include/rrr_robot_interfaces/rrr_robot_interfaces/srv
[0.302s] -- Up-to-date: /home/waritt/robotsim_ws/install/rrr_robot_interfaces/include/rrr_robot_interfaces/rrr_robot_interfaces/srv/detail
[0.302s] -- Up-to-date: /home/waritt/robotsim_ws/install/rrr_robot_interfaces/include/rrr_robot_interfaces/rrr_robot_interfaces/srv/detail/rrripk__rosidl_typesupport_fastrtps_c.h
[0.302s] -- Up-to-date: /home/waritt/robotsim_ws/install/rrr_robot_interfaces/include/rrr_robot_interfaces/rrr_robot_interfaces/srv/detail/rrr_auto__rosidl_typesupport_fastrtps_c.h
[0.302s] -- Up-to-date: /home/waritt/robotsim_ws/install/rrr_robot_interfaces/include/rrr_robot_interfaces/rrr_robot_interfaces/srv/detail/rrr_mode__rosidl_typesupport_fastrtps_c.h
[0.302s] -- Up-to-date: /home/waritt/robotsim_ws/install/rrr_robot_interfaces/lib/librrr_robot_interfaces__rosidl_typesupport_fastrtps_c.so
[0.302s] -- Up-to-date: /home/waritt/robotsim_ws/install/rrr_robot_interfaces/include/rrr_robot_interfaces/rrr_robot_interfaces
[0.302s] -- Up-to-date: /home/waritt/robotsim_ws/install/rrr_robot_interfaces/include/rrr_robot_interfaces/rrr_robot_interfaces/srv
[0.302s] -- Up-to-date: /home/waritt/robotsim_ws/install/rrr_robot_interfaces/include/rrr_robot_interfaces/rrr_robot_interfaces/srv/rrripk.hpp
[0.302s] -- Up-to-date: /home/waritt/robotsim_ws/install/rrr_robot_interfaces/include/rrr_robot_interfaces/rrr_robot_interfaces/srv/rrr_auto.hpp
[0.302s] -- Up-to-date: /home/waritt/robotsim_ws/install/rrr_robot_interfaces/include/rrr_robot_interfaces/rrr_robot_interfaces/srv/detail
[0.302s] -- Up-to-date: /home/waritt/robotsim_ws/install/rrr_robot_interfaces/include/rrr_robot_interfaces/rrr_robot_interfaces/srv/detail/rrripk__struct.hpp
[0.302s] -- Up-to-date: /home/waritt/robotsim_ws/install/rrr_robot_interfaces/include/rrr_robot_interfaces/rrr_robot_interfaces/srv/detail/rrr_auto__traits.hpp
[0.302s] -- Up-to-date: /home/waritt/robotsim_ws/install/rrr_robot_interfaces/include/rrr_robot_interfaces/rrr_robot_interfaces/srv/detail/rrr_auto__builder.hpp
[0.302s] -- Up-to-date: /home/waritt/robotsim_ws/install/rrr_robot_interfaces/include/rrr_robot_interfaces/rrr_robot_interfaces/srv/detail/rrripk__builder.hpp
[0.302s] -- Up-to-date: /home/waritt/robotsim_ws/install/rrr_robot_interfaces/include/rrr_robot_interfaces/rrr_robot_interfaces/srv/detail/rrripk__traits.hpp
[0.302s] -- Up-to-date: /home/waritt/robotsim_ws/install/rrr_robot_interfaces/include/rrr_robot_interfaces/rrr_robot_interfaces/srv/detail/rrr_mode__builder.hpp
[0.302s] -- Up-to-date: /home/waritt/robotsim_ws/install/rrr_robot_interfaces/include/rrr_robot_interfaces/rrr_robot_interfaces/srv/detail/rrr_mode__struct.hpp
[0.303s] -- Up-to-date: /home/waritt/robotsim_ws/install/rrr_robot_interfaces/include/rrr_robot_interfaces/rrr_robot_interfaces/srv/detail/rrr_mode__traits.hpp
[0.303s] -- Up-to-date: /home/waritt/robotsim_ws/install/rrr_robot_interfaces/include/rrr_robot_interfaces/rrr_robot_interfaces/srv/detail/rrr_auto__struct.hpp
[0.303s] -- Up-to-date: /home/waritt/robotsim_ws/install/rrr_robot_interfaces/include/rrr_robot_interfaces/rrr_robot_interfaces/srv/rrr_mode.hpp
[0.303s] -- Up-to-date: /home/waritt/robotsim_ws/install/rrr_robot_interfaces/include/rrr_robot_interfaces/rrr_robot_interfaces
[0.303s] -- Up-to-date: /home/waritt/robotsim_ws/install/rrr_robot_interfaces/include/rrr_robot_interfaces/rrr_robot_interfaces/msg
[0.303s] -- Up-to-date: /home/waritt/robotsim_ws/install/rrr_robot_interfaces/include/rrr_robot_interfaces/rrr_robot_interfaces/msg/rosidl_typesupport_fastrtps_cpp__visibility_control.h
[0.303s] -- Up-to-date: /home/waritt/robotsim_ws/install/rrr_robot_interfaces/include/rrr_robot_interfaces/rrr_robot_interfaces/srv
[0.303s] -- Up-to-date: /home/waritt/robotsim_ws/install/rrr_robot_interfaces/include/rrr_robot_interfaces/rrr_robot_interfaces/srv/detail
[0.303s] -- Up-to-date: /home/waritt/robotsim_ws/install/rrr_robot_interfaces/include/rrr_robot_interfaces/rrr_robot_interfaces/srv/detail/rrr_auto__rosidl_typesupport_fastrtps_cpp.hpp
[0.303s] -- Up-to-date: /home/waritt/robotsim_ws/install/rrr_robot_interfaces/include/rrr_robot_interfaces/rrr_robot_interfaces/srv/detail/rrripk__rosidl_typesupport_fastrtps_cpp.hpp
[0.303s] -- Up-to-date: /home/waritt/robotsim_ws/install/rrr_robot_interfaces/include/rrr_robot_interfaces/rrr_robot_interfaces/srv/detail/dds_fastrtps
[0.303s] -- Up-to-date: /home/waritt/robotsim_ws/install/rrr_robot_interfaces/include/rrr_robot_interfaces/rrr_robot_interfaces/srv/detail/rrr_mode__rosidl_typesupport_fastrtps_cpp.hpp
[0.303s] -- Up-to-date: /home/waritt/robotsim_ws/install/rrr_robot_interfaces/lib/librrr_robot_interfaces__rosidl_typesupport_fastrtps_cpp.so
[0.303s] -- Up-to-date: /home/waritt/robotsim_ws/install/rrr_robot_interfaces/include/rrr_robot_interfaces/rrr_robot_interfaces
[0.303s] -- Up-to-date: /home/waritt/robotsim_ws/install/rrr_robot_interfaces/include/rrr_robot_interfaces/rrr_robot_interfaces/msg
[0.303s] -- Up-to-date: /home/waritt/robotsim_ws/install/rrr_robot_interfaces/include/rrr_robot_interfaces/rrr_robot_interfaces/msg/rosidl_typesupport_introspection_c__visibility_control.h
[0.303s] -- Up-to-date: /home/waritt/robotsim_ws/install/rrr_robot_interfaces/include/rrr_robot_interfaces/rrr_robot_interfaces/srv
[0.303s] -- Up-to-date: /home/waritt/robotsim_ws/install/rrr_robot_interfaces/include/rrr_robot_interfaces/rrr_robot_interfaces/srv/detail
[0.303s] -- Up-to-date: /home/waritt/robotsim_ws/install/rrr_robot_interfaces/include/rrr_robot_interfaces/rrr_robot_interfaces/srv/detail/rrr_auto__rosidl_typesupport_introspection_c.h
[0.303s] -- Up-to-date: /home/waritt/robotsim_ws/install/rrr_robot_interfaces/include/rrr_robot_interfaces/rrr_robot_interfaces/srv/detail/rrr_auto__type_support.c
[0.303s] -- Up-to-date: /home/waritt/robotsim_ws/install/rrr_robot_interfaces/include/rrr_robot_interfaces/rrr_robot_interfaces/srv/detail/rrr_mode__type_support.c
[0.303s] -- Up-to-date: /home/waritt/robotsim_ws/install/rrr_robot_interfaces/include/rrr_robot_interfaces/rrr_robot_interfaces/srv/detail/rrripk__rosidl_typesupport_introspection_c.h
[0.303s] -- Up-to-date: /home/waritt/robotsim_ws/install/rrr_robot_interfaces/include/rrr_robot_interfaces/rrr_robot_interfaces/srv/detail/rrr_mode__rosidl_typesupport_introspection_c.h
[0.303s] -- Up-to-date: /home/waritt/robotsim_ws/install/rrr_robot_interfaces/include/rrr_robot_interfaces/rrr_robot_interfaces/srv/detail/rrripk__type_support.c
[0.303s] -- Up-to-date: /home/waritt/robotsim_ws/install/rrr_robot_interfaces/lib/librrr_robot_interfaces__rosidl_typesupport_introspection_c.so
[0.303s] -- Up-to-date: /home/waritt/robotsim_ws/install/rrr_robot_interfaces/lib/librrr_robot_interfaces__rosidl_typesupport_c.so
[0.304s] -- Up-to-date: /home/waritt/robotsim_ws/install/rrr_robot_interfaces/include/rrr_robot_interfaces/rrr_robot_interfaces
[0.304s] -- Up-to-date: /home/waritt/robotsim_ws/install/rrr_robot_interfaces/include/rrr_robot_interfaces/rrr_robot_interfaces/srv
[0.304s] -- Up-to-date: /home/waritt/robotsim_ws/install/rrr_robot_interfaces/include/rrr_robot_interfaces/rrr_robot_interfaces/srv/detail
[0.304s] -- Up-to-date: /home/waritt/robotsim_ws/install/rrr_robot_interfaces/include/rrr_robot_interfaces/rrr_robot_interfaces/srv/detail/rrr_auto__type_support.cpp
[0.304s] -- Up-to-date: /home/waritt/robotsim_ws/install/rrr_robot_interfaces/include/rrr_robot_interfaces/rrr_robot_interfaces/srv/detail/rrripk__rosidl_typesupport_introspection_cpp.hpp
[0.304s] -- Up-to-date: /home/waritt/robotsim_ws/install/rrr_robot_interfaces/include/rrr_robot_interfaces/rrr_robot_interfaces/srv/detail/rrripk__type_support.cpp
[0.304s] -- Up-to-date: /home/waritt/robotsim_ws/install/rrr_robot_interfaces/include/rrr_robot_interfaces/rrr_robot_interfaces/srv/detail/rrr_auto__rosidl_typesupport_introspection_cpp.hpp
[0.304s] -- Up-to-date: /home/waritt/robotsim_ws/install/rrr_robot_interfaces/include/rrr_robot_interfaces/rrr_robot_interfaces/srv/detail/rrr_mode__type_support.cpp
[0.304s] -- Up-to-date: /home/waritt/robotsim_ws/install/rrr_robot_interfaces/include/rrr_robot_interfaces/rrr_robot_interfaces/srv/detail/rrr_mode__rosidl_typesupport_introspection_cpp.hpp
[0.304s] -- Up-to-date: /home/waritt/robotsim_ws/install/rrr_robot_interfaces/lib/librrr_robot_interfaces__rosidl_typesupport_introspection_cpp.so
[0.304s] -- Up-to-date: /home/waritt/robotsim_ws/install/rrr_robot_interfaces/lib/librrr_robot_interfaces__rosidl_typesupport_cpp.so
[0.304s] -- Up-to-date: /home/waritt/robotsim_ws/install/rrr_robot_interfaces/share/rrr_robot_interfaces/environment/pythonpath.sh
[0.304s] -- Up-to-date: /home/waritt/robotsim_ws/install/rrr_robot_interfaces/share/rrr_robot_interfaces/environment/pythonpath.dsv
[0.304s] -- Up-to-date: /home/waritt/robotsim_ws/install/rrr_robot_interfaces/local/lib/python3.10/dist-packages/rrr_robot_interfaces-0.0.0-py3.10.egg-info
[0.304s] -- Installing: /home/waritt/robotsim_ws/install/rrr_robot_interfaces/local/lib/python3.10/dist-packages/rrr_robot_interfaces-0.0.0-py3.10.egg-info/SOURCES.txt
[0.304s] -- Installing: /home/waritt/robotsim_ws/install/rrr_robot_interfaces/local/lib/python3.10/dist-packages/rrr_robot_interfaces-0.0.0-py3.10.egg-info/top_level.txt
[0.304s] -- Installing: /home/waritt/robotsim_ws/install/rrr_robot_interfaces/local/lib/python3.10/dist-packages/rrr_robot_interfaces-0.0.0-py3.10.egg-info/PKG-INFO
[0.304s] -- Installing: /home/waritt/robotsim_ws/install/rrr_robot_interfaces/local/lib/python3.10/dist-packages/rrr_robot_interfaces-0.0.0-py3.10.egg-info/dependency_links.txt
[0.304s] -- Up-to-date: /home/waritt/robotsim_ws/install/rrr_robot_interfaces/local/lib/python3.10/dist-packages/rrr_robot_interfaces
[0.304s] -- Up-to-date: /home/waritt/robotsim_ws/install/rrr_robot_interfaces/local/lib/python3.10/dist-packages/rrr_robot_interfaces/rrr_robot_interfaces_s__rosidl_typesupport_c.cpython-310-x86_64-linux-gnu.so
[0.304s] -- Up-to-date: /home/waritt/robotsim_ws/install/rrr_robot_interfaces/local/lib/python3.10/dist-packages/rrr_robot_interfaces/__init__.py
[0.304s] -- Up-to-date: /home/waritt/robotsim_ws/install/rrr_robot_interfaces/local/lib/python3.10/dist-packages/rrr_robot_interfaces/_rrr_robot_interfaces_s.ep.rosidl_typesupport_introspection_c.c
[0.304s] -- Up-to-date: /home/waritt/robotsim_ws/install/rrr_robot_interfaces/local/lib/python3.10/dist-packages/rrr_robot_interfaces/rrr_robot_interfaces_s__rosidl_typesupport_introspection_c.cpython-310-x86_64-linux-gnu.so
[0.304s] -- Up-to-date: /home/waritt/robotsim_ws/install/rrr_robot_interfaces/local/lib/python3.10/dist-packages/rrr_robot_interfaces/_rrr_robot_interfaces_s.ep.rosidl_typesupport_fastrtps_c.c
[0.304s] -- Up-to-date: /home/waritt/robotsim_ws/install/rrr_robot_interfaces/local/lib/python3.10/dist-packages/rrr_robot_interfaces/rrr_robot_interfaces_s__rosidl_typesupport_fastrtps_c.cpython-310-x86_64-linux-gnu.so
[0.304s] -- Up-to-date: /home/waritt/robotsim_ws/install/rrr_robot_interfaces/local/lib/python3.10/dist-packages/rrr_robot_interfaces/_rrr_robot_interfaces_s.ep.rosidl_typesupport_c.c
[0.304s] -- Up-to-date: /home/waritt/robotsim_ws/install/rrr_robot_interfaces/local/lib/python3.10/dist-packages/rrr_robot_interfaces/librrr_robot_interfaces__rosidl_generator_py.so
[0.305s] -- Up-to-date: /home/waritt/robotsim_ws/install/rrr_robot_interfaces/local/lib/python3.10/dist-packages/rrr_robot_interfaces/srv
[0.305s] -- Up-to-date: /home/waritt/robotsim_ws/install/rrr_robot_interfaces/local/lib/python3.10/dist-packages/rrr_robot_interfaces/srv/_rrr_auto.py
[0.305s] -- Up-to-date: /home/waritt/robotsim_ws/install/rrr_robot_interfaces/local/lib/python3.10/dist-packages/rrr_robot_interfaces/srv/__init__.py
[0.305s] -- Up-to-date: /home/waritt/robotsim_ws/install/rrr_robot_interfaces/local/lib/python3.10/dist-packages/rrr_robot_interfaces/srv/_rrripk.py
[0.305s] -- Up-to-date: /home/waritt/robotsim_ws/install/rrr_robot_interfaces/local/lib/python3.10/dist-packages/rrr_robot_interfaces/srv/_rrr_mode.py
[0.305s] -- Up-to-date: /home/waritt/robotsim_ws/install/rrr_robot_interfaces/local/lib/python3.10/dist-packages/rrr_robot_interfaces/srv/_rrr_auto_s.c
[0.305s] -- Up-to-date: /home/waritt/robotsim_ws/install/rrr_robot_interfaces/local/lib/python3.10/dist-packages/rrr_robot_interfaces/srv/_rrr_mode_s.c
[0.305s] -- Up-to-date: /home/waritt/robotsim_ws/install/rrr_robot_interfaces/local/lib/python3.10/dist-packages/rrr_robot_interfaces/srv/_rrripk_s.c
[0.326s] Listing '/home/waritt/robotsim_ws/install/rrr_robot_interfaces/local/lib/python3.10/dist-packages/rrr_robot_interfaces'...
[0.326s] Listing '/home/waritt/robotsim_ws/install/rrr_robot_interfaces/local/lib/python3.10/dist-packages/rrr_robot_interfaces/srv'...
[0.328s] -- Up-to-date: /home/waritt/robotsim_ws/install/rrr_robot_interfaces/local/lib/python3.10/dist-packages/rrr_robot_interfaces/rrr_robot_interfaces_s__rosidl_typesupport_fastrtps_c.cpython-310-x86_64-linux-gnu.so
[0.328s] -- Up-to-date: /home/waritt/robotsim_ws/install/rrr_robot_interfaces/local/lib/python3.10/dist-packages/rrr_robot_interfaces/rrr_robot_interfaces_s__rosidl_typesupport_introspection_c.cpython-310-x86_64-linux-gnu.so
[0.329s] -- Up-to-date: /home/waritt/robotsim_ws/install/rrr_robot_interfaces/local/lib/python3.10/dist-packages/rrr_robot_interfaces/rrr_robot_interfaces_s__rosidl_typesupport_c.cpython-310-x86_64-linux-gnu.so
[0.329s] -- Up-to-date: /home/waritt/robotsim_ws/install/rrr_robot_interfaces/lib/librrr_robot_interfaces__rosidl_generator_py.so
[0.329s] -- Up-to-date: /home/waritt/robotsim_ws/install/rrr_robot_interfaces/share/rrr_robot_interfaces/srv/RRRMode.idl
[0.329s] -- Up-to-date: /home/waritt/robotsim_ws/install/rrr_robot_interfaces/share/rrr_robot_interfaces/srv/RRRIPK.idl
[0.329s] -- Up-to-date: /home/waritt/robotsim_ws/install/rrr_robot_interfaces/share/rrr_robot_interfaces/srv/RRRAuto.idl
[0.329s] -- Up-to-date: /home/waritt/robotsim_ws/install/rrr_robot_interfaces/share/rrr_robot_interfaces/srv/RRRMode.srv
[0.329s] -- Up-to-date: /home/waritt/robotsim_ws/install/rrr_robot_interfaces/share/rrr_robot_interfaces/srv/RRRMode_Request.msg
[0.329s] -- Up-to-date: /home/waritt/robotsim_ws/install/rrr_robot_interfaces/share/rrr_robot_interfaces/srv/RRRMode_Response.msg
[0.329s] -- Up-to-date: /home/waritt/robotsim_ws/install/rrr_robot_interfaces/share/rrr_robot_interfaces/srv/RRRIPK.srv
[0.329s] -- Up-to-date: /home/waritt/robotsim_ws/install/rrr_robot_interfaces/share/rrr_robot_interfaces/srv/RRRIPK_Request.msg
[0.329s] -- Up-to-date: /home/waritt/robotsim_ws/install/rrr_robot_interfaces/share/rrr_robot_interfaces/srv/RRRIPK_Response.msg
[0.329s] -- Up-to-date: /home/waritt/robotsim_ws/install/rrr_robot_interfaces/share/rrr_robot_interfaces/srv/RRRAuto.srv
[0.329s] -- Up-to-date: /home/waritt/robotsim_ws/install/rrr_robot_interfaces/share/rrr_robot_interfaces/srv/RRRAuto_Request.msg
[0.329s] -- Up-to-date: /home/waritt/robotsim_ws/install/rrr_robot_interfaces/share/rrr_robot_interfaces/srv/RRRAuto_Response.msg
[0.329s] -- Up-to-date: /home/waritt/robotsim_ws/install/rrr_robot_interfaces/share/ament_index/resource_index/package_run_dependencies/rrr_robot_interfaces
[0.329s] -- Up-to-date: /home/waritt/robotsim_ws/install/rrr_robot_interfaces/share/ament_index/resource_index/parent_prefix_path/rrr_robot_interfaces
[0.329s] -- Up-to-date: /home/waritt/robotsim_ws/install/rrr_robot_interfaces/share/rrr_robot_interfaces/environment/ament_prefix_path.sh
[0.329s] -- Up-to-date: /home/waritt/robotsim_ws/install/rrr_robot_interfaces/share/rrr_robot_interfaces/environment/ament_prefix_path.dsv
[0.329s] -- Up-to-date: /home/waritt/robotsim_ws/install/rrr_robot_interfaces/share/rrr_robot_interfaces/environment/path.sh
[0.330s] -- Up-to-date: /home/waritt/robotsim_ws/install/rrr_robot_interfaces/share/rrr_robot_interfaces/environment/path.dsv
[0.330s] -- Up-to-date: /home/waritt/robotsim_ws/install/rrr_robot_interfaces/share/rrr_robot_interfaces/local_setup.bash
[0.330s] -- Up-to-date: /home/waritt/robotsim_ws/install/rrr_robot_interfaces/share/rrr_robot_interfaces/local_setup.sh
[0.330s] -- Up-to-date: /home/waritt/robotsim_ws/install/rrr_robot_interfaces/share/rrr_robot_interfaces/local_setup.zsh
[0.330s] -- Up-to-date: /home/waritt/robotsim_ws/install/rrr_robot_interfaces/share/rrr_robot_interfaces/local_setup.dsv
[0.330s] -- Installing: /home/waritt/robotsim_ws/install/rrr_robot_interfaces/share/rrr_robot_interfaces/package.dsv
[0.330s] -- Up-to-date: /home/waritt/robotsim_ws/install/rrr_robot_interfaces/share/ament_index/resource_index/packages/rrr_robot_interfaces
[0.330s] -- Up-to-date: /home/waritt/robotsim_ws/install/rrr_robot_interfaces/share/rrr_robot_interfaces/cmake/export_rrr_robot_interfaces__rosidl_generator_cExport.cmake
[0.330s] -- Up-to-date: /home/waritt/robotsim_ws/install/rrr_robot_interfaces/share/rrr_robot_interfaces/cmake/export_rrr_robot_interfaces__rosidl_generator_cExport-noconfig.cmake
[0.330s] -- Up-to-date: /home/waritt/robotsim_ws/install/rrr_robot_interfaces/share/rrr_robot_interfaces/cmake/export_rrr_robot_interfaces__rosidl_typesupport_fastrtps_cExport.cmake
[0.330s] -- Up-to-date: /home/waritt/robotsim_ws/install/rrr_robot_interfaces/share/rrr_robot_interfaces/cmake/export_rrr_robot_interfaces__rosidl_typesupport_fastrtps_cExport-noconfig.cmake
[0.330s] -- Up-to-date: /home/waritt/robotsim_ws/install/rrr_robot_interfaces/share/rrr_robot_interfaces/cmake/export_rrr_robot_interfaces__rosidl_generator_cppExport.cmake
[0.330s] -- Up-to-date: /home/waritt/robotsim_ws/install/rrr_robot_interfaces/share/rrr_robot_interfaces/cmake/export_rrr_robot_interfaces__rosidl_typesupport_fastrtps_cppExport.cmake
[0.330s] -- Up-to-date: /home/waritt/robotsim_ws/install/rrr_robot_interfaces/share/rrr_robot_interfaces/cmake/export_rrr_robot_interfaces__rosidl_typesupport_fastrtps_cppExport-noconfig.cmake
[0.330s] -- Up-to-date: /home/waritt/robotsim_ws/install/rrr_robot_interfaces/share/rrr_robot_interfaces/cmake/rrr_robot_interfaces__rosidl_typesupport_introspection_cExport.cmake
[0.330s] -- Up-to-date: /home/waritt/robotsim_ws/install/rrr_robot_interfaces/share/rrr_robot_interfaces/cmake/rrr_robot_interfaces__rosidl_typesupport_introspection_cExport-noconfig.cmake
[0.330s] -- Up-to-date: /home/waritt/robotsim_ws/install/rrr_robot_interfaces/share/rrr_robot_interfaces/cmake/rrr_robot_interfaces__rosidl_typesupport_cExport.cmake
[0.330s] -- Up-to-date: /home/waritt/robotsim_ws/install/rrr_robot_interfaces/share/rrr_robot_interfaces/cmake/rrr_robot_interfaces__rosidl_typesupport_cExport-noconfig.cmake
[0.330s] -- Up-to-date: /home/waritt/robotsim_ws/install/rrr_robot_interfaces/share/rrr_robot_interfaces/cmake/rrr_robot_interfaces__rosidl_typesupport_introspection_cppExport.cmake
[0.330s] -- Up-to-date: /home/waritt/robotsim_ws/install/rrr_robot_interfaces/share/rrr_robot_interfaces/cmake/rrr_robot_interfaces__rosidl_typesupport_introspection_cppExport-noconfig.cmake
[0.330s] -- Up-to-date: /home/waritt/robotsim_ws/install/rrr_robot_interfaces/share/rrr_robot_interfaces/cmake/rrr_robot_interfaces__rosidl_typesupport_cppExport.cmake
[0.330s] -- Up-to-date: /home/waritt/robotsim_ws/install/rrr_robot_interfaces/share/rrr_robot_interfaces/cmake/rrr_robot_interfaces__rosidl_typesupport_cppExport-noconfig.cmake
[0.330s] -- Up-to-date: /home/waritt/robotsim_ws/install/rrr_robot_interfaces/share/rrr_robot_interfaces/cmake/export_rrr_robot_interfaces__rosidl_generator_pyExport.cmake
[0.330s] -- Up-to-date: /home/waritt/robotsim_ws/install/rrr_robot_interfaces/share/rrr_robot_interfaces/cmake/export_rrr_robot_interfaces__rosidl_generator_pyExport-noconfig.cmake
[0.331s] -- Up-to-date: /home/waritt/robotsim_ws/install/rrr_robot_interfaces/share/rrr_robot_interfaces/cmake/rosidl_cmake-extras.cmake
[0.331s] -- Up-to-date: /home/waritt/robotsim_ws/install/rrr_robot_interfaces/share/rrr_robot_interfaces/cmake/ament_cmake_export_dependencies-extras.cmake
[0.331s] -- Up-to-date: /home/waritt/robotsim_ws/install/rrr_robot_interfaces/share/rrr_robot_interfaces/cmake/ament_cmake_export_include_directories-extras.cmake
[0.331s] -- Up-to-date: /home/waritt/robotsim_ws/install/rrr_robot_interfaces/share/rrr_robot_interfaces/cmake/ament_cmake_export_libraries-extras.cmake
[0.331s] -- Up-to-date: /home/waritt/robotsim_ws/install/rrr_robot_interfaces/share/rrr_robot_interfaces/cmake/ament_cmake_export_targets-extras.cmake
[0.331s] -- Up-to-date: /home/waritt/robotsim_ws/install/rrr_robot_interfaces/share/rrr_robot_interfaces/cmake/rosidl_cmake_export_typesupport_targets-extras.cmake
[0.331s] -- Up-to-date: /home/waritt/robotsim_ws/install/rrr_robot_interfaces/share/rrr_robot_interfaces/cmake/rosidl_cmake_export_typesupport_libraries-extras.cmake
[0.331s] -- Up-to-date: /home/waritt/robotsim_ws/install/rrr_robot_interfaces/share/rrr_robot_interfaces/cmake/rrr_robot_interfacesConfig.cmake
[0.331s] -- Up-to-date: /home/waritt/robotsim_ws/install/rrr_robot_interfaces/share/rrr_robot_interfaces/cmake/rrr_robot_interfacesConfig-version.cmake
[0.331s] -- Up-to-date: /home/waritt/robotsim_ws/install/rrr_robot_interfaces/share/rrr_robot_interfaces/package.xml
[0.332s] Invoked command in '/home/waritt/robotsim_ws/build/rrr_robot_interfaces' returned '0': CMAKE_PREFIX_PATH=${CMAKE_PREFIX_PATH}:/opt/ros/humble /usr/bin/cmake --install /home/waritt/robotsim_ws/build/rrr_robot_interfaces
