[  2%] [34m[1mGenerating C code for ROS interfaces[0m
[  4%] [34m[1mGenerating C++ code for ROS interfaces[0m
[  4%] Built target ament_cmake_python_copy_rrr_robot_interfaces
running egg_info
creating rrr_robot_interfaces.egg-info
writing rrr_robot_interfaces.egg-info/PKG-INFO
writing dependency_links to rrr_robot_interfaces.egg-info/dependency_links.txt
writing top-level names to rrr_robot_interfaces.egg-info/top_level.txt
writing manifest file 'rrr_robot_interfaces.egg-info/SOURCES.txt'
reading manifest file 'rrr_robot_interfaces.egg-info/SOURCES.txt'
writing manifest file 'rrr_robot_interfaces.egg-info/SOURCES.txt'
[  4%] Built target ament_cmake_python_build_rrr_robot_interfaces_egg
[  4%] Built target rrr_robot_interfaces__cpp
[  6%] [32mBuilding C object CMakeFiles/rrr_robot_interfaces__rosidl_generator_c.dir/rosidl_generator_c/rrr_robot_interfaces/srv/detail/rrr_mode__functions.c.o[0m
[  8%] [32mBuilding C object CMakeFiles/rrr_robot_interfaces__rosidl_generator_c.dir/rosidl_generator_c/rrr_robot_interfaces/srv/detail/rrr_invert_kinematics__functions.c.o[0m
[ 10%] [32mBuilding C object CMakeFiles/rrr_robot_interfaces__rosidl_generator_c.dir/rosidl_generator_c/rrr_robot_interfaces/srv/detail/rrr_teleop__functions.c.o[0m
[ 14%] [34m[1mGenerating C++ introspection for ROS interfaces[0m
[ 14%] [34m[1mGenerating C++ type support for eProsima Fast-RTPS[0m
[ 17%] [34m[1mGenerating C++ type support dispatch for ROS interfaces[0m
[ 19%] [32m[1mLinking C shared library librrr_robot_interfaces__rosidl_generator_c.so[0m
[ 19%] Built target rrr_robot_interfaces__rosidl_generator_c
[ 21%] [34m[1mGenerating C type support for eProsima Fast-RTPS[0m
[ 23%] [34m[1mGenerating C introspection for ROS interfaces[0m
[ 25%] [34m[1mGenerating C type support dispatch for ROS interfaces[0m
[ 29%] [32mBuilding CXX object CMakeFiles/rrr_robot_interfaces__rosidl_typesupport_cpp.dir/rosidl_typesupport_cpp/rrr_robot_interfaces/srv/rrr_teleop__type_support.cpp.o[0m
[ 29%] [32mBuilding CXX object CMakeFiles/rrr_robot_interfaces__rosidl_typesupport_cpp.dir/rosidl_typesupport_cpp/rrr_robot_interfaces/srv/rrr_invert_kinematics__type_support.cpp.o[0m
[ 31%] [32mBuilding CXX object CMakeFiles/rrr_robot_interfaces__rosidl_typesupport_cpp.dir/rosidl_typesupport_cpp/rrr_robot_interfaces/srv/rrr_mode__type_support.cpp.o[0m
[ 34%] [32mBuilding CXX object CMakeFiles/rrr_robot_interfaces__rosidl_typesupport_introspection_cpp.dir/rosidl_typesupport_introspection_cpp/rrr_robot_interfaces/srv/detail/rrr_mode__type_support.cpp.o[0m
[ 36%] [32mBuilding CXX object CMakeFiles/rrr_robot_interfaces__rosidl_typesupport_introspection_cpp.dir/rosidl_typesupport_introspection_cpp/rrr_robot_interfaces/srv/detail/rrr_invert_kinematics__type_support.cpp.o[0m
[ 38%] [32mBuilding CXX object CMakeFiles/rrr_robot_interfaces__rosidl_typesupport_introspection_cpp.dir/rosidl_typesupport_introspection_cpp/rrr_robot_interfaces/srv/detail/rrr_teleop__type_support.cpp.o[0m
[ 40%] [32mBuilding CXX object CMakeFiles/rrr_robot_interfaces__rosidl_typesupport_fastrtps_cpp.dir/rosidl_typesupport_fastrtps_cpp/rrr_robot_interfaces/srv/detail/dds_fastrtps/rrr_mode__type_support.cpp.o[0m
[ 44%] [32mBuilding CXX object CMakeFiles/rrr_robot_interfaces__rosidl_typesupport_fastrtps_cpp.dir/rosidl_typesupport_fastrtps_cpp/rrr_robot_interfaces/srv/detail/dds_fastrtps/rrr_invert_kinematics__type_support.cpp.o[0m
[ 44%] [32mBuilding CXX object CMakeFiles/rrr_robot_interfaces__rosidl_typesupport_fastrtps_cpp.dir/rosidl_typesupport_fastrtps_cpp/rrr_robot_interfaces/srv/detail/dds_fastrtps/rrr_teleop__type_support.cpp.o[0m
[ 48%] [32mBuilding CXX object CMakeFiles/rrr_robot_interfaces__rosidl_typesupport_c.dir/rosidl_typesupport_c/rrr_robot_interfaces/srv/rrr_teleop__type_support.cpp.o[0m
[ 51%] [32mBuilding CXX object CMakeFiles/rrr_robot_interfaces__rosidl_typesupport_c.dir/rosidl_typesupport_c/rrr_robot_interfaces/srv/rrr_invert_kinematics__type_support.cpp.o[0m
[ 48%] [32mBuilding CXX object CMakeFiles/rrr_robot_interfaces__rosidl_typesupport_c.dir/rosidl_typesupport_c/rrr_robot_interfaces/srv/rrr_mode__type_support.cpp.o[0m
[ 53%] [32m[1mLinking CXX shared library librrr_robot_interfaces__rosidl_typesupport_c.so[0m
[ 55%] [32mBuilding C object CMakeFiles/rrr_robot_interfaces__rosidl_typesupport_introspection_c.dir/rosidl_typesupport_introspection_c/rrr_robot_interfaces/srv/detail/rrr_mode__type_support.c.o[0m
[ 57%] [32mBuilding C object CMakeFiles/rrr_robot_interfaces__rosidl_typesupport_introspection_c.dir/rosidl_typesupport_introspection_c/rrr_robot_interfaces/srv/detail/rrr_teleop__type_support.c.o[0m
[ 59%] [32mBuilding C object CMakeFiles/rrr_robot_interfaces__rosidl_typesupport_introspection_c.dir/rosidl_typesupport_introspection_c/rrr_robot_interfaces/srv/detail/rrr_invert_kinematics__type_support.c.o[0m
[ 59%] Built target rrr_robot_interfaces__rosidl_typesupport_c
[ 61%] [32mBuilding CXX object CMakeFiles/rrr_robot_interfaces__rosidl_typesupport_fastrtps_c.dir/rosidl_typesupport_fastrtps_c/rrr_robot_interfaces/srv/detail/rrr_invert_kinematics__type_support_c.cpp.o[0m
[ 63%] [32mBuilding CXX object CMakeFiles/rrr_robot_interfaces__rosidl_typesupport_fastrtps_c.dir/rosidl_typesupport_fastrtps_c/rrr_robot_interfaces/srv/detail/rrr_mode__type_support_c.cpp.o[0m
[ 65%] [32mBuilding CXX object CMakeFiles/rrr_robot_interfaces__rosidl_typesupport_fastrtps_c.dir/rosidl_typesupport_fastrtps_c/rrr_robot_interfaces/srv/detail/rrr_teleop__type_support_c.cpp.o[0m
[ 68%] [32m[1mLinking C shared library librrr_robot_interfaces__rosidl_typesupport_introspection_c.so[0m
[ 68%] Built target rrr_robot_interfaces__rosidl_typesupport_introspection_c
[ 70%] [32m[1mLinking CXX shared library librrr_robot_interfaces__rosidl_typesupport_cpp.so[0m
[ 70%] Built target rrr_robot_interfaces__rosidl_typesupport_cpp
[ 72%] [32m[1mLinking CXX shared library librrr_robot_interfaces__rosidl_typesupport_introspection_cpp.so[0m
[ 72%] Built target rrr_robot_interfaces__rosidl_typesupport_introspection_cpp
[ 74%] [32m[1mLinking CXX shared library librrr_robot_interfaces__rosidl_typesupport_fastrtps_cpp.so[0m
[ 76%] [32m[1mLinking CXX shared library librrr_robot_interfaces__rosidl_typesupport_fastrtps_c.so[0m
[ 76%] Built target rrr_robot_interfaces__rosidl_typesupport_fastrtps_cpp
[ 76%] Built target rrr_robot_interfaces__rosidl_typesupport_fastrtps_c
[ 76%] Built target rrr_robot_interfaces
[ 78%] [34m[1mGenerating Python code for ROS interfaces[0m
[ 78%] Built target rrr_robot_interfaces__py
[ 85%] [32mBuilding C object CMakeFiles/rrr_robot_interfaces__rosidl_generator_py.dir/rosidl_generator_py/rrr_robot_interfaces/srv/_rrr_teleop_s.c.o[0m
[ 85%] [32mBuilding C object CMakeFiles/rrr_robot_interfaces__rosidl_generator_py.dir/rosidl_generator_py/rrr_robot_interfaces/srv/_rrr_mode_s.c.o[0m
[ 85%] [32mBuilding C object CMakeFiles/rrr_robot_interfaces__rosidl_generator_py.dir/rosidl_generator_py/rrr_robot_interfaces/srv/_rrr_invert_kinematics_s.c.o[0m
[ 87%] [32m[1mLinking C shared library rosidl_generator_py/rrr_robot_interfaces/librrr_robot_interfaces__rosidl_generator_py.so[0m
[ 87%] Built target rrr_robot_interfaces__rosidl_generator_py
[ 89%] [32mBuilding C object CMakeFiles/rrr_robot_interfaces__rosidl_typesupport_fastrtps_c__pyext.dir/rosidl_generator_py/rrr_robot_interfaces/_rrr_robot_interfaces_s.ep.rosidl_typesupport_fastrtps_c.c.o[0m
[ 91%] [32mBuilding C object CMakeFiles/rrr_robot_interfaces__rosidl_typesupport_introspection_c__pyext.dir/rosidl_generator_py/rrr_robot_interfaces/_rrr_robot_interfaces_s.ep.rosidl_typesupport_introspection_c.c.o[0m
[ 93%] [32mBuilding C object CMakeFiles/rrr_robot_interfaces__rosidl_typesupport_c__pyext.dir/rosidl_generator_py/rrr_robot_interfaces/_rrr_robot_interfaces_s.ep.rosidl_typesupport_c.c.o[0m
[100%] [32m[1mLinking C shared library rosidl_generator_py/rrr_robot_interfaces/rrr_robot_interfaces_s__rosidl_typesupport_fastrtps_c.cpython-310-x86_64-linux-gnu.so[0m
[100%] [32m[1mLinking C shared library rosidl_generator_py/rrr_robot_interfaces/rrr_robot_interfaces_s__rosidl_typesupport_c.cpython-310-x86_64-linux-gnu.so[0m
[100%] [32m[1mLinking C shared library rosidl_generator_py/rrr_robot_interfaces/rrr_robot_interfaces_s__rosidl_typesupport_introspection_c.cpython-310-x86_64-linux-gnu.so[0m
[100%] Built target rrr_robot_interfaces__rosidl_typesupport_c__pyext
[100%] Built target rrr_robot_interfaces__rosidl_typesupport_fastrtps_c__pyext
[100%] Built target rrr_robot_interfaces__rosidl_typesupport_introspection_c__pyext
-- Install configuration: ""
-- Installing: /home/waritt/robotsim_ws/install/rrr_robot_interfaces/share/ament_index/resource_index/rosidl_interfaces/rrr_robot_interfaces
-- Installing: /home/waritt/robotsim_ws/install/rrr_robot_interfaces/include/rrr_robot_interfaces/rrr_robot_interfaces
-- Installing: /home/waritt/robotsim_ws/install/rrr_robot_interfaces/include/rrr_robot_interfaces/rrr_robot_interfaces/msg
-- Installing: /home/waritt/robotsim_ws/install/rrr_robot_interfaces/include/rrr_robot_interfaces/rrr_robot_interfaces/msg/rosidl_generator_c__visibility_control.h
-- Installing: /home/waritt/robotsim_ws/install/rrr_robot_interfaces/include/rrr_robot_interfaces/rrr_robot_interfaces/srv
-- Installing: /home/waritt/robotsim_ws/install/rrr_robot_interfaces/include/rrr_robot_interfaces/rrr_robot_interfaces/srv/rrr_invert_kinematics.h
-- Installing: /home/waritt/robotsim_ws/install/rrr_robot_interfaces/include/rrr_robot_interfaces/rrr_robot_interfaces/srv/rrr_mode.h
-- Installing: /home/waritt/robotsim_ws/install/rrr_robot_interfaces/include/rrr_robot_interfaces/rrr_robot_interfaces/srv/detail
-- Installing: /home/waritt/robotsim_ws/install/rrr_robot_interfaces/include/rrr_robot_interfaces/rrr_robot_interfaces/srv/detail/rrr_teleop__functions.h
-- Installing: /home/waritt/robotsim_ws/install/rrr_robot_interfaces/include/rrr_robot_interfaces/rrr_robot_interfaces/srv/detail/rrr_mode__type_support.h
-- Installing: /home/waritt/robotsim_ws/install/rrr_robot_interfaces/include/rrr_robot_interfaces/rrr_robot_interfaces/srv/detail/rrr_mode__struct.h
-- Installing: /home/waritt/robotsim_ws/install/rrr_robot_interfaces/include/rrr_robot_interfaces/rrr_robot_interfaces/srv/detail/rrr_invert_kinematics__struct.h
-- Installing: /home/waritt/robotsim_ws/install/rrr_robot_interfaces/include/rrr_robot_interfaces/rrr_robot_interfaces/srv/detail/rrr_teleop__type_support.h
-- Installing: /home/waritt/robotsim_ws/install/rrr_robot_interfaces/include/rrr_robot_interfaces/rrr_robot_interfaces/srv/detail/rrr_invert_kinematics__functions.h
-- Installing: /home/waritt/robotsim_ws/install/rrr_robot_interfaces/include/rrr_robot_interfaces/rrr_robot_interfaces/srv/detail/rrr_mode__functions.c
-- Installing: /home/waritt/robotsim_ws/install/rrr_robot_interfaces/include/rrr_robot_interfaces/rrr_robot_interfaces/srv/detail/rrr_teleop__functions.c
-- Installing: /home/waritt/robotsim_ws/install/rrr_robot_interfaces/include/rrr_robot_interfaces/rrr_robot_interfaces/srv/detail/rrr_invert_kinematics__functions.c
-- Installing: /home/waritt/robotsim_ws/install/rrr_robot_interfaces/include/rrr_robot_interfaces/rrr_robot_interfaces/srv/detail/rrr_teleop__struct.h
-- Installing: /home/waritt/robotsim_ws/install/rrr_robot_interfaces/include/rrr_robot_interfaces/rrr_robot_interfaces/srv/detail/rrr_mode__functions.h
-- Installing: /home/waritt/robotsim_ws/install/rrr_robot_interfaces/include/rrr_robot_interfaces/rrr_robot_interfaces/srv/detail/rrr_invert_kinematics__type_support.h
-- Installing: /home/waritt/robotsim_ws/install/rrr_robot_interfaces/include/rrr_robot_interfaces/rrr_robot_interfaces/srv/rrr_teleop.h
-- Installing: /home/waritt/robotsim_ws/install/rrr_robot_interfaces/share/rrr_robot_interfaces/environment/library_path.sh
-- Installing: /home/waritt/robotsim_ws/install/rrr_robot_interfaces/share/rrr_robot_interfaces/environment/library_path.dsv
-- Installing: /home/waritt/robotsim_ws/install/rrr_robot_interfaces/lib/librrr_robot_interfaces__rosidl_generator_c.so
-- Set runtime path of "/home/waritt/robotsim_ws/install/rrr_robot_interfaces/lib/librrr_robot_interfaces__rosidl_generator_c.so" to ""
-- Up-to-date: /home/waritt/robotsim_ws/install/rrr_robot_interfaces/include/rrr_robot_interfaces/rrr_robot_interfaces
-- Up-to-date: /home/waritt/robotsim_ws/install/rrr_robot_interfaces/include/rrr_robot_interfaces/rrr_robot_interfaces/msg
-- Installing: /home/waritt/robotsim_ws/install/rrr_robot_interfaces/include/rrr_robot_interfaces/rrr_robot_interfaces/msg/rosidl_typesupport_fastrtps_c__visibility_control.h
-- Up-to-date: /home/waritt/robotsim_ws/install/rrr_robot_interfaces/include/rrr_robot_interfaces/rrr_robot_interfaces/srv
-- Up-to-date: /home/waritt/robotsim_ws/install/rrr_robot_interfaces/include/rrr_robot_interfaces/rrr_robot_interfaces/srv/detail
-- Installing: /home/waritt/robotsim_ws/install/rrr_robot_interfaces/include/rrr_robot_interfaces/rrr_robot_interfaces/srv/detail/rrr_teleop__rosidl_typesupport_fastrtps_c.h
-- Installing: /home/waritt/robotsim_ws/install/rrr_robot_interfaces/include/rrr_robot_interfaces/rrr_robot_interfaces/srv/detail/rrr_invert_kinematics__rosidl_typesupport_fastrtps_c.h
-- Installing: /home/waritt/robotsim_ws/install/rrr_robot_interfaces/include/rrr_robot_interfaces/rrr_robot_interfaces/srv/detail/rrr_mode__rosidl_typesupport_fastrtps_c.h
-- Installing: /home/waritt/robotsim_ws/install/rrr_robot_interfaces/lib/librrr_robot_interfaces__rosidl_typesupport_fastrtps_c.so
-- Set runtime path of "/home/waritt/robotsim_ws/install/rrr_robot_interfaces/lib/librrr_robot_interfaces__rosidl_typesupport_fastrtps_c.so" to ""
-- Up-to-date: /home/waritt/robotsim_ws/install/rrr_robot_interfaces/include/rrr_robot_interfaces/rrr_robot_interfaces
-- Up-to-date: /home/waritt/robotsim_ws/install/rrr_robot_interfaces/include/rrr_robot_interfaces/rrr_robot_interfaces/srv
-- Installing: /home/waritt/robotsim_ws/install/rrr_robot_interfaces/include/rrr_robot_interfaces/rrr_robot_interfaces/srv/rrr_teleop.hpp
-- Installing: /home/waritt/robotsim_ws/install/rrr_robot_interfaces/include/rrr_robot_interfaces/rrr_robot_interfaces/srv/rrr_invert_kinematics.hpp
-- Up-to-date: /home/waritt/robotsim_ws/install/rrr_robot_interfaces/include/rrr_robot_interfaces/rrr_robot_interfaces/srv/detail
-- Installing: /home/waritt/robotsim_ws/install/rrr_robot_interfaces/include/rrr_robot_interfaces/rrr_robot_interfaces/srv/detail/rrr_invert_kinematics__traits.hpp
-- Installing: /home/waritt/robotsim_ws/install/rrr_robot_interfaces/include/rrr_robot_interfaces/rrr_robot_interfaces/srv/detail/rrr_teleop__struct.hpp
-- Installing: /home/waritt/robotsim_ws/install/rrr_robot_interfaces/include/rrr_robot_interfaces/rrr_robot_interfaces/srv/detail/rrr_teleop__builder.hpp
-- Installing: /home/waritt/robotsim_ws/install/rrr_robot_interfaces/include/rrr_robot_interfaces/rrr_robot_interfaces/srv/detail/rrr_invert_kinematics__builder.hpp
-- Installing: /home/waritt/robotsim_ws/install/rrr_robot_interfaces/include/rrr_robot_interfaces/rrr_robot_interfaces/srv/detail/rrr_invert_kinematics__struct.hpp
-- Installing: /home/waritt/robotsim_ws/install/rrr_robot_interfaces/include/rrr_robot_interfaces/rrr_robot_interfaces/srv/detail/rrr_mode__builder.hpp
-- Installing: /home/waritt/robotsim_ws/install/rrr_robot_interfaces/include/rrr_robot_interfaces/rrr_robot_interfaces/srv/detail/rrr_mode__struct.hpp
-- Installing: /home/waritt/robotsim_ws/install/rrr_robot_interfaces/include/rrr_robot_interfaces/rrr_robot_interfaces/srv/detail/rrr_mode__traits.hpp
-- Installing: /home/waritt/robotsim_ws/install/rrr_robot_interfaces/include/rrr_robot_interfaces/rrr_robot_interfaces/srv/detail/rrr_teleop__traits.hpp
-- Installing: /home/waritt/robotsim_ws/install/rrr_robot_interfaces/include/rrr_robot_interfaces/rrr_robot_interfaces/srv/rrr_mode.hpp
-- Up-to-date: /home/waritt/robotsim_ws/install/rrr_robot_interfaces/include/rrr_robot_interfaces/rrr_robot_interfaces
-- Up-to-date: /home/waritt/robotsim_ws/install/rrr_robot_interfaces/include/rrr_robot_interfaces/rrr_robot_interfaces/msg
-- Installing: /home/waritt/robotsim_ws/install/rrr_robot_interfaces/include/rrr_robot_interfaces/rrr_robot_interfaces/msg/rosidl_typesupport_fastrtps_cpp__visibility_control.h
-- Up-to-date: /home/waritt/robotsim_ws/install/rrr_robot_interfaces/include/rrr_robot_interfaces/rrr_robot_interfaces/srv
-- Up-to-date: /home/waritt/robotsim_ws/install/rrr_robot_interfaces/include/rrr_robot_interfaces/rrr_robot_interfaces/srv/detail
-- Installing: /home/waritt/robotsim_ws/install/rrr_robot_interfaces/include/rrr_robot_interfaces/rrr_robot_interfaces/srv/detail/rrr_invert_kinematics__rosidl_typesupport_fastrtps_cpp.hpp
-- Installing: /home/waritt/robotsim_ws/install/rrr_robot_interfaces/include/rrr_robot_interfaces/rrr_robot_interfaces/srv/detail/rrr_teleop__rosidl_typesupport_fastrtps_cpp.hpp
-- Installing: /home/waritt/robotsim_ws/install/rrr_robot_interfaces/include/rrr_robot_interfaces/rrr_robot_interfaces/srv/detail/dds_fastrtps
-- Installing: /home/waritt/robotsim_ws/install/rrr_robot_interfaces/include/rrr_robot_interfaces/rrr_robot_interfaces/srv/detail/rrr_mode__rosidl_typesupport_fastrtps_cpp.hpp
-- Installing: /home/waritt/robotsim_ws/install/rrr_robot_interfaces/lib/librrr_robot_interfaces__rosidl_typesupport_fastrtps_cpp.so
-- Set runtime path of "/home/waritt/robotsim_ws/install/rrr_robot_interfaces/lib/librrr_robot_interfaces__rosidl_typesupport_fastrtps_cpp.so" to ""
-- Up-to-date: /home/waritt/robotsim_ws/install/rrr_robot_interfaces/include/rrr_robot_interfaces/rrr_robot_interfaces
-- Up-to-date: /home/waritt/robotsim_ws/install/rrr_robot_interfaces/include/rrr_robot_interfaces/rrr_robot_interfaces/msg
-- Installing: /home/waritt/robotsim_ws/install/rrr_robot_interfaces/include/rrr_robot_interfaces/rrr_robot_interfaces/msg/rosidl_typesupport_introspection_c__visibility_control.h
-- Up-to-date: /home/waritt/robotsim_ws/install/rrr_robot_interfaces/include/rrr_robot_interfaces/rrr_robot_interfaces/srv
-- Up-to-date: /home/waritt/robotsim_ws/install/rrr_robot_interfaces/include/rrr_robot_interfaces/rrr_robot_interfaces/srv/detail
-- Installing: /home/waritt/robotsim_ws/install/rrr_robot_interfaces/include/rrr_robot_interfaces/rrr_robot_interfaces/srv/detail/rrr_invert_kinematics__type_support.c
-- Installing: /home/waritt/robotsim_ws/install/rrr_robot_interfaces/include/rrr_robot_interfaces/rrr_robot_interfaces/srv/detail/rrr_mode__type_support.c
-- Installing: /home/waritt/robotsim_ws/install/rrr_robot_interfaces/include/rrr_robot_interfaces/rrr_robot_interfaces/srv/detail/rrr_teleop__type_support.c
-- Installing: /home/waritt/robotsim_ws/install/rrr_robot_interfaces/include/rrr_robot_interfaces/rrr_robot_interfaces/srv/detail/rrr_teleop__rosidl_typesupport_introspection_c.h
-- Installing: /home/waritt/robotsim_ws/install/rrr_robot_interfaces/include/rrr_robot_interfaces/rrr_robot_interfaces/srv/detail/rrr_mode__rosidl_typesupport_introspection_c.h
-- Installing: /home/waritt/robotsim_ws/install/rrr_robot_interfaces/include/rrr_robot_interfaces/rrr_robot_interfaces/srv/detail/rrr_invert_kinematics__rosidl_typesupport_introspection_c.h
-- Installing: /home/waritt/robotsim_ws/install/rrr_robot_interfaces/lib/librrr_robot_interfaces__rosidl_typesupport_introspection_c.so
-- Set runtime path of "/home/waritt/robotsim_ws/install/rrr_robot_interfaces/lib/librrr_robot_interfaces__rosidl_typesupport_introspection_c.so" to ""
-- Installing: /home/waritt/robotsim_ws/install/rrr_robot_interfaces/lib/librrr_robot_interfaces__rosidl_typesupport_c.so
-- Set runtime path of "/home/waritt/robotsim_ws/install/rrr_robot_interfaces/lib/librrr_robot_interfaces__rosidl_typesupport_c.so" to ""
-- Up-to-date: /home/waritt/robotsim_ws/install/rrr_robot_interfaces/include/rrr_robot_interfaces/rrr_robot_interfaces
-- Up-to-date: /home/waritt/robotsim_ws/install/rrr_robot_interfaces/include/rrr_robot_interfaces/rrr_robot_interfaces/srv
-- Up-to-date: /home/waritt/robotsim_ws/install/rrr_robot_interfaces/include/rrr_robot_interfaces/rrr_robot_interfaces/srv/detail
-- Installing: /home/waritt/robotsim_ws/install/rrr_robot_interfaces/include/rrr_robot_interfaces/rrr_robot_interfaces/srv/detail/rrr_teleop__rosidl_typesupport_introspection_cpp.hpp
-- Installing: /home/waritt/robotsim_ws/install/rrr_robot_interfaces/include/rrr_robot_interfaces/rrr_robot_interfaces/srv/detail/rrr_teleop__type_support.cpp
-- Installing: /home/waritt/robotsim_ws/install/rrr_robot_interfaces/include/rrr_robot_interfaces/rrr_robot_interfaces/srv/detail/rrr_invert_kinematics__rosidl_typesupport_introspection_cpp.hpp
-- Installing: /home/waritt/robotsim_ws/install/rrr_robot_interfaces/include/rrr_robot_interfaces/rrr_robot_interfaces/srv/detail/rrr_invert_kinematics__type_support.cpp
-- Installing: /home/waritt/robotsim_ws/install/rrr_robot_interfaces/include/rrr_robot_interfaces/rrr_robot_interfaces/srv/detail/rrr_mode__type_support.cpp
-- Installing: /home/waritt/robotsim_ws/install/rrr_robot_interfaces/include/rrr_robot_interfaces/rrr_robot_interfaces/srv/detail/rrr_mode__rosidl_typesupport_introspection_cpp.hpp
-- Installing: /home/waritt/robotsim_ws/install/rrr_robot_interfaces/lib/librrr_robot_interfaces__rosidl_typesupport_introspection_cpp.so
-- Set runtime path of "/home/waritt/robotsim_ws/install/rrr_robot_interfaces/lib/librrr_robot_interfaces__rosidl_typesupport_introspection_cpp.so" to ""
-- Installing: /home/waritt/robotsim_ws/install/rrr_robot_interfaces/lib/librrr_robot_interfaces__rosidl_typesupport_cpp.so
-- Set runtime path of "/home/waritt/robotsim_ws/install/rrr_robot_interfaces/lib/librrr_robot_interfaces__rosidl_typesupport_cpp.so" to ""
-- Installing: /home/waritt/robotsim_ws/install/rrr_robot_interfaces/share/rrr_robot_interfaces/environment/pythonpath.sh
-- Installing: /home/waritt/robotsim_ws/install/rrr_robot_interfaces/share/rrr_robot_interfaces/environment/pythonpath.dsv
-- Installing: /home/waritt/robotsim_ws/install/rrr_robot_interfaces/local/lib/python3.10/dist-packages/rrr_robot_interfaces-0.0.0-py3.10.egg-info
-- Installing: /home/waritt/robotsim_ws/install/rrr_robot_interfaces/local/lib/python3.10/dist-packages/rrr_robot_interfaces-0.0.0-py3.10.egg-info/SOURCES.txt
-- Installing: /home/waritt/robotsim_ws/install/rrr_robot_interfaces/local/lib/python3.10/dist-packages/rrr_robot_interfaces-0.0.0-py3.10.egg-info/top_level.txt
-- Installing: /home/waritt/robotsim_ws/install/rrr_robot_interfaces/local/lib/python3.10/dist-packages/rrr_robot_interfaces-0.0.0-py3.10.egg-info/PKG-INFO
-- Installing: /home/waritt/robotsim_ws/install/rrr_robot_interfaces/local/lib/python3.10/dist-packages/rrr_robot_interfaces-0.0.0-py3.10.egg-info/dependency_links.txt
-- Installing: /home/waritt/robotsim_ws/install/rrr_robot_interfaces/local/lib/python3.10/dist-packages/rrr_robot_interfaces
-- Installing: /home/waritt/robotsim_ws/install/rrr_robot_interfaces/local/lib/python3.10/dist-packages/rrr_robot_interfaces/rrr_robot_interfaces_s__rosidl_typesupport_c.cpython-310-x86_64-linux-gnu.so
-- Installing: /home/waritt/robotsim_ws/install/rrr_robot_interfaces/local/lib/python3.10/dist-packages/rrr_robot_interfaces/__init__.py
-- Installing: /home/waritt/robotsim_ws/install/rrr_robot_interfaces/local/lib/python3.10/dist-packages/rrr_robot_interfaces/_rrr_robot_interfaces_s.ep.rosidl_typesupport_introspection_c.c
-- Installing: /home/waritt/robotsim_ws/install/rrr_robot_interfaces/local/lib/python3.10/dist-packages/rrr_robot_interfaces/rrr_robot_interfaces_s__rosidl_typesupport_introspection_c.cpython-310-x86_64-linux-gnu.so
-- Installing: /home/waritt/robotsim_ws/install/rrr_robot_interfaces/local/lib/python3.10/dist-packages/rrr_robot_interfaces/_rrr_robot_interfaces_s.ep.rosidl_typesupport_fastrtps_c.c
-- Installing: /home/waritt/robotsim_ws/install/rrr_robot_interfaces/local/lib/python3.10/dist-packages/rrr_robot_interfaces/rrr_robot_interfaces_s__rosidl_typesupport_fastrtps_c.cpython-310-x86_64-linux-gnu.so
-- Installing: /home/waritt/robotsim_ws/install/rrr_robot_interfaces/local/lib/python3.10/dist-packages/rrr_robot_interfaces/_rrr_robot_interfaces_s.ep.rosidl_typesupport_c.c
-- Installing: /home/waritt/robotsim_ws/install/rrr_robot_interfaces/local/lib/python3.10/dist-packages/rrr_robot_interfaces/librrr_robot_interfaces__rosidl_generator_py.so
-- Installing: /home/waritt/robotsim_ws/install/rrr_robot_interfaces/local/lib/python3.10/dist-packages/rrr_robot_interfaces/srv
-- Installing: /home/waritt/robotsim_ws/install/rrr_robot_interfaces/local/lib/python3.10/dist-packages/rrr_robot_interfaces/srv/__init__.py
-- Installing: /home/waritt/robotsim_ws/install/rrr_robot_interfaces/local/lib/python3.10/dist-packages/rrr_robot_interfaces/srv/_rrr_teleop_s.c
-- Installing: /home/waritt/robotsim_ws/install/rrr_robot_interfaces/local/lib/python3.10/dist-packages/rrr_robot_interfaces/srv/_rrr_invert_kinematics.py
-- Installing: /home/waritt/robotsim_ws/install/rrr_robot_interfaces/local/lib/python3.10/dist-packages/rrr_robot_interfaces/srv/_rrr_mode.py
-- Installing: /home/waritt/robotsim_ws/install/rrr_robot_interfaces/local/lib/python3.10/dist-packages/rrr_robot_interfaces/srv/_rrr_invert_kinematics_s.c
-- Installing: /home/waritt/robotsim_ws/install/rrr_robot_interfaces/local/lib/python3.10/dist-packages/rrr_robot_interfaces/srv/_rrr_mode_s.c
-- Installing: /home/waritt/robotsim_ws/install/rrr_robot_interfaces/local/lib/python3.10/dist-packages/rrr_robot_interfaces/srv/_rrr_teleop.py
Listing '/home/waritt/robotsim_ws/install/rrr_robot_interfaces/local/lib/python3.10/dist-packages/rrr_robot_interfaces'...
Compiling '/home/waritt/robotsim_ws/install/rrr_robot_interfaces/local/lib/python3.10/dist-packages/rrr_robot_interfaces/__init__.py'...
Listing '/home/waritt/robotsim_ws/install/rrr_robot_interfaces/local/lib/python3.10/dist-packages/rrr_robot_interfaces/srv'...
Compiling '/home/waritt/robotsim_ws/install/rrr_robot_interfaces/local/lib/python3.10/dist-packages/rrr_robot_interfaces/srv/__init__.py'...
Compiling '/home/waritt/robotsim_ws/install/rrr_robot_interfaces/local/lib/python3.10/dist-packages/rrr_robot_interfaces/srv/_rrr_invert_kinematics.py'...
Compiling '/home/waritt/robotsim_ws/install/rrr_robot_interfaces/local/lib/python3.10/dist-packages/rrr_robot_interfaces/srv/_rrr_mode.py'...
Compiling '/home/waritt/robotsim_ws/install/rrr_robot_interfaces/local/lib/python3.10/dist-packages/rrr_robot_interfaces/srv/_rrr_teleop.py'...
-- Installing: /home/waritt/robotsim_ws/install/rrr_robot_interfaces/local/lib/python3.10/dist-packages/rrr_robot_interfaces/rrr_robot_interfaces_s__rosidl_typesupport_fastrtps_c.cpython-310-x86_64-linux-gnu.so
-- Set runtime path of "/home/waritt/robotsim_ws/install/rrr_robot_interfaces/local/lib/python3.10/dist-packages/rrr_robot_interfaces/rrr_robot_interfaces_s__rosidl_typesupport_fastrtps_c.cpython-310-x86_64-linux-gnu.so" to ""
-- Installing: /home/waritt/robotsim_ws/install/rrr_robot_interfaces/local/lib/python3.10/dist-packages/rrr_robot_interfaces/rrr_robot_interfaces_s__rosidl_typesupport_introspection_c.cpython-310-x86_64-linux-gnu.so
-- Set runtime path of "/home/waritt/robotsim_ws/install/rrr_robot_interfaces/local/lib/python3.10/dist-packages/rrr_robot_interfaces/rrr_robot_interfaces_s__rosidl_typesupport_introspection_c.cpython-310-x86_64-linux-gnu.so" to ""
-- Installing: /home/waritt/robotsim_ws/install/rrr_robot_interfaces/local/lib/python3.10/dist-packages/rrr_robot_interfaces/rrr_robot_interfaces_s__rosidl_typesupport_c.cpython-310-x86_64-linux-gnu.so
-- Set runtime path of "/home/waritt/robotsim_ws/install/rrr_robot_interfaces/local/lib/python3.10/dist-packages/rrr_robot_interfaces/rrr_robot_interfaces_s__rosidl_typesupport_c.cpython-310-x86_64-linux-gnu.so" to ""
-- Installing: /home/waritt/robotsim_ws/install/rrr_robot_interfaces/lib/librrr_robot_interfaces__rosidl_generator_py.so
-- Set runtime path of "/home/waritt/robotsim_ws/install/rrr_robot_interfaces/lib/librrr_robot_interfaces__rosidl_generator_py.so" to ""
-- Installing: /home/waritt/robotsim_ws/install/rrr_robot_interfaces/share/rrr_robot_interfaces/srv/RRRMode.idl
-- Installing: /home/waritt/robotsim_ws/install/rrr_robot_interfaces/share/rrr_robot_interfaces/srv/RRRInvertKinematics.idl
-- Installing: /home/waritt/robotsim_ws/install/rrr_robot_interfaces/share/rrr_robot_interfaces/srv/RRRTeleop.idl
-- Installing: /home/waritt/robotsim_ws/install/rrr_robot_interfaces/share/rrr_robot_interfaces/srv/RRRMode.srv
-- Installing: /home/waritt/robotsim_ws/install/rrr_robot_interfaces/share/rrr_robot_interfaces/srv/RRRMode_Request.msg
-- Installing: /home/waritt/robotsim_ws/install/rrr_robot_interfaces/share/rrr_robot_interfaces/srv/RRRMode_Response.msg
-- Installing: /home/waritt/robotsim_ws/install/rrr_robot_interfaces/share/rrr_robot_interfaces/srv/RRRInvertKinematics.srv
-- Installing: /home/waritt/robotsim_ws/install/rrr_robot_interfaces/share/rrr_robot_interfaces/srv/RRRInvertKinematics_Request.msg
-- Installing: /home/waritt/robotsim_ws/install/rrr_robot_interfaces/share/rrr_robot_interfaces/srv/RRRInvertKinematics_Response.msg
-- Installing: /home/waritt/robotsim_ws/install/rrr_robot_interfaces/share/rrr_robot_interfaces/srv/RRRTeleop.srv
-- Installing: /home/waritt/robotsim_ws/install/rrr_robot_interfaces/share/rrr_robot_interfaces/srv/RRRTeleop_Request.msg
-- Installing: /home/waritt/robotsim_ws/install/rrr_robot_interfaces/share/rrr_robot_interfaces/srv/RRRTeleop_Response.msg
-- Installing: /home/waritt/robotsim_ws/install/rrr_robot_interfaces/share/ament_index/resource_index/package_run_dependencies/rrr_robot_interfaces
-- Installing: /home/waritt/robotsim_ws/install/rrr_robot_interfaces/share/ament_index/resource_index/parent_prefix_path/rrr_robot_interfaces
-- Installing: /home/waritt/robotsim_ws/install/rrr_robot_interfaces/share/rrr_robot_interfaces/environment/ament_prefix_path.sh
-- Installing: /home/waritt/robotsim_ws/install/rrr_robot_interfaces/share/rrr_robot_interfaces/environment/ament_prefix_path.dsv
-- Installing: /home/waritt/robotsim_ws/install/rrr_robot_interfaces/share/rrr_robot_interfaces/environment/path.sh
-- Installing: /home/waritt/robotsim_ws/install/rrr_robot_interfaces/share/rrr_robot_interfaces/environment/path.dsv
-- Installing: /home/waritt/robotsim_ws/install/rrr_robot_interfaces/share/rrr_robot_interfaces/local_setup.bash
-- Installing: /home/waritt/robotsim_ws/install/rrr_robot_interfaces/share/rrr_robot_interfaces/local_setup.sh
-- Installing: /home/waritt/robotsim_ws/install/rrr_robot_interfaces/share/rrr_robot_interfaces/local_setup.zsh
-- Installing: /home/waritt/robotsim_ws/install/rrr_robot_interfaces/share/rrr_robot_interfaces/local_setup.dsv
-- Installing: /home/waritt/robotsim_ws/install/rrr_robot_interfaces/share/rrr_robot_interfaces/package.dsv
-- Installing: /home/waritt/robotsim_ws/install/rrr_robot_interfaces/share/ament_index/resource_index/packages/rrr_robot_interfaces
-- Installing: /home/waritt/robotsim_ws/install/rrr_robot_interfaces/share/rrr_robot_interfaces/cmake/export_rrr_robot_interfaces__rosidl_generator_cExport.cmake
-- Installing: /home/waritt/robotsim_ws/install/rrr_robot_interfaces/share/rrr_robot_interfaces/cmake/export_rrr_robot_interfaces__rosidl_generator_cExport-noconfig.cmake
-- Installing: /home/waritt/robotsim_ws/install/rrr_robot_interfaces/share/rrr_robot_interfaces/cmake/export_rrr_robot_interfaces__rosidl_typesupport_fastrtps_cExport.cmake
-- Installing: /home/waritt/robotsim_ws/install/rrr_robot_interfaces/share/rrr_robot_interfaces/cmake/export_rrr_robot_interfaces__rosidl_typesupport_fastrtps_cExport-noconfig.cmake
-- Installing: /home/waritt/robotsim_ws/install/rrr_robot_interfaces/share/rrr_robot_interfaces/cmake/export_rrr_robot_interfaces__rosidl_generator_cppExport.cmake
-- Installing: /home/waritt/robotsim_ws/install/rrr_robot_interfaces/share/rrr_robot_interfaces/cmake/export_rrr_robot_interfaces__rosidl_typesupport_fastrtps_cppExport.cmake
-- Installing: /home/waritt/robotsim_ws/install/rrr_robot_interfaces/share/rrr_robot_interfaces/cmake/export_rrr_robot_interfaces__rosidl_typesupport_fastrtps_cppExport-noconfig.cmake
-- Installing: /home/waritt/robotsim_ws/install/rrr_robot_interfaces/share/rrr_robot_interfaces/cmake/rrr_robot_interfaces__rosidl_typesupport_introspection_cExport.cmake
-- Installing: /home/waritt/robotsim_ws/install/rrr_robot_interfaces/share/rrr_robot_interfaces/cmake/rrr_robot_interfaces__rosidl_typesupport_introspection_cExport-noconfig.cmake
-- Installing: /home/waritt/robotsim_ws/install/rrr_robot_interfaces/share/rrr_robot_interfaces/cmake/rrr_robot_interfaces__rosidl_typesupport_cExport.cmake
-- Installing: /home/waritt/robotsim_ws/install/rrr_robot_interfaces/share/rrr_robot_interfaces/cmake/rrr_robot_interfaces__rosidl_typesupport_cExport-noconfig.cmake
-- Installing: /home/waritt/robotsim_ws/install/rrr_robot_interfaces/share/rrr_robot_interfaces/cmake/rrr_robot_interfaces__rosidl_typesupport_introspection_cppExport.cmake
-- Installing: /home/waritt/robotsim_ws/install/rrr_robot_interfaces/share/rrr_robot_interfaces/cmake/rrr_robot_interfaces__rosidl_typesupport_introspection_cppExport-noconfig.cmake
-- Installing: /home/waritt/robotsim_ws/install/rrr_robot_interfaces/share/rrr_robot_interfaces/cmake/rrr_robot_interfaces__rosidl_typesupport_cppExport.cmake
-- Installing: /home/waritt/robotsim_ws/install/rrr_robot_interfaces/share/rrr_robot_interfaces/cmake/rrr_robot_interfaces__rosidl_typesupport_cppExport-noconfig.cmake
-- Installing: /home/waritt/robotsim_ws/install/rrr_robot_interfaces/share/rrr_robot_interfaces/cmake/export_rrr_robot_interfaces__rosidl_generator_pyExport.cmake
-- Installing: /home/waritt/robotsim_ws/install/rrr_robot_interfaces/share/rrr_robot_interfaces/cmake/export_rrr_robot_interfaces__rosidl_generator_pyExport-noconfig.cmake
-- Installing: /home/waritt/robotsim_ws/install/rrr_robot_interfaces/share/rrr_robot_interfaces/cmake/rosidl_cmake-extras.cmake
-- Installing: /home/waritt/robotsim_ws/install/rrr_robot_interfaces/share/rrr_robot_interfaces/cmake/ament_cmake_export_dependencies-extras.cmake
-- Installing: /home/waritt/robotsim_ws/install/rrr_robot_interfaces/share/rrr_robot_interfaces/cmake/ament_cmake_export_include_directories-extras.cmake
-- Installing: /home/waritt/robotsim_ws/install/rrr_robot_interfaces/share/rrr_robot_interfaces/cmake/ament_cmake_export_libraries-extras.cmake
-- Installing: /home/waritt/robotsim_ws/install/rrr_robot_interfaces/share/rrr_robot_interfaces/cmake/ament_cmake_export_targets-extras.cmake
-- Installing: /home/waritt/robotsim_ws/install/rrr_robot_interfaces/share/rrr_robot_interfaces/cmake/rosidl_cmake_export_typesupport_targets-extras.cmake
-- Installing: /home/waritt/robotsim_ws/install/rrr_robot_interfaces/share/rrr_robot_interfaces/cmake/rosidl_cmake_export_typesupport_libraries-extras.cmake
-- Installing: /home/waritt/robotsim_ws/install/rrr_robot_interfaces/share/rrr_robot_interfaces/cmake/rrr_robot_interfacesConfig.cmake
-- Installing: /home/waritt/robotsim_ws/install/rrr_robot_interfaces/share/rrr_robot_interfaces/cmake/rrr_robot_interfacesConfig-version.cmake
-- Installing: /home/waritt/robotsim_ws/install/rrr_robot_interfaces/share/rrr_robot_interfaces/package.xml
