[0.065s] DEBUG:colcon:Command line arguments: ['/usr/bin/colcon', 'build']
[0.065s] DEBUG:colcon:Parsed command line arguments: Namespace(log_base=None, log_level=None, verb_name='build', build_base='build', install_base='install', merge_install=False, symlink_install=False, test_result_base=None, continue_on_error=False, executor='parallel', parallel_workers=16, event_handlers=None, ignore_user_meta=False, metas=['./colcon.meta'], base_paths=['.'], packages_ignore=None, packages_ignore_regex=None, paths=None, packages_up_to=None, packages_up_to_regex=None, packages_above=None, packages_above_and_dependencies=None, packages_above_depth=None, packages_select_by_dep=None, packages_skip_by_dep=None, packages_skip_up_to=None, packages_select_build_failed=False, packages_skip_build_finished=False, packages_select_test_failures=False, packages_skip_test_passed=False, packages_select=None, packages_skip=None, packages_select_regex=None, packages_skip_regex=None, packages_start=None, packages_end=None, allow_overriding=[], cmake_args=None, cmake_target=None, cmake_target_skip_unavailable=False, cmake_clean_cache=False, cmake_clean_first=False, cmake_force_configure=False, ament_cmake_args=None, catkin_cmake_args=None, catkin_skip_building_tests=False, verb_parser=<colcon_defaults.argument_parser.defaults.DefaultArgumentsDecorator object at 0x78fd0363e3b0>, verb_extension=<colcon_core.verb.build.BuildVerb object at 0x78fd0363dea0>, main=<bound method BuildVerb.main of <colcon_core.verb.build.BuildVerb object at 0x78fd0363dea0>>)
[0.165s] Level 1:colcon.colcon_core.package_discovery:discover_packages(colcon_meta) check parameters
[0.165s] Level 1:colcon.colcon_core.package_discovery:discover_packages(recursive) check parameters
[0.165s] Level 1:colcon.colcon_core.package_discovery:discover_packages(ignore) check parameters
[0.165s] Level 1:colcon.colcon_core.package_discovery:discover_packages(path) check parameters
[0.165s] Level 1:colcon.colcon_core.package_discovery:discover_packages(colcon_meta) discover
[0.165s] Level 1:colcon.colcon_core.package_discovery:discover_packages(recursive) discover
[0.165s] INFO:colcon.colcon_core.package_discovery:Crawling recursively for packages in '/home/waritt/robotsim_ws'
[0.165s] Level 1:colcon.colcon_core.package_identification:_identify(.) by extensions ['ignore', 'ignore_ament_install']
[0.165s] Level 1:colcon.colcon_core.package_identification:_identify(.) by extension 'ignore'
[0.165s] Level 1:colcon.colcon_core.package_identification:_identify(.) by extension 'ignore_ament_install'
[0.165s] Level 1:colcon.colcon_core.package_identification:_identify(.) by extensions ['colcon_pkg']
[0.165s] Level 1:colcon.colcon_core.package_identification:_identify(.) by extension 'colcon_pkg'
[0.165s] Level 1:colcon.colcon_core.package_identification:_identify(.) by extensions ['colcon_meta']
[0.165s] Level 1:colcon.colcon_core.package_identification:_identify(.) by extension 'colcon_meta'
[0.165s] Level 1:colcon.colcon_core.package_identification:_identify(.) by extensions ['ros']
[0.165s] Level 1:colcon.colcon_core.package_identification:_identify(.) by extension 'ros'
[0.172s] Level 1:colcon.colcon_core.package_identification:_identify(.) by extensions ['cmake', 'python']
[0.172s] Level 1:colcon.colcon_core.package_identification:_identify(.) by extension 'cmake'
[0.172s] Level 1:colcon.colcon_core.package_identification:_identify(.) by extension 'python'
[0.172s] Level 1:colcon.colcon_core.package_identification:_identify(.) by extensions ['python_setup_py']
[0.172s] Level 1:colcon.colcon_core.package_identification:_identify(.) by extension 'python_setup_py'
[0.172s] Level 1:colcon.colcon_core.package_identification:_identify(build) by extensions ['ignore', 'ignore_ament_install']
[0.172s] Level 1:colcon.colcon_core.package_identification:_identify(build) by extension 'ignore'
[0.172s] Level 1:colcon.colcon_core.package_identification:_identify(build) ignored
[0.172s] Level 1:colcon.colcon_core.package_identification:_identify(install) by extensions ['ignore', 'ignore_ament_install']
[0.172s] Level 1:colcon.colcon_core.package_identification:_identify(install) by extension 'ignore'
[0.172s] Level 1:colcon.colcon_core.package_identification:_identify(install) ignored
[0.173s] Level 1:colcon.colcon_core.package_identification:_identify(log) by extensions ['ignore', 'ignore_ament_install']
[0.173s] Level 1:colcon.colcon_core.package_identification:_identify(log) by extension 'ignore'
[0.173s] Level 1:colcon.colcon_core.package_identification:_identify(log) ignored
[0.173s] Level 1:colcon.colcon_core.package_identification:_identify(src) by extensions ['ignore', 'ignore_ament_install']
[0.173s] Level 1:colcon.colcon_core.package_identification:_identify(src) by extension 'ignore'
[0.173s] Level 1:colcon.colcon_core.package_identification:_identify(src) by extension 'ignore_ament_install'
[0.173s] Level 1:colcon.colcon_core.package_identification:_identify(src) by extensions ['colcon_pkg']
[0.173s] Level 1:colcon.colcon_core.package_identification:_identify(src) by extension 'colcon_pkg'
[0.173s] Level 1:colcon.colcon_core.package_identification:_identify(src) by extensions ['colcon_meta']
[0.173s] Level 1:colcon.colcon_core.package_identification:_identify(src) by extension 'colcon_meta'
[0.173s] Level 1:colcon.colcon_core.package_identification:_identify(src) by extensions ['ros']
[0.173s] Level 1:colcon.colcon_core.package_identification:_identify(src) by extension 'ros'
[0.173s] Level 1:colcon.colcon_core.package_identification:_identify(src) by extensions ['cmake', 'python']
[0.173s] Level 1:colcon.colcon_core.package_identification:_identify(src) by extension 'cmake'
[0.173s] Level 1:colcon.colcon_core.package_identification:_identify(src) by extension 'python'
[0.173s] Level 1:colcon.colcon_core.package_identification:_identify(src) by extensions ['python_setup_py']
[0.173s] Level 1:colcon.colcon_core.package_identification:_identify(src) by extension 'python_setup_py'
[0.173s] Level 1:colcon.colcon_core.package_identification:_identify(src/rrr_robot) by extensions ['ignore', 'ignore_ament_install']
[0.173s] Level 1:colcon.colcon_core.package_identification:_identify(src/rrr_robot) by extension 'ignore'
[0.173s] Level 1:colcon.colcon_core.package_identification:_identify(src/rrr_robot) by extension 'ignore_ament_install'
[0.173s] Level 1:colcon.colcon_core.package_identification:_identify(src/rrr_robot) by extensions ['colcon_pkg']
[0.173s] Level 1:colcon.colcon_core.package_identification:_identify(src/rrr_robot) by extension 'colcon_pkg'
[0.173s] Level 1:colcon.colcon_core.package_identification:_identify(src/rrr_robot) by extensions ['colcon_meta']
[0.173s] Level 1:colcon.colcon_core.package_identification:_identify(src/rrr_robot) by extension 'colcon_meta'
[0.173s] Level 1:colcon.colcon_core.package_identification:_identify(src/rrr_robot) by extensions ['ros']
[0.173s] Level 1:colcon.colcon_core.package_identification:_identify(src/rrr_robot) by extension 'ros'
[0.175s] DEBUG:colcon.colcon_core.package_identification:Package 'src/rrr_robot' with type 'ros.ament_cmake' and name 'rrr_robot'
[0.175s] Level 1:colcon.colcon_core.package_identification:_identify(src/rrr_robot_interfaces) by extensions ['ignore', 'ignore_ament_install']
[0.175s] Level 1:colcon.colcon_core.package_identification:_identify(src/rrr_robot_interfaces) by extension 'ignore'
[0.175s] Level 1:colcon.colcon_core.package_identification:_identify(src/rrr_robot_interfaces) by extension 'ignore_ament_install'
[0.175s] Level 1:colcon.colcon_core.package_identification:_identify(src/rrr_robot_interfaces) by extensions ['colcon_pkg']
[0.175s] Level 1:colcon.colcon_core.package_identification:_identify(src/rrr_robot_interfaces) by extension 'colcon_pkg'
[0.175s] Level 1:colcon.colcon_core.package_identification:_identify(src/rrr_robot_interfaces) by extensions ['colcon_meta']
[0.175s] Level 1:colcon.colcon_core.package_identification:_identify(src/rrr_robot_interfaces) by extension 'colcon_meta'
[0.175s] Level 1:colcon.colcon_core.package_identification:_identify(src/rrr_robot_interfaces) by extensions ['ros']
[0.175s] Level 1:colcon.colcon_core.package_identification:_identify(src/rrr_robot_interfaces) by extension 'ros'
[0.176s] DEBUG:colcon.colcon_core.package_identification:Package 'src/rrr_robot_interfaces' with type 'ros.ament_cmake' and name 'rrr_robot_interfaces'
[0.176s] Level 1:colcon.colcon_core.package_discovery:discover_packages(recursive) using defaults
[0.176s] Level 1:colcon.colcon_core.package_discovery:discover_packages(ignore) discover
[0.176s] Level 1:colcon.colcon_core.package_discovery:discover_packages(ignore) using defaults
[0.176s] Level 1:colcon.colcon_core.package_discovery:discover_packages(path) discover
[0.176s] Level 1:colcon.colcon_core.package_discovery:discover_packages(path) using defaults
[0.188s] Level 1:colcon.colcon_core.package_discovery:discover_packages(prefix_path) check parameters
[0.188s] Level 1:colcon.colcon_core.package_discovery:discover_packages(prefix_path) discover
[0.189s] DEBUG:colcon.colcon_installed_package_information.package_discovery:Found 2 installed packages in /home/waritt/robotsim_ws/install
[0.190s] DEBUG:colcon.colcon_installed_package_information.package_discovery:Found 12 installed packages in /home/waritt/ros2_ws/install
[0.191s] DEBUG:colcon.colcon_installed_package_information.package_discovery:Found 336 installed packages in /opt/ros/humble
[0.198s] Level 1:colcon.colcon_core.package_discovery:discover_packages(prefix_path) using defaults
[0.223s] Level 5:colcon.colcon_core.verb:set package 'rrr_robot' build argument 'cmake_args' from command line to 'None'
[0.223s] Level 5:colcon.colcon_core.verb:set package 'rrr_robot' build argument 'cmake_target' from command line to 'None'
[0.223s] Level 5:colcon.colcon_core.verb:set package 'rrr_robot' build argument 'cmake_target_skip_unavailable' from command line to 'False'
[0.223s] Level 5:colcon.colcon_core.verb:set package 'rrr_robot' build argument 'cmake_clean_cache' from command line to 'False'
[0.223s] Level 5:colcon.colcon_core.verb:set package 'rrr_robot' build argument 'cmake_clean_first' from command line to 'False'
[0.223s] Level 5:colcon.colcon_core.verb:set package 'rrr_robot' build argument 'cmake_force_configure' from command line to 'False'
[0.223s] Level 5:colcon.colcon_core.verb:set package 'rrr_robot' build argument 'ament_cmake_args' from command line to 'None'
[0.223s] Level 5:colcon.colcon_core.verb:set package 'rrr_robot' build argument 'catkin_cmake_args' from command line to 'None'
[0.223s] Level 5:colcon.colcon_core.verb:set package 'rrr_robot' build argument 'catkin_skip_building_tests' from command line to 'False'
[0.223s] DEBUG:colcon.colcon_core.verb:Building package 'rrr_robot' with the following arguments: {'ament_cmake_args': None, 'build_base': '/home/waritt/robotsim_ws/build/rrr_robot', 'catkin_cmake_args': None, 'catkin_skip_building_tests': False, 'cmake_args': None, 'cmake_clean_cache': False, 'cmake_clean_first': False, 'cmake_force_configure': False, 'cmake_target': None, 'cmake_target_skip_unavailable': False, 'install_base': '/home/waritt/robotsim_ws/install/rrr_robot', 'merge_install': False, 'path': '/home/waritt/robotsim_ws/src/rrr_robot', 'symlink_install': False, 'test_result_base': None}
[0.224s] Level 5:colcon.colcon_core.verb:set package 'rrr_robot_interfaces' build argument 'cmake_args' from command line to 'None'
[0.224s] Level 5:colcon.colcon_core.verb:set package 'rrr_robot_interfaces' build argument 'cmake_target' from command line to 'None'
[0.224s] Level 5:colcon.colcon_core.verb:set package 'rrr_robot_interfaces' build argument 'cmake_target_skip_unavailable' from command line to 'False'
[0.224s] Level 5:colcon.colcon_core.verb:set package 'rrr_robot_interfaces' build argument 'cmake_clean_cache' from command line to 'False'
[0.224s] Level 5:colcon.colcon_core.verb:set package 'rrr_robot_interfaces' build argument 'cmake_clean_first' from command line to 'False'
[0.224s] Level 5:colcon.colcon_core.verb:set package 'rrr_robot_interfaces' build argument 'cmake_force_configure' from command line to 'False'
[0.224s] Level 5:colcon.colcon_core.verb:set package 'rrr_robot_interfaces' build argument 'ament_cmake_args' from command line to 'None'
[0.224s] Level 5:colcon.colcon_core.verb:set package 'rrr_robot_interfaces' build argument 'catkin_cmake_args' from command line to 'None'
[0.224s] Level 5:colcon.colcon_core.verb:set package 'rrr_robot_interfaces' build argument 'catkin_skip_building_tests' from command line to 'False'
[0.224s] DEBUG:colcon.colcon_core.verb:Building package 'rrr_robot_interfaces' with the following arguments: {'ament_cmake_args': None, 'build_base': '/home/waritt/robotsim_ws/build/rrr_robot_interfaces', 'catkin_cmake_args': None, 'catkin_skip_building_tests': False, 'cmake_args': None, 'cmake_clean_cache': False, 'cmake_clean_first': False, 'cmake_force_configure': False, 'cmake_target': None, 'cmake_target_skip_unavailable': False, 'install_base': '/home/waritt/robotsim_ws/install/rrr_robot_interfaces', 'merge_install': False, 'path': '/home/waritt/robotsim_ws/src/rrr_robot_interfaces', 'symlink_install': False, 'test_result_base': None}
[0.224s] INFO:colcon.colcon_core.executor:Executing jobs using 'parallel' executor
[0.225s] DEBUG:colcon.colcon_parallel_executor.executor.parallel:run_until_complete
[0.225s] INFO:colcon.colcon_ros.task.ament_cmake.build:Building ROS package in '/home/waritt/robotsim_ws/src/rrr_robot' with build type 'ament_cmake'
[0.225s] INFO:colcon.colcon_cmake.task.cmake.build:Building CMake package in '/home/waritt/robotsim_ws/src/rrr_robot'
[0.226s] INFO:colcon.colcon_core.plugin_system:Skipping extension 'colcon_core.shell.bat': Not used on non-Windows systems
[0.226s] INFO:colcon.colcon_core.shell:Skip shell extension 'powershell' for command environment: Not usable outside of PowerShell
[0.226s] DEBUG:colcon.colcon_core.shell:Skip shell extension 'dsv' for command environment
[0.229s] INFO:colcon.colcon_ros.task.ament_cmake.build:Building ROS package in '/home/waritt/robotsim_ws/src/rrr_robot_interfaces' with build type 'ament_cmake'
[0.229s] INFO:colcon.colcon_cmake.task.cmake.build:Building CMake package in '/home/waritt/robotsim_ws/src/rrr_robot_interfaces'
[0.229s] INFO:colcon.colcon_core.shell:Skip shell extension 'powershell' for command environment: Not usable outside of PowerShell
[0.229s] DEBUG:colcon.colcon_core.shell:Skip shell extension 'dsv' for command environment
[0.235s] DEBUG:colcon.colcon_core.event_handler.log_command:Invoking command in '/home/waritt/robotsim_ws/build/rrr_robot': CMAKE_PREFIX_PATH=${CMAKE_PREFIX_PATH}:/opt/ros/humble /usr/bin/cmake --build /home/waritt/robotsim_ws/build/rrr_robot -- -j16 -l16
[0.238s] DEBUG:colcon.colcon_core.event_handler.log_command:Invoking command in '/home/waritt/robotsim_ws/build/rrr_robot_interfaces': CMAKE_PREFIX_PATH=${CMAKE_PREFIX_PATH}:/opt/ros/humble /usr/bin/cmake --build /home/waritt/robotsim_ws/build/rrr_robot_interfaces -- -j16 -l16
[0.461s] DEBUG:colcon.colcon_core.event_handler.log_command:Invoked command in '/home/waritt/robotsim_ws/build/rrr_robot' returned '0': CMAKE_PREFIX_PATH=${CMAKE_PREFIX_PATH}:/opt/ros/humble /usr/bin/cmake --build /home/waritt/robotsim_ws/build/rrr_robot -- -j16 -l16
[0.463s] DEBUG:colcon.colcon_core.event_handler.log_command:Invoked command in '/home/waritt/robotsim_ws/build/rrr_robot_interfaces' returned '0': CMAKE_PREFIX_PATH=${CMAKE_PREFIX_PATH}:/opt/ros/humble /usr/bin/cmake --build /home/waritt/robotsim_ws/build/rrr_robot_interfaces -- -j16 -l16
[0.485s] DEBUG:colcon.colcon_core.event_handler.log_command:Invoking command in '/home/waritt/robotsim_ws/build/rrr_robot': CMAKE_PREFIX_PATH=${CMAKE_PREFIX_PATH}:/opt/ros/humble /usr/bin/cmake --install /home/waritt/robotsim_ws/build/rrr_robot
[0.517s] Level 1:colcon.colcon_core.environment:create_environment_scripts_only(rrr_robot)
[0.518s] DEBUG:colcon.colcon_core.event_handler.log_command:Invoked command in '/home/waritt/robotsim_ws/build/rrr_robot' returned '0': CMAKE_PREFIX_PATH=${CMAKE_PREFIX_PATH}:/opt/ros/humble /usr/bin/cmake --install /home/waritt/robotsim_ws/build/rrr_robot
[0.519s] Level 1:colcon.colcon_core.environment:checking '/home/waritt/robotsim_ws/install/rrr_robot' for CMake module files
[0.519s] Level 1:colcon.colcon_core.environment:checking '/home/waritt/robotsim_ws/install/rrr_robot' for CMake config files
[0.519s] Level 1:colcon.colcon_core.shell:create_environment_hook('rrr_robot', 'cmake_prefix_path')
[0.520s] INFO:colcon.colcon_core.shell:Creating environment hook '/home/waritt/robotsim_ws/install/rrr_robot/share/rrr_robot/hook/cmake_prefix_path.ps1'
[0.520s] INFO:colcon.colcon_core.shell:Creating environment descriptor '/home/waritt/robotsim_ws/install/rrr_robot/share/rrr_robot/hook/cmake_prefix_path.dsv'
[0.520s] INFO:colcon.colcon_core.shell:Creating environment hook '/home/waritt/robotsim_ws/install/rrr_robot/share/rrr_robot/hook/cmake_prefix_path.sh'
[0.521s] Level 1:colcon.colcon_core.environment:checking '/home/waritt/robotsim_ws/install/rrr_robot/lib'
[0.521s] Level 1:colcon.colcon_core.environment:checking '/home/waritt/robotsim_ws/install/rrr_robot/bin'
[0.521s] Level 1:colcon.colcon_core.environment:checking '/home/waritt/robotsim_ws/install/rrr_robot/lib/pkgconfig/rrr_robot.pc'
[0.521s] Level 1:colcon.colcon_core.environment:checking '/home/waritt/robotsim_ws/install/rrr_robot/lib/python3.10/site-packages'
[0.521s] Level 1:colcon.colcon_core.environment:checking '/home/waritt/robotsim_ws/install/rrr_robot/bin'
[0.521s] INFO:colcon.colcon_core.shell:Creating package script '/home/waritt/robotsim_ws/install/rrr_robot/share/rrr_robot/package.ps1'
[0.522s] INFO:colcon.colcon_core.shell:Creating package descriptor '/home/waritt/robotsim_ws/install/rrr_robot/share/rrr_robot/package.dsv'
[0.522s] INFO:colcon.colcon_core.shell:Creating package script '/home/waritt/robotsim_ws/install/rrr_robot/share/rrr_robot/package.sh'
[0.523s] INFO:colcon.colcon_core.shell:Creating package script '/home/waritt/robotsim_ws/install/rrr_robot/share/rrr_robot/package.bash'
[0.523s] INFO:colcon.colcon_core.shell:Creating package script '/home/waritt/robotsim_ws/install/rrr_robot/share/rrr_robot/package.zsh'
[0.523s] Level 1:colcon.colcon_core.environment:create_file_with_runtime_dependencies(/home/waritt/robotsim_ws/install/rrr_robot/share/colcon-core/packages/rrr_robot)
[0.529s] DEBUG:colcon.colcon_core.event_handler.log_command:Invoking command in '/home/waritt/robotsim_ws/build/rrr_robot_interfaces': CMAKE_PREFIX_PATH=${CMAKE_PREFIX_PATH}:/opt/ros/humble /usr/bin/cmake --install /home/waritt/robotsim_ws/build/rrr_robot_interfaces
[0.541s] Level 1:colcon.colcon_core.environment:create_environment_scripts_only(rrr_robot)
[0.541s] Level 1:colcon.colcon_core.environment:checking '/home/waritt/robotsim_ws/install/rrr_robot' for CMake module files
[0.542s] Level 1:colcon.colcon_core.environment:checking '/home/waritt/robotsim_ws/install/rrr_robot' for CMake config files
[0.542s] Level 1:colcon.colcon_core.shell:create_environment_hook('rrr_robot', 'cmake_prefix_path')
[0.542s] INFO:colcon.colcon_core.shell:Creating environment hook '/home/waritt/robotsim_ws/install/rrr_robot/share/rrr_robot/hook/cmake_prefix_path.ps1'
[0.542s] INFO:colcon.colcon_core.shell:Creating environment descriptor '/home/waritt/robotsim_ws/install/rrr_robot/share/rrr_robot/hook/cmake_prefix_path.dsv'
[0.542s] INFO:colcon.colcon_core.shell:Creating environment hook '/home/waritt/robotsim_ws/install/rrr_robot/share/rrr_robot/hook/cmake_prefix_path.sh'
[0.543s] Level 1:colcon.colcon_core.environment:checking '/home/waritt/robotsim_ws/install/rrr_robot/lib'
[0.543s] Level 1:colcon.colcon_core.environment:checking '/home/waritt/robotsim_ws/install/rrr_robot/bin'
[0.543s] Level 1:colcon.colcon_core.environment:checking '/home/waritt/robotsim_ws/install/rrr_robot/lib/pkgconfig/rrr_robot.pc'
[0.543s] Level 1:colcon.colcon_core.environment:checking '/home/waritt/robotsim_ws/install/rrr_robot/lib/python3.10/site-packages'
[0.543s] Level 1:colcon.colcon_core.environment:checking '/home/waritt/robotsim_ws/install/rrr_robot/bin'
[0.543s] INFO:colcon.colcon_core.shell:Creating package script '/home/waritt/robotsim_ws/install/rrr_robot/share/rrr_robot/package.ps1'
[0.544s] INFO:colcon.colcon_core.shell:Creating package descriptor '/home/waritt/robotsim_ws/install/rrr_robot/share/rrr_robot/package.dsv'
[0.544s] INFO:colcon.colcon_core.shell:Creating package script '/home/waritt/robotsim_ws/install/rrr_robot/share/rrr_robot/package.sh'
[0.544s] INFO:colcon.colcon_core.shell:Creating package script '/home/waritt/robotsim_ws/install/rrr_robot/share/rrr_robot/package.bash'
[0.544s] INFO:colcon.colcon_core.shell:Creating package script '/home/waritt/robotsim_ws/install/rrr_robot/share/rrr_robot/package.zsh'
[0.545s] Level 1:colcon.colcon_core.environment:create_file_with_runtime_dependencies(/home/waritt/robotsim_ws/install/rrr_robot/share/colcon-core/packages/rrr_robot)
[0.566s] Level 1:colcon.colcon_core.environment:create_environment_scripts_only(rrr_robot_interfaces)
[0.566s] Level 1:colcon.colcon_core.environment:checking '/home/waritt/robotsim_ws/install/rrr_robot_interfaces' for CMake module files
[0.566s] DEBUG:colcon.colcon_core.event_handler.log_command:Invoked command in '/home/waritt/robotsim_ws/build/rrr_robot_interfaces' returned '0': CMAKE_PREFIX_PATH=${CMAKE_PREFIX_PATH}:/opt/ros/humble /usr/bin/cmake --install /home/waritt/robotsim_ws/build/rrr_robot_interfaces
[0.567s] Level 1:colcon.colcon_core.environment:checking '/home/waritt/robotsim_ws/install/rrr_robot_interfaces' for CMake config files
[0.567s] Level 1:colcon.colcon_core.shell:create_environment_hook('rrr_robot_interfaces', 'cmake_prefix_path')
[0.567s] INFO:colcon.colcon_core.shell:Creating environment hook '/home/waritt/robotsim_ws/install/rrr_robot_interfaces/share/rrr_robot_interfaces/hook/cmake_prefix_path.ps1'
[0.567s] INFO:colcon.colcon_core.shell:Creating environment descriptor '/home/waritt/robotsim_ws/install/rrr_robot_interfaces/share/rrr_robot_interfaces/hook/cmake_prefix_path.dsv'
[0.568s] INFO:colcon.colcon_core.shell:Creating environment hook '/home/waritt/robotsim_ws/install/rrr_robot_interfaces/share/rrr_robot_interfaces/hook/cmake_prefix_path.sh'
[0.568s] Level 1:colcon.colcon_core.environment:checking '/home/waritt/robotsim_ws/install/rrr_robot_interfaces/lib'
[0.568s] Level 1:colcon.colcon_core.shell:create_environment_hook('rrr_robot_interfaces', 'ld_library_path_lib')
[0.568s] INFO:colcon.colcon_core.shell:Creating environment hook '/home/waritt/robotsim_ws/install/rrr_robot_interfaces/share/rrr_robot_interfaces/hook/ld_library_path_lib.ps1'
[0.568s] INFO:colcon.colcon_core.shell:Creating environment descriptor '/home/waritt/robotsim_ws/install/rrr_robot_interfaces/share/rrr_robot_interfaces/hook/ld_library_path_lib.dsv'
[0.569s] INFO:colcon.colcon_core.shell:Creating environment hook '/home/waritt/robotsim_ws/install/rrr_robot_interfaces/share/rrr_robot_interfaces/hook/ld_library_path_lib.sh'
[0.569s] Level 1:colcon.colcon_core.environment:checking '/home/waritt/robotsim_ws/install/rrr_robot_interfaces/bin'
[0.569s] Level 1:colcon.colcon_core.environment:checking '/home/waritt/robotsim_ws/install/rrr_robot_interfaces/lib/pkgconfig/rrr_robot_interfaces.pc'
[0.569s] Level 1:colcon.colcon_core.environment:checking '/home/waritt/robotsim_ws/install/rrr_robot_interfaces/lib/python3.10/site-packages'
[0.569s] Level 1:colcon.colcon_core.environment:checking '/home/waritt/robotsim_ws/install/rrr_robot_interfaces/bin'
[0.569s] INFO:colcon.colcon_core.shell:Creating package script '/home/waritt/robotsim_ws/install/rrr_robot_interfaces/share/rrr_robot_interfaces/package.ps1'
[0.570s] INFO:colcon.colcon_core.shell:Creating package descriptor '/home/waritt/robotsim_ws/install/rrr_robot_interfaces/share/rrr_robot_interfaces/package.dsv'
[0.570s] INFO:colcon.colcon_core.shell:Creating package script '/home/waritt/robotsim_ws/install/rrr_robot_interfaces/share/rrr_robot_interfaces/package.sh'
[0.570s] INFO:colcon.colcon_core.shell:Creating package script '/home/waritt/robotsim_ws/install/rrr_robot_interfaces/share/rrr_robot_interfaces/package.bash'
[0.570s] INFO:colcon.colcon_core.shell:Creating package script '/home/waritt/robotsim_ws/install/rrr_robot_interfaces/share/rrr_robot_interfaces/package.zsh'
[0.570s] Level 1:colcon.colcon_core.environment:create_file_with_runtime_dependencies(/home/waritt/robotsim_ws/install/rrr_robot_interfaces/share/colcon-core/packages/rrr_robot_interfaces)
[0.636s] Level 1:colcon.colcon_core.environment:create_environment_scripts_only(rrr_robot_interfaces)
[0.637s] Level 1:colcon.colcon_core.environment:checking '/home/waritt/robotsim_ws/install/rrr_robot_interfaces' for CMake module files
[0.637s] Level 1:colcon.colcon_core.environment:checking '/home/waritt/robotsim_ws/install/rrr_robot_interfaces' for CMake config files
[0.637s] Level 1:colcon.colcon_core.shell:create_environment_hook('rrr_robot_interfaces', 'cmake_prefix_path')
[0.638s] INFO:colcon.colcon_core.shell:Creating environment hook '/home/waritt/robotsim_ws/install/rrr_robot_interfaces/share/rrr_robot_interfaces/hook/cmake_prefix_path.ps1'
[0.638s] INFO:colcon.colcon_core.shell:Creating environment descriptor '/home/waritt/robotsim_ws/install/rrr_robot_interfaces/share/rrr_robot_interfaces/hook/cmake_prefix_path.dsv'
[0.638s] INFO:colcon.colcon_core.shell:Creating environment hook '/home/waritt/robotsim_ws/install/rrr_robot_interfaces/share/rrr_robot_interfaces/hook/cmake_prefix_path.sh'
[0.638s] Level 1:colcon.colcon_core.environment:checking '/home/waritt/robotsim_ws/install/rrr_robot_interfaces/lib'
[0.639s] Level 1:colcon.colcon_core.shell:create_environment_hook('rrr_robot_interfaces', 'ld_library_path_lib')
[0.639s] INFO:colcon.colcon_core.shell:Creating environment hook '/home/waritt/robotsim_ws/install/rrr_robot_interfaces/share/rrr_robot_interfaces/hook/ld_library_path_lib.ps1'
[0.639s] INFO:colcon.colcon_core.shell:Creating environment descriptor '/home/waritt/robotsim_ws/install/rrr_robot_interfaces/share/rrr_robot_interfaces/hook/ld_library_path_lib.dsv'
[0.639s] INFO:colcon.colcon_core.shell:Creating environment hook '/home/waritt/robotsim_ws/install/rrr_robot_interfaces/share/rrr_robot_interfaces/hook/ld_library_path_lib.sh'
[0.639s] Level 1:colcon.colcon_core.environment:checking '/home/waritt/robotsim_ws/install/rrr_robot_interfaces/bin'
[0.639s] Level 1:colcon.colcon_core.environment:checking '/home/waritt/robotsim_ws/install/rrr_robot_interfaces/lib/pkgconfig/rrr_robot_interfaces.pc'
[0.639s] Level 1:colcon.colcon_core.environment:checking '/home/waritt/robotsim_ws/install/rrr_robot_interfaces/lib/python3.10/site-packages'
[0.640s] Level 1:colcon.colcon_core.environment:checking '/home/waritt/robotsim_ws/install/rrr_robot_interfaces/bin'
[0.640s] INFO:colcon.colcon_core.shell:Creating package script '/home/waritt/robotsim_ws/install/rrr_robot_interfaces/share/rrr_robot_interfaces/package.ps1'
[0.640s] INFO:colcon.colcon_core.shell:Creating package descriptor '/home/waritt/robotsim_ws/install/rrr_robot_interfaces/share/rrr_robot_interfaces/package.dsv'
[0.640s] INFO:colcon.colcon_core.shell:Creating package script '/home/waritt/robotsim_ws/install/rrr_robot_interfaces/share/rrr_robot_interfaces/package.sh'
[0.641s] INFO:colcon.colcon_core.shell:Creating package script '/home/waritt/robotsim_ws/install/rrr_robot_interfaces/share/rrr_robot_interfaces/package.bash'
[0.641s] INFO:colcon.colcon_core.shell:Creating package script '/home/waritt/robotsim_ws/install/rrr_robot_interfaces/share/rrr_robot_interfaces/package.zsh'
[0.641s] Level 1:colcon.colcon_core.environment:create_file_with_runtime_dependencies(/home/waritt/robotsim_ws/install/rrr_robot_interfaces/share/colcon-core/packages/rrr_robot_interfaces)
[0.641s] DEBUG:colcon.colcon_parallel_executor.executor.parallel:closing loop
[0.642s] DEBUG:colcon.colcon_parallel_executor.executor.parallel:loop closed
[0.642s] DEBUG:colcon.colcon_parallel_executor.executor.parallel:run_until_complete finished with '0'
[0.642s] DEBUG:colcon.colcon_core.event_reactor:joining thread
[0.645s] INFO:colcon.colcon_core.plugin_system:Skipping extension 'colcon_notification.desktop_notification.terminal_notifier': Not used on non-Darwin systems
[0.645s] INFO:colcon.colcon_core.plugin_system:Skipping extension 'colcon_notification.desktop_notification.win32': Not used on non-Windows systems
[0.645s] INFO:colcon.colcon_notification.desktop_notification:Sending desktop notification using 'notify2'
[0.652s] DEBUG:colcon.colcon_core.event_reactor:joined thread
[0.652s] INFO:colcon.colcon_core.shell:Creating prefix script '/home/waritt/robotsim_ws/install/local_setup.ps1'
[0.653s] INFO:colcon.colcon_core.shell:Creating prefix util module '/home/waritt/robotsim_ws/install/_local_setup_util_ps1.py'
[0.654s] INFO:colcon.colcon_core.shell:Creating prefix chain script '/home/waritt/robotsim_ws/install/setup.ps1'
[0.655s] INFO:colcon.colcon_core.shell:Creating prefix script '/home/waritt/robotsim_ws/install/local_setup.sh'
[0.656s] INFO:colcon.colcon_core.shell:Creating prefix util module '/home/waritt/robotsim_ws/install/_local_setup_util_sh.py'
[0.656s] INFO:colcon.colcon_core.shell:Creating prefix chain script '/home/waritt/robotsim_ws/install/setup.sh'
[0.657s] INFO:colcon.colcon_core.shell:Creating prefix script '/home/waritt/robotsim_ws/install/local_setup.bash'
[0.657s] INFO:colcon.colcon_core.shell:Creating prefix chain script '/home/waritt/robotsim_ws/install/setup.bash'
[0.658s] INFO:colcon.colcon_core.shell:Creating prefix script '/home/waritt/robotsim_ws/install/local_setup.zsh'
[0.658s] INFO:colcon.colcon_core.shell:Creating prefix chain script '/home/waritt/robotsim_ws/install/setup.zsh'
