[0.008s] Invoking command in '/home/waritt/robotsim_ws/build/rrr_robot_interfaces': CMAKE_PREFIX_PATH=${CMAKE_PREFIX_PATH}:/opt/ros/humble /usr/bin/cmake /home/waritt/robotsim_ws/src/rrr_robot_interfaces -DCMAKE_INSTALL_PREFIX=/home/waritt/robotsim_ws/install/rrr_robot_interfaces
[0.015s] -- Found ament_cmake: 1.3.10 (/opt/ros/humble/share/ament_cmake/cmake)
[0.099s] -- Found geometry_msgs: 4.2.4 (/opt/ros/humble/share/geometry_msgs/cmake)
[0.114s] -- Found rosidl_generator_c: 3.1.5 (/opt/ros/humble/share/rosidl_generator_c/cmake)
[0.115s] -- Found rosidl_adapter: 3.1.5 (/opt/ros/humble/share/rosidl_adapter/cmake)
[0.119s] -- Found rosidl_generator_cpp: 3.1.5 (/opt/ros/humble/share/rosidl_generator_cpp/cmake)
[0.124s] -- Using all available rosidl_typesupport_c: rosidl_typesupport_fastrtps_c;rosidl_typesupport_introspection_c
[0.132s] -- Using all available rosidl_typesupport_cpp: rosidl_typesupport_fastrtps_cpp;rosidl_typesupport_introspection_cpp
[0.153s] -- Found sensor_msgs: 4.2.4 (/opt/ros/humble/share/sensor_msgs/cmake)
[0.162s] -- Found rosidl_default_generators: 1.2.0 (/opt/ros/humble/share/rosidl_default_generators/cmake)
[0.167s] -- Found ament_lint_auto: 0.12.11 (/opt/ros/humble/share/ament_lint_auto/cmake)
[0.322s] [31mCMake Error at /opt/ros/humble/share/rosidl_adapter/cmake/rosidl_adapt_interfaces.cmake:59 (message):
[0.322s]   execute_process(/usr/bin/python3 -m rosidl_adapter --package-name
[0.322s]   rrr_robot_interfaces --arguments-file
[0.322s]   /home/waritt/robotsim_ws/build/rrr_robot_interfaces/rosidl_adapter__arguments__rrr_robot_interfaces.json
[0.322s]   --output-dir
[0.322s]   /home/waritt/robotsim_ws/build/rrr_robot_interfaces/rosidl_adapter/rrr_robot_interfaces
[0.322s]   --output-file
[0.322s]   /home/waritt/robotsim_ws/build/rrr_robot_interfaces/rosidl_adapter/rrr_robot_interfaces.idls)
[0.322s]   returned error code 1:
[0.322s] 
[0.322s]   Error processing 'sensor_msgs/msg/JointState ipk_sol' of
[0.322s]   'rrr_robot_interfaces/RRRService_Response': 'sensor_msgs/msg/JointState'
[0.322s] 
[0.322s]   Traceback (most recent call last):
[0.322s] 
[0.322s]     File "/usr/lib/python3.10/runpy.py", line 196, in _run_module_as_main
[0.322s]       return _run_code(code, main_globals, None,
[0.322s]     File "/usr/lib/python3.10/runpy.py", line 86, in _run_code
[0.323s]       exec(code, run_globals)
[0.323s]     File "/opt/ros/humble/local/lib/python3.10/dist-packages/rosidl_adapter/__main__.py", line 19, in <module>
[0.323s]       sys.exit(main())
[0.323s]     File "/opt/ros/humble/local/lib/python3.10/dist-packages/rosidl_adapter/main.py", line 53, in main
[0.323s]       abs_idl_file = convert_to_idl(
[0.323s]     File "/opt/ros/humble/local/lib/python3.10/dist-packages/rosidl_adapter/__init__.py", line 24, in convert_to_idl
[0.323s]       return convert_srv_to_idl(
[0.323s]     File "/opt/ros/humble/local/lib/python3.10/dist-packages/rosidl_adapter/srv/__init__.py", line 28, in convert_srv_to_idl
[0.323s]       srv = parse_service_string(package_name, input_file.stem, content)
[0.323s]     File "/opt/ros/humble/local/lib/python3.10/dist-packages/rosidl_adapter/parser.py", line 863, in parse_service_string
[0.323s]       response_message = parse_message_string(
[0.323s]     File "/opt/ros/humble/local/lib/python3.10/dist-packages/rosidl_adapter/parser.py", line 520, in parse_message_string
[0.323s]       Type(type_string, context_package_name=pkg_name),
[0.323s]     File "/opt/ros/humble/local/lib/python3.10/dist-packages/rosidl_adapter/parser.py", line 277, in __init__
[0.323s]       super(Type, self).__init__(
[0.323s]     File "/opt/ros/humble/local/lib/python3.10/dist-packages/rosidl_adapter/parser.py", line 190, in __init__
[0.323s]       raise InvalidResourceName(type_string)
[0.323s] 
[0.323s]   rosidl_adapter.parser.InvalidResourceName: sensor_msgs/msg/JointState
[0.323s] 
[0.323s] Call Stack (most recent call first):
[0.323s]   /opt/ros/humble/share/rosidl_cmake/cmake/rosidl_generate_interfaces.cmake:130 (rosidl_adapt_interfaces)
[0.323s]   CMakeLists.txt:29 (rosidl_generate_interfaces)
[0.323s] 
[0.323s] [0m
[0.323s] -- Configuring incomplete, errors occurred!
[0.323s] See also "/home/waritt/robotsim_ws/build/rrr_robot_interfaces/CMakeFiles/CMakeOutput.log".
[0.327s] Invoked command in '/home/waritt/robotsim_ws/build/rrr_robot_interfaces' returned '1': CMAKE_PREFIX_PATH=${CMAKE_PREFIX_PATH}:/opt/ros/humble /usr/bin/cmake /home/waritt/robotsim_ws/src/rrr_robot_interfaces -DCMAKE_INSTALL_PREFIX=/home/waritt/robotsim_ws/install/rrr_robot_interfaces
