[0.009s] Invoking command in '/home/waritt/robotsim_ws/build/rrr_robot': CMAKE_PREFIX_PATH=${CMAKE_PREFIX_PATH}:/opt/ros/humble /usr/bin/cmake /home/waritt/robotsim_ws/src/rrr_robot -DCMAKE_INSTALL_PREFIX=/home/waritt/robotsim_ws/install/rrr_robot
[0.044s] -- The C compiler identification is GNU 11.4.0
[0.079s] -- The CXX compiler identification is GNU 11.4.0
[0.085s] -- Detecting C compiler ABI info
[0.130s] -- Detecting C compiler ABI info - done
[0.139s] -- Check for working C compiler: /usr/bin/cc - skipped
[0.139s] -- Detecting C compile features
[0.139s] -- Detecting C compile features - done
[0.142s] -- Detecting CXX compiler ABI info
[0.198s] -- Detecting CXX compiler ABI info - done
[0.203s] -- Check for working CXX compiler: /usr/bin/c++ - skipped
[0.204s] -- Detecting CXX compile features
[0.204s] -- Detecting CXX compile features - done
[0.206s] -- Found ament_cmake: 1.3.10 (/opt/ros/humble/share/ament_cmake/cmake)
[0.313s] -- Found Python3: /usr/bin/python3 (found version "3.10.12") found components: Interpreter 
[0.376s] -- Found rclcpp: 16.0.10 (/opt/ros/humble/share/rclcpp/cmake)
[0.406s] -- Found rosidl_generator_c: 3.1.5 (/opt/ros/humble/share/rosidl_generator_c/cmake)
[0.410s] -- Found rosidl_adapter: 3.1.5 (/opt/ros/humble/share/rosidl_adapter/cmake)
[0.417s] -- Found rosidl_generator_cpp: 3.1.5 (/opt/ros/humble/share/rosidl_generator_cpp/cmake)
[0.427s] -- Using all available rosidl_typesupport_c: rosidl_typesupport_fastrtps_c;rosidl_typesupport_introspection_c
[0.440s] -- Using all available rosidl_typesupport_cpp: rosidl_typesupport_fastrtps_cpp;rosidl_typesupport_introspection_cpp
[0.474s] -- Found rmw_implementation_cmake: 6.1.2 (/opt/ros/humble/share/rmw_implementation_cmake/cmake)
[0.476s] -- Found rmw_fastrtps_cpp: 6.2.7 (/opt/ros/humble/share/rmw_fastrtps_cpp/cmake)
[0.533s] -- Found OpenSSL: /usr/lib/x86_64-linux-gnu/libcrypto.so (found version "3.0.2")  
[0.552s] -- Found FastRTPS: /opt/ros/humble/include  
[0.580s] -- Using RMW implementation 'rmw_fastrtps_cpp' as default
[0.587s] -- Looking for pthread.h
[0.640s] -- Looking for pthread.h - found
[0.641s] -- Performing Test CMAKE_HAVE_LIBC_PTHREAD
[0.689s] -- Performing Test CMAKE_HAVE_LIBC_PTHREAD - Success
[0.690s] -- Found Threads: TRUE  
[0.734s] -- Found rclpy: 3.3.14 (/opt/ros/humble/share/rclpy/cmake)
[0.842s] -- Configuring done
[0.851s] -- Generating done
[0.852s] -- Build files have been written to: /home/waritt/robotsim_ws/build/rrr_robot
[0.859s] Invoked command in '/home/waritt/robotsim_ws/build/rrr_robot' returned '0': CMAKE_PREFIX_PATH=${CMAKE_PREFIX_PATH}:/opt/ros/humble /usr/bin/cmake /home/waritt/robotsim_ws/src/rrr_robot -DCMAKE_INSTALL_PREFIX=/home/waritt/robotsim_ws/install/rrr_robot
[0.860s] Invoking command in '/home/waritt/robotsim_ws/build/rrr_robot': CMAKE_PREFIX_PATH=${CMAKE_PREFIX_PATH}:/opt/ros/humble /usr/bin/cmake --build /home/waritt/robotsim_ws/build/rrr_robot -- -j16 -l16
[0.891s] [ 50%] [32mBuilding CXX object CMakeFiles/cpp_node_test.dir/src/cpp_node.cpp.o[0m
[0.895s] [ 50%] Built target ament_cmake_python_copy_rrr_robot
[1.048s] running egg_info
[1.049s] creating rrr_robot.egg-info
[1.049s] writing rrr_robot.egg-info/PKG-INFO
[1.049s] writing dependency_links to rrr_robot.egg-info/dependency_links.txt
[1.049s] writing top-level names to rrr_robot.egg-info/top_level.txt
[1.049s] writing manifest file 'rrr_robot.egg-info/SOURCES.txt'
[1.050s] reading manifest file 'rrr_robot.egg-info/SOURCES.txt'
[1.050s] writing manifest file 'rrr_robot.egg-info/SOURCES.txt'
[1.055s] [100%] [32m[1mLinking CXX executable cpp_node_test[0m
[1.067s] [100%] Built target ament_cmake_python_build_rrr_robot_egg
[1.111s] [100%] Built target cpp_node_test
[1.118s] Invoked command in '/home/waritt/robotsim_ws/build/rrr_robot' returned '0': CMAKE_PREFIX_PATH=${CMAKE_PREFIX_PATH}:/opt/ros/humble /usr/bin/cmake --build /home/waritt/robotsim_ws/build/rrr_robot -- -j16 -l16
[1.142s] Invoking command in '/home/waritt/robotsim_ws/build/rrr_robot': CMAKE_PREFIX_PATH=${CMAKE_PREFIX_PATH}:/opt/ros/humble /usr/bin/cmake --install /home/waritt/robotsim_ws/build/rrr_robot
[1.146s] -- Install configuration: ""
[1.146s] -- Installing: /home/waritt/robotsim_ws/install/rrr_robot/share/rrr_robot/environment/pythonpath.sh
[1.146s] -- Installing: /home/waritt/robotsim_ws/install/rrr_robot/share/rrr_robot/environment/pythonpath.dsv
[1.146s] -- Installing: /home/waritt/robotsim_ws/install/rrr_robot/local/lib/python3.10/dist-packages/rrr_robot-0.0.0-py3.10.egg-info
[1.146s] -- Installing: /home/waritt/robotsim_ws/install/rrr_robot/local/lib/python3.10/dist-packages/rrr_robot-0.0.0-py3.10.egg-info/SOURCES.txt
[1.146s] -- Installing: /home/waritt/robotsim_ws/install/rrr_robot/local/lib/python3.10/dist-packages/rrr_robot-0.0.0-py3.10.egg-info/top_level.txt
[1.146s] -- Installing: /home/waritt/robotsim_ws/install/rrr_robot/local/lib/python3.10/dist-packages/rrr_robot-0.0.0-py3.10.egg-info/PKG-INFO
[1.146s] -- Installing: /home/waritt/robotsim_ws/install/rrr_robot/local/lib/python3.10/dist-packages/rrr_robot-0.0.0-py3.10.egg-info/dependency_links.txt
[1.146s] -- Installing: /home/waritt/robotsim_ws/install/rrr_robot/local/lib/python3.10/dist-packages/rrr_robot
[1.146s] -- Installing: /home/waritt/robotsim_ws/install/rrr_robot/local/lib/python3.10/dist-packages/rrr_robot/__init__.py
[1.146s] -- Installing: /home/waritt/robotsim_ws/install/rrr_robot/local/lib/python3.10/dist-packages/rrr_robot/dummy_module.py
[1.169s] Listing '/home/waritt/robotsim_ws/install/rrr_robot/local/lib/python3.10/dist-packages/rrr_robot'...
[1.169s] Compiling '/home/waritt/robotsim_ws/install/rrr_robot/local/lib/python3.10/dist-packages/rrr_robot/__init__.py'...
[1.169s] Compiling '/home/waritt/robotsim_ws/install/rrr_robot/local/lib/python3.10/dist-packages/rrr_robot/dummy_module.py'...
[1.172s] -- Installing: /home/waritt/robotsim_ws/install/rrr_robot/lib/rrr_robot/jointstate_script.py
[1.172s] -- Installing: /home/waritt/robotsim_ws/install/rrr_robot/lib/rrr_robot/controller.py
[1.172s] [31mCMake Error at cmake_install.cmake:70 (file):
[1.172s]   file INSTALL cannot find
[1.172s]   "/home/waritt/robotsim_ws/src/rrr_robot/scripts/random_target.py": No such
[1.172s]   file or directory.
[1.172s] 
[1.172s] [0m
[1.173s] Invoked command in '/home/waritt/robotsim_ws/build/rrr_robot' returned '1': CMAKE_PREFIX_PATH=${CMAKE_PREFIX_PATH}:/opt/ros/humble /usr/bin/cmake --install /home/waritt/robotsim_ws/build/rrr_robot
