[0.007s] Invoking command in '/home/waritt/robotsim_ws/build/rrr_robot_interfaces': CMAKE_PREFIX_PATH=${CMAKE_PREFIX_PATH}:/opt/ros/humble /usr/bin/cmake /home/waritt/robotsim_ws/src/rrr_robot_interfaces -DCMAKE_INSTALL_PREFIX=/home/waritt/robotsim_ws/install/rrr_robot_interfaces
[0.041s] -- The C compiler identification is GNU 11.4.0
[0.076s] -- The CXX compiler identification is GNU 11.4.0
[0.081s] -- Detecting C compiler ABI info
[0.124s] -- Detecting C compiler ABI info - done
[0.131s] -- Check for working C compiler: /usr/bin/cc - skipped
[0.131s] -- Detecting C compile features
[0.131s] -- Detecting C compile features - done
[0.133s] -- Detecting CXX compiler ABI info
[0.183s] -- Detecting CXX compiler ABI info - done
[0.188s] -- Check for working CXX compiler: /usr/bin/c++ - skipped
[0.188s] -- Detecting CXX compile features
[0.189s] -- Detecting CXX compile features - done
[0.191s] -- Found ament_cmake: 1.3.10 (/opt/ros/humble/share/ament_cmake/cmake)
[0.296s] -- Found Python3: /usr/bin/python3 (found version "3.10.12") found components: Interpreter 
[0.359s] -- Found geometry_msgs: 4.2.4 (/opt/ros/humble/share/geometry_msgs/cmake)
[0.383s] -- Found rosidl_generator_c: 3.1.5 (/opt/ros/humble/share/rosidl_generator_c/cmake)
[0.387s] -- Found rosidl_adapter: 3.1.5 (/opt/ros/humble/share/rosidl_adapter/cmake)
[0.392s] -- Found rosidl_generator_cpp: 3.1.5 (/opt/ros/humble/share/rosidl_generator_cpp/cmake)
[0.400s] -- Using all available rosidl_typesupport_c: rosidl_typesupport_fastrtps_c;rosidl_typesupport_introspection_c
[0.410s] -- Using all available rosidl_typesupport_cpp: rosidl_typesupport_fastrtps_cpp;rosidl_typesupport_introspection_cpp
[0.438s] -- Found sensor_msgs: 4.2.4 (/opt/ros/humble/share/sensor_msgs/cmake)
[0.451s] -- Found rosidl_default_generators: 1.2.0 (/opt/ros/humble/share/rosidl_default_generators/cmake)
[0.460s] -- Found ament_lint_auto: 0.12.11 (/opt/ros/humble/share/ament_lint_auto/cmake)
[0.618s] [31mCMake Error at /opt/ros/humble/share/rosidl_adapter/cmake/rosidl_adapt_interfaces.cmake:59 (message):
[0.618s]   execute_process(/usr/bin/python3 -m rosidl_adapter --package-name
[0.618s]   rrr_robot_interfaces --arguments-file
[0.618s]   /home/waritt/robotsim_ws/build/rrr_robot_interfaces/rosidl_adapter__arguments__rrr_robot_interfaces.json
[0.618s]   --output-dir
[0.618s]   /home/waritt/robotsim_ws/build/rrr_robot_interfaces/rosidl_adapter/rrr_robot_interfaces
[0.618s]   --output-file
[0.618s]   /home/waritt/robotsim_ws/build/rrr_robot_interfaces/rosidl_adapter/rrr_robot_interfaces.idls)
[0.618s]   returned error code 1:
[0.618s] 
[0.619s]   Error processing 'sensor_msgs/msg/JointState ipk_sol' of
[0.619s]   'rrr_robot_interfaces/RRRService_Response': 'sensor_msgs/msg/JointState'
[0.619s] 
[0.619s]   Traceback (most recent call last):
[0.619s] 
[0.619s]     File "/usr/lib/python3.10/runpy.py", line 196, in _run_module_as_main
[0.619s]       return _run_code(code, main_globals, None,
[0.619s]     File "/usr/lib/python3.10/runpy.py", line 86, in _run_code
[0.619s]       exec(code, run_globals)
[0.619s]     File "/opt/ros/humble/local/lib/python3.10/dist-packages/rosidl_adapter/__main__.py", line 19, in <module>
[0.619s]       sys.exit(main())
[0.619s]     File "/opt/ros/humble/local/lib/python3.10/dist-packages/rosidl_adapter/main.py", line 53, in main
[0.619s]       abs_idl_file = convert_to_idl(
[0.619s]     File "/opt/ros/humble/local/lib/python3.10/dist-packages/rosidl_adapter/__init__.py", line 24, in convert_to_idl
[0.619s]       return convert_srv_to_idl(
[0.619s]     File "/opt/ros/humble/local/lib/python3.10/dist-packages/rosidl_adapter/srv/__init__.py", line 28, in convert_srv_to_idl
[0.619s]       srv = parse_service_string(package_name, input_file.stem, content)
[0.619s]     File "/opt/ros/humble/local/lib/python3.10/dist-packages/rosidl_adapter/parser.py", line 863, in parse_service_string
[0.619s]       response_message = parse_message_string(
[0.619s]     File "/opt/ros/humble/local/lib/python3.10/dist-packages/rosidl_adapter/parser.py", line 520, in parse_message_string
[0.619s]       Type(type_string, context_package_name=pkg_name),
[0.619s]     File "/opt/ros/humble/local/lib/python3.10/dist-packages/rosidl_adapter/parser.py", line 277, in __init__
[0.619s]       super(Type, self).__init__(
[0.619s]     File "/opt/ros/humble/local/lib/python3.10/dist-packages/rosidl_adapter/parser.py", line 190, in __init__
[0.619s]       raise InvalidResourceName(type_string)
[0.619s] 
[0.619s]   rosidl_adapter.parser.InvalidResourceName: sensor_msgs/msg/JointState
[0.619s] 
[0.619s] Call Stack (most recent call first):
[0.619s]   /opt/ros/humble/share/rosidl_cmake/cmake/rosidl_generate_interfaces.cmake:130 (rosidl_adapt_interfaces)
[0.619s]   CMakeLists.txt:29 (rosidl_generate_interfaces)
[0.619s] 
[0.619s] [0m
[0.620s] -- Configuring incomplete, errors occurred!
[0.620s] See also "/home/waritt/robotsim_ws/build/rrr_robot_interfaces/CMakeFiles/CMakeOutput.log".
[0.624s] Invoked command in '/home/waritt/robotsim_ws/build/rrr_robot_interfaces' returned '1': CMAKE_PREFIX_PATH=${CMAKE_PREFIX_PATH}:/opt/ros/humble /usr/bin/cmake /home/waritt/robotsim_ws/src/rrr_robot_interfaces -DCMAKE_INSTALL_PREFIX=/home/waritt/robotsim_ws/install/rrr_robot_interfaces
