[0.011s] Invoking command in '/home/waritt/robotsim_ws/build/rrr_robot': CMAKE_PREFIX_PATH=${CMAKE_PREFIX_PATH}:/opt/ros/humble /usr/bin/cmake --build /home/waritt/robotsim_ws/build/rrr_robot -- -j16 -l16
[0.028s] -- Found ament_cmake: 1.3.10 (/opt/ros/humble/share/ament_cmake/cmake)
[0.131s] -- Found rclcpp: 16.0.10 (/opt/ros/humble/share/rclcpp/cmake)
[0.151s] -- Found rosidl_generator_c: 3.1.5 (/opt/ros/humble/share/rosidl_generator_c/cmake)
[0.153s] -- Found rosidl_adapter: 3.1.5 (/opt/ros/humble/share/rosidl_adapter/cmake)
[0.156s] -- Found rosidl_generator_cpp: 3.1.5 (/opt/ros/humble/share/rosidl_generator_cpp/cmake)
[0.162s] -- Using all available rosidl_typesupport_c: rosidl_typesupport_fastrtps_c;rosidl_typesupport_introspection_c
[0.170s] -- Using all available rosidl_typesupport_cpp: rosidl_typesupport_fastrtps_cpp;rosidl_typesupport_introspection_cpp
[0.189s] -- Found rmw_implementation_cmake: 6.1.2 (/opt/ros/humble/share/rmw_implementation_cmake/cmake)
[0.191s] -- Found rmw_fastrtps_cpp: 6.2.7 (/opt/ros/humble/share/rmw_fastrtps_cpp/cmake)
[0.260s] -- Using RMW implementation 'rmw_fastrtps_cpp' as default
[0.291s] -- Found rclpy: 3.3.14 (/opt/ros/humble/share/rclpy/cmake)
[0.386s] -- Configuring done
[0.389s] -- Generating done
[0.390s] -- Build files have been written to: /home/waritt/robotsim_ws/build/rrr_robot
[0.408s] [35m[1mConsolidate compiler generated dependencies of target cpp_node_test[0m
[0.416s] [100%] Built target cpp_node_test
[0.421s] [100%] Built target ament_cmake_python_copy_rrr_robot
[0.592s] running egg_info
[0.593s] writing rrr_robot.egg-info/PKG-INFO
[0.593s] writing dependency_links to rrr_robot.egg-info/dependency_links.txt
[0.593s] writing top-level names to rrr_robot.egg-info/top_level.txt
[0.594s] reading manifest file 'rrr_robot.egg-info/SOURCES.txt'
[0.594s] writing manifest file 'rrr_robot.egg-info/SOURCES.txt'
[0.611s] [100%] Built target ament_cmake_python_build_rrr_robot_egg
[0.619s] Invoked command in '/home/waritt/robotsim_ws/build/rrr_robot' returned '0': CMAKE_PREFIX_PATH=${CMAKE_PREFIX_PATH}:/opt/ros/humble /usr/bin/cmake --build /home/waritt/robotsim_ws/build/rrr_robot -- -j16 -l16
[0.639s] Invoking command in '/home/waritt/robotsim_ws/build/rrr_robot': CMAKE_PREFIX_PATH=${CMAKE_PREFIX_PATH}:/opt/ros/humble /usr/bin/cmake --install /home/waritt/robotsim_ws/build/rrr_robot
[0.644s] -- Install configuration: ""
[0.644s] -- Up-to-date: /home/waritt/robotsim_ws/install/rrr_robot/share/rrr_robot/environment/pythonpath.sh
[0.644s] -- Installing: /home/waritt/robotsim_ws/install/rrr_robot/share/rrr_robot/environment/pythonpath.dsv
[0.644s] -- Up-to-date: /home/waritt/robotsim_ws/install/rrr_robot/local/lib/python3.10/dist-packages/rrr_robot-0.0.0-py3.10.egg-info
[0.644s] -- Installing: /home/waritt/robotsim_ws/install/rrr_robot/local/lib/python3.10/dist-packages/rrr_robot-0.0.0-py3.10.egg-info/SOURCES.txt
[0.645s] -- Installing: /home/waritt/robotsim_ws/install/rrr_robot/local/lib/python3.10/dist-packages/rrr_robot-0.0.0-py3.10.egg-info/top_level.txt
[0.645s] -- Installing: /home/waritt/robotsim_ws/install/rrr_robot/local/lib/python3.10/dist-packages/rrr_robot-0.0.0-py3.10.egg-info/PKG-INFO
[0.645s] -- Installing: /home/waritt/robotsim_ws/install/rrr_robot/local/lib/python3.10/dist-packages/rrr_robot-0.0.0-py3.10.egg-info/dependency_links.txt
[0.645s] -- Up-to-date: /home/waritt/robotsim_ws/install/rrr_robot/local/lib/python3.10/dist-packages/rrr_robot
[0.645s] -- Up-to-date: /home/waritt/robotsim_ws/install/rrr_robot/local/lib/python3.10/dist-packages/rrr_robot/__init__.py
[0.645s] -- Up-to-date: /home/waritt/robotsim_ws/install/rrr_robot/local/lib/python3.10/dist-packages/rrr_robot/dummy_module.py
[0.669s] Listing '/home/waritt/robotsim_ws/install/rrr_robot/local/lib/python3.10/dist-packages/rrr_robot'...
[0.672s] -- Up-to-date: /home/waritt/robotsim_ws/install/rrr_robot/lib/rrr_robot/jointstate_script.py
[0.672s] -- Up-to-date: /home/waritt/robotsim_ws/install/rrr_robot/lib/rrr_robot/controller.py
[0.672s] -- Up-to-date: /home/waritt/robotsim_ws/install/rrr_robot/lib/rrr_robot/invert_kinematics.py
[0.672s] -- Installing: /home/waritt/robotsim_ws/install/rrr_robot/lib/rrr_robot/target_bag.py
[0.672s] -- Up-to-date: /home/waritt/robotsim_ws/install/rrr_robot/lib/rrr_robot/cpp_node_test
[0.672s] -- Up-to-date: /home/waritt/robotsim_ws/install/rrr_robot/share/rrr_robot/config
[0.672s] -- Up-to-date: /home/waritt/robotsim_ws/install/rrr_robot/share/rrr_robot/config/display.rviz
[0.672s] -- Up-to-date: /home/waritt/robotsim_ws/install/rrr_robot/share/rrr_robot/config/custom_display.rviz
[0.672s] -- Up-to-date: /home/waritt/robotsim_ws/install/rrr_robot/share/rrr_robot/launch
[0.672s] -- Up-to-date: /home/waritt/robotsim_ws/install/rrr_robot/share/rrr_robot/launch/fun.launch.py
[0.672s] -- Up-to-date: /home/waritt/robotsim_ws/install/rrr_robot/share/rrr_robot/launch/rrr_robt.launch.py
[0.672s] -- Up-to-date: /home/waritt/robotsim_ws/install/rrr_robot/share/rrr_robot/launch/simple_display.launch.py
[0.672s] -- Up-to-date: /home/waritt/robotsim_ws/install/rrr_robot/share/rrr_robot/meshes
[0.672s] -- Up-to-date: /home/waritt/robotsim_ws/install/rrr_robot/share/rrr_robot/meshes/link_1.stl
[0.672s] -- Up-to-date: /home/waritt/robotsim_ws/install/rrr_robot/share/rrr_robot/meshes/link_3.stl
[0.672s] -- Up-to-date: /home/waritt/robotsim_ws/install/rrr_robot/share/rrr_robot/meshes/link_0.stl
[0.673s] -- Up-to-date: /home/waritt/robotsim_ws/install/rrr_robot/share/rrr_robot/meshes/end_effector.stl
[0.673s] -- Up-to-date: /home/waritt/robotsim_ws/install/rrr_robot/share/rrr_robot/meshes/link_2.stl
[0.673s] -- Up-to-date: /home/waritt/robotsim_ws/install/rrr_robot/share/rrr_robot/robot
[0.673s] -- Up-to-date: /home/waritt/robotsim_ws/install/rrr_robot/share/rrr_robot/robot/visual
[0.673s] -- Up-to-date: /home/waritt/robotsim_ws/install/rrr_robot/share/rrr_robot/robot/visual/my-robot.xacro
[0.673s] -- Up-to-date: /home/waritt/robotsim_ws/install/rrr_robot/share/rrr_robot/robot/visual/01-myfirst.urdf
[0.673s] -- Up-to-date: /home/waritt/robotsim_ws/install/rrr_robot/share/ament_index/resource_index/package_run_dependencies/rrr_robot
[0.673s] -- Up-to-date: /home/waritt/robotsim_ws/install/rrr_robot/share/ament_index/resource_index/parent_prefix_path/rrr_robot
[0.673s] -- Up-to-date: /home/waritt/robotsim_ws/install/rrr_robot/share/rrr_robot/environment/ament_prefix_path.sh
[0.673s] -- Installing: /home/waritt/robotsim_ws/install/rrr_robot/share/rrr_robot/environment/ament_prefix_path.dsv
[0.673s] -- Up-to-date: /home/waritt/robotsim_ws/install/rrr_robot/share/rrr_robot/environment/path.sh
[0.673s] -- Installing: /home/waritt/robotsim_ws/install/rrr_robot/share/rrr_robot/environment/path.dsv
[0.673s] -- Up-to-date: /home/waritt/robotsim_ws/install/rrr_robot/share/rrr_robot/local_setup.bash
[0.673s] -- Up-to-date: /home/waritt/robotsim_ws/install/rrr_robot/share/rrr_robot/local_setup.sh
[0.673s] -- Up-to-date: /home/waritt/robotsim_ws/install/rrr_robot/share/rrr_robot/local_setup.zsh
[0.673s] -- Installing: /home/waritt/robotsim_ws/install/rrr_robot/share/rrr_robot/local_setup.dsv
[0.673s] -- Installing: /home/waritt/robotsim_ws/install/rrr_robot/share/rrr_robot/package.dsv
[0.673s] -- Up-to-date: /home/waritt/robotsim_ws/install/rrr_robot/share/ament_index/resource_index/packages/rrr_robot
[0.673s] -- Up-to-date: /home/waritt/robotsim_ws/install/rrr_robot/share/rrr_robot/cmake/rrr_robotConfig.cmake
[0.673s] -- Up-to-date: /home/waritt/robotsim_ws/install/rrr_robot/share/rrr_robot/cmake/rrr_robotConfig-version.cmake
[0.673s] -- Up-to-date: /home/waritt/robotsim_ws/install/rrr_robot/share/rrr_robot/package.xml
[0.674s] Invoked command in '/home/waritt/robotsim_ws/build/rrr_robot' returned '0': CMAKE_PREFIX_PATH=${CMAKE_PREFIX_PATH}:/opt/ros/humble /usr/bin/cmake --install /home/waritt/robotsim_ws/build/rrr_robot
