[0.008s] Invoking command in '/home/waritt/robotsim_ws/build/rrr_robot_interfaces': CMAKE_PREFIX_PATH=${CMAKE_PREFIX_PATH}:/opt/ros/humble /usr/bin/cmake --build /home/waritt/robotsim_ws/build/rrr_robot_interfaces -- -j16 -l16
[0.023s] -- Found ament_cmake: 1.3.10 (/opt/ros/humble/share/ament_cmake/cmake)
[0.108s] -- Found geometry_msgs: 4.2.4 (/opt/ros/humble/share/geometry_msgs/cmake)
[0.123s] -- Found rosidl_generator_c: 3.1.5 (/opt/ros/humble/share/rosidl_generator_c/cmake)
[0.124s] -- Found rosidl_adapter: 3.1.5 (/opt/ros/humble/share/rosidl_adapter/cmake)
[0.128s] -- Found rosidl_generator_cpp: 3.1.5 (/opt/ros/humble/share/rosidl_generator_cpp/cmake)
[0.134s] -- Using all available rosidl_typesupport_c: rosidl_typesupport_fastrtps_c;rosidl_typesupport_introspection_c
[0.141s] -- Using all available rosidl_typesupport_cpp: rosidl_typesupport_fastrtps_cpp;rosidl_typesupport_introspection_cpp
[0.162s] -- Found sensor_msgs: 4.2.4 (/opt/ros/humble/share/sensor_msgs/cmake)
[0.171s] -- Found rosidl_default_generators: 1.2.0 (/opt/ros/humble/share/rosidl_default_generators/cmake)
[0.175s] -- Found ament_lint_auto: 0.12.11 (/opt/ros/humble/share/ament_lint_auto/cmake)
[0.388s] -- Found ament_cmake_ros: 0.10.0 (/opt/ros/humble/share/ament_cmake_ros/cmake)
[0.715s] -- Using all available rosidl_typesupport_c: rosidl_typesupport_fastrtps_c;rosidl_typesupport_introspection_c
[0.853s] -- Using all available rosidl_typesupport_cpp: rosidl_typesupport_fastrtps_cpp;rosidl_typesupport_introspection_cpp
[0.871s] -- Found python_cmake_module: 0.10.0 (/opt/ros/humble/share/python_cmake_module/cmake)
[0.888s] -- Using PYTHON_EXECUTABLE: /usr/bin/python3
[0.888s] -- Using PYTHON_INCLUDE_DIRS: /usr/include/python3.10
[0.888s] -- Using PYTHON_LIBRARIES: /usr/lib/x86_64-linux-gnu/libpython3.10.so
[0.940s] -- Added test 'lint_cmake' to check CMake code style
[0.941s] -- Added test 'xmllint' to check XML markup files
[0.942s] -- Configuring done
[0.966s] -- Generating done
[0.968s] -- Build files have been written to: /home/waritt/robotsim_ws/build/rrr_robot_interfaces
[0.986s] [  2%] [34m[1mGenerating C code for ROS interfaces[0m
[0.993s] [  4%] [34m[1mGenerating C++ code for ROS interfaces[0m
[1.000s] [  4%] Built target ament_cmake_python_copy_rrr_robot_interfaces
[1.188s] running egg_info
[1.188s] writing rrr_robot_interfaces.egg-info/PKG-INFO
[1.188s] writing dependency_links to rrr_robot_interfaces.egg-info/dependency_links.txt
[1.188s] writing top-level names to rrr_robot_interfaces.egg-info/top_level.txt
[1.190s] reading manifest file 'rrr_robot_interfaces.egg-info/SOURCES.txt'
[1.191s] writing manifest file 'rrr_robot_interfaces.egg-info/SOURCES.txt'
[1.213s] [  4%] Built target ament_cmake_python_build_rrr_robot_interfaces_egg
[1.306s] [35m[1mConsolidate compiler generated dependencies of target rrr_robot_interfaces__rosidl_generator_c[0m
[1.312s] [  4%] Built target rrr_robot_interfaces__cpp
[1.314s] [  6%] [32mBuilding C object CMakeFiles/rrr_robot_interfaces__rosidl_generator_c.dir/rosidl_generator_c/rrr_robot_interfaces/srv/detail/rrr_mode__functions.c.o[0m
[1.314s] [  8%] [32mBuilding C object CMakeFiles/rrr_robot_interfaces__rosidl_generator_c.dir/rosidl_generator_c/rrr_robot_interfaces/srv/detail/rrripk__functions.c.o[0m
[1.314s] [ 10%] [32mBuilding C object CMakeFiles/rrr_robot_interfaces__rosidl_generator_c.dir/rosidl_generator_c/rrr_robot_interfaces/srv/detail/rrripk_target__functions.c.o[0m
[1.320s] [ 12%] [34m[1mGenerating C++ type support for eProsima Fast-RTPS[0m
[1.320s] [ 14%] [34m[1mGenerating C++ type support dispatch for ROS interfaces[0m
[1.320s] [ 17%] [34m[1mGenerating C++ introspection for ROS interfaces[0m
[1.361s] [ 19%] [32m[1mLinking C shared library librrr_robot_interfaces__rosidl_generator_c.so[0m
[1.391s] [ 19%] Built target rrr_robot_interfaces__rosidl_generator_c
[1.401s] [ 25%] [34m[1mGenerating C type support for eProsima Fast-RTPS[0m
[1.401s] [ 25%] [34m[1mGenerating C type support dispatch for ROS interfaces[0m
[1.401s] [ 25%] [34m[1mGenerating C introspection for ROS interfaces[0m
[1.579s] [35m[1mConsolidate compiler generated dependencies of target rrr_robot_interfaces__rosidl_typesupport_cpp[0m
[1.591s] [ 27%] [32mBuilding CXX object CMakeFiles/rrr_robot_interfaces__rosidl_typesupport_cpp.dir/rosidl_typesupport_cpp/rrr_robot_interfaces/srv/rrripk__type_support.cpp.o[0m
[1.591s] [ 29%] [32mBuilding CXX object CMakeFiles/rrr_robot_interfaces__rosidl_typesupport_cpp.dir/rosidl_typesupport_cpp/rrr_robot_interfaces/srv/rrripk_target__type_support.cpp.o[0m
[1.593s] [ 31%] [32mBuilding CXX object CMakeFiles/rrr_robot_interfaces__rosidl_typesupport_cpp.dir/rosidl_typesupport_cpp/rrr_robot_interfaces/srv/rrr_mode__type_support.cpp.o[0m
[1.630s] [35m[1mConsolidate compiler generated dependencies of target rrr_robot_interfaces__rosidl_typesupport_introspection_cpp[0m
[1.644s] [ 36%] [32mBuilding CXX object CMakeFiles/rrr_robot_interfaces__rosidl_typesupport_introspection_cpp.dir/rosidl_typesupport_introspection_cpp/rrr_robot_interfaces/srv/detail/rrripk__type_support.cpp.o[0m
[1.644s] [ 36%] [32mBuilding CXX object CMakeFiles/rrr_robot_interfaces__rosidl_typesupport_introspection_cpp.dir/rosidl_typesupport_introspection_cpp/rrr_robot_interfaces/srv/detail/rrripk_target__type_support.cpp.o[0m
[1.645s] [ 38%] [32mBuilding CXX object CMakeFiles/rrr_robot_interfaces__rosidl_typesupport_introspection_cpp.dir/rosidl_typesupport_introspection_cpp/rrr_robot_interfaces/srv/detail/rrr_mode__type_support.cpp.o[0m
[1.671s] [35m[1mConsolidate compiler generated dependencies of target rrr_robot_interfaces__rosidl_typesupport_fastrtps_cpp[0m
[1.686s] [35m[1mConsolidate compiler generated dependencies of target rrr_robot_interfaces__rosidl_typesupport_c[0m
[1.686s] [ 40%] [32mBuilding CXX object CMakeFiles/rrr_robot_interfaces__rosidl_typesupport_fastrtps_cpp.dir/rosidl_typesupport_fastrtps_cpp/rrr_robot_interfaces/srv/detail/dds_fastrtps/rrr_mode__type_support.cpp.o[0m
[1.688s] [ 42%] [32mBuilding CXX object CMakeFiles/rrr_robot_interfaces__rosidl_typesupport_fastrtps_cpp.dir/rosidl_typesupport_fastrtps_cpp/rrr_robot_interfaces/srv/detail/dds_fastrtps/rrripk_target__type_support.cpp.o[0m
[1.688s] [ 44%] [32mBuilding CXX object CMakeFiles/rrr_robot_interfaces__rosidl_typesupport_fastrtps_cpp.dir/rosidl_typesupport_fastrtps_cpp/rrr_robot_interfaces/srv/detail/dds_fastrtps/rrripk__type_support.cpp.o[0m
[1.702s] [ 46%] [32mBuilding CXX object CMakeFiles/rrr_robot_interfaces__rosidl_typesupport_c.dir/rosidl_typesupport_c/rrr_robot_interfaces/srv/rrripk__type_support.cpp.o[0m
[1.703s] [ 48%] [32mBuilding CXX object CMakeFiles/rrr_robot_interfaces__rosidl_typesupport_c.dir/rosidl_typesupport_c/rrr_robot_interfaces/srv/rrr_mode__type_support.cpp.o[0m
[1.706s] [ 51%] [32mBuilding CXX object CMakeFiles/rrr_robot_interfaces__rosidl_typesupport_c.dir/rosidl_typesupport_c/rrr_robot_interfaces/srv/rrripk_target__type_support.cpp.o[0m
[1.765s] [ 53%] [32m[1mLinking CXX shared library librrr_robot_interfaces__rosidl_typesupport_c.so[0m
[1.806s] [35m[1mConsolidate compiler generated dependencies of target rrr_robot_interfaces__rosidl_typesupport_fastrtps_c[0m
[1.825s] [ 57%] [32mBuilding CXX object CMakeFiles/rrr_robot_interfaces__rosidl_typesupport_fastrtps_c.dir/rosidl_typesupport_fastrtps_c/rrr_robot_interfaces/srv/detail/rrripk_target__type_support_c.cpp.o[0m
[1.828s] [ 59%] [32mBuilding CXX object CMakeFiles/rrr_robot_interfaces__rosidl_typesupport_fastrtps_c.dir/rosidl_typesupport_fastrtps_c/rrr_robot_interfaces/srv/detail/rrripk__type_support_c.cpp.o[0m
[1.829s] [ 59%] Built target rrr_robot_interfaces__rosidl_typesupport_c
[1.832s] [ 59%] [32mBuilding CXX object CMakeFiles/rrr_robot_interfaces__rosidl_typesupport_fastrtps_c.dir/rosidl_typesupport_fastrtps_c/rrr_robot_interfaces/srv/detail/rrr_mode__type_support_c.cpp.o[0m
[1.874s] [35m[1mConsolidate compiler generated dependencies of target rrr_robot_interfaces__rosidl_typesupport_introspection_c[0m
[1.894s] [ 61%] [32mBuilding C object CMakeFiles/rrr_robot_interfaces__rosidl_typesupport_introspection_c.dir/rosidl_typesupport_introspection_c/rrr_robot_interfaces/srv/detail/rrripk__type_support.c.o[0m
[1.896s] [ 63%] [32mBuilding C object CMakeFiles/rrr_robot_interfaces__rosidl_typesupport_introspection_c.dir/rosidl_typesupport_introspection_c/rrr_robot_interfaces/srv/detail/rrripk_target__type_support.c.o[0m
[1.898s] [ 65%] [32mBuilding C object CMakeFiles/rrr_robot_interfaces__rosidl_typesupport_introspection_c.dir/rosidl_typesupport_introspection_c/rrr_robot_interfaces/srv/detail/rrr_mode__type_support.c.o[0m
[1.973s] [ 68%] [32m[1mLinking CXX shared library librrr_robot_interfaces__rosidl_typesupport_cpp.so[0m
[1.984s] [ 70%] [32m[1mLinking C shared library librrr_robot_interfaces__rosidl_typesupport_introspection_c.so[0m
[2.023s] [ 70%] Built target rrr_robot_interfaces__rosidl_typesupport_introspection_c
[2.032s] [ 70%] Built target rrr_robot_interfaces__rosidl_typesupport_cpp
[2.163s] [ 72%] [32m[1mLinking CXX shared library librrr_robot_interfaces__rosidl_typesupport_introspection_cpp.so[0m
[2.205s] [ 72%] Built target rrr_robot_interfaces__rosidl_typesupport_introspection_cpp
[2.221s] [ 74%] [32m[1mLinking CXX shared library librrr_robot_interfaces__rosidl_typesupport_fastrtps_cpp.so[0m
[2.243s] [ 76%] [32m[1mLinking CXX shared library librrr_robot_interfaces__rosidl_typesupport_fastrtps_c.so[0m
[2.268s] [ 76%] Built target rrr_robot_interfaces__rosidl_typesupport_fastrtps_cpp
[2.289s] [ 76%] Built target rrr_robot_interfaces__rosidl_typesupport_fastrtps_c
[2.301s] [ 76%] Built target rrr_robot_interfaces
[2.314s] [ 78%] [34m[1mGenerating Python code for ROS interfaces[0m
[2.713s] [ 78%] Built target rrr_robot_interfaces__py
[2.720s] [35m[1mConsolidate compiler generated dependencies of target rrr_robot_interfaces__rosidl_generator_py[0m
[2.728s] [ 82%] [32mBuilding C object CMakeFiles/rrr_robot_interfaces__rosidl_generator_py.dir/rosidl_generator_py/rrr_robot_interfaces/srv/_rrr_mode_s.c.o[0m
[2.728s] [ 82%] [32mBuilding C object CMakeFiles/rrr_robot_interfaces__rosidl_generator_py.dir/rosidl_generator_py/rrr_robot_interfaces/srv/_rrripk_s.c.o[0m
[2.728s] [ 85%] [32mBuilding C object CMakeFiles/rrr_robot_interfaces__rosidl_generator_py.dir/rosidl_generator_py/rrr_robot_interfaces/srv/_rrripk_target_s.c.o[0m
[2.797s] [ 87%] [32m[1mLinking C shared library rosidl_generator_py/rrr_robot_interfaces/librrr_robot_interfaces__rosidl_generator_py.so[0m
[2.824s] [ 87%] Built target rrr_robot_interfaces__rosidl_generator_py
[2.830s] [35m[1mConsolidate compiler generated dependencies of target rrr_robot_interfaces__rosidl_typesupport_c__pyext[0m
[2.831s] [35m[1mConsolidate compiler generated dependencies of target rrr_robot_interfaces__rosidl_typesupport_introspection_c__pyext[0m
[2.831s] [35m[1mConsolidate compiler generated dependencies of target rrr_robot_interfaces__rosidl_typesupport_fastrtps_c__pyext[0m
[2.839s] [ 93%] [32mBuilding C object CMakeFiles/rrr_robot_interfaces__rosidl_typesupport_introspection_c__pyext.dir/rosidl_generator_py/rrr_robot_interfaces/_rrr_robot_interfaces_s.ep.rosidl_typesupport_introspection_c.c.o[0m
[2.840s] [ 93%] [32mBuilding C object CMakeFiles/rrr_robot_interfaces__rosidl_typesupport_c__pyext.dir/rosidl_generator_py/rrr_robot_interfaces/_rrr_robot_interfaces_s.ep.rosidl_typesupport_c.c.o[0m
[2.840s] [ 93%] [32mBuilding C object CMakeFiles/rrr_robot_interfaces__rosidl_typesupport_fastrtps_c__pyext.dir/rosidl_generator_py/rrr_robot_interfaces/_rrr_robot_interfaces_s.ep.rosidl_typesupport_fastrtps_c.c.o[0m
[2.915s] [ 97%] [32m[1mLinking C shared library rosidl_generator_py/rrr_robot_interfaces/rrr_robot_interfaces_s__rosidl_typesupport_fastrtps_c.cpython-310-x86_64-linux-gnu.so[0m
[2.915s] [ 97%] [32m[1mLinking C shared library rosidl_generator_py/rrr_robot_interfaces/rrr_robot_interfaces_s__rosidl_typesupport_introspection_c.cpython-310-x86_64-linux-gnu.so[0m
[2.915s] [100%] [32m[1mLinking C shared library rosidl_generator_py/rrr_robot_interfaces/rrr_robot_interfaces_s__rosidl_typesupport_c.cpython-310-x86_64-linux-gnu.so[0m
[2.943s] [100%] Built target rrr_robot_interfaces__rosidl_typesupport_introspection_c__pyext
[2.943s] [100%] Built target rrr_robot_interfaces__rosidl_typesupport_c__pyext
[2.943s] [100%] Built target rrr_robot_interfaces__rosidl_typesupport_fastrtps_c__pyext
[2.950s] Invoked command in '/home/waritt/robotsim_ws/build/rrr_robot_interfaces' returned '0': CMAKE_PREFIX_PATH=${CMAKE_PREFIX_PATH}:/opt/ros/humble /usr/bin/cmake --build /home/waritt/robotsim_ws/build/rrr_robot_interfaces -- -j16 -l16
[3.016s] Invoking command in '/home/waritt/robotsim_ws/build/rrr_robot_interfaces': CMAKE_PREFIX_PATH=${CMAKE_PREFIX_PATH}:/opt/ros/humble /usr/bin/cmake --install /home/waritt/robotsim_ws/build/rrr_robot_interfaces
[3.021s] -- Install configuration: ""
[3.021s] -- Up-to-date: /home/waritt/robotsim_ws/install/rrr_robot_interfaces/share/ament_index/resource_index/rosidl_interfaces/rrr_robot_interfaces
[3.021s] -- Up-to-date: /home/waritt/robotsim_ws/install/rrr_robot_interfaces/include/rrr_robot_interfaces/rrr_robot_interfaces
[3.021s] -- Up-to-date: /home/waritt/robotsim_ws/install/rrr_robot_interfaces/include/rrr_robot_interfaces/rrr_robot_interfaces/msg
[3.021s] -- Up-to-date: /home/waritt/robotsim_ws/install/rrr_robot_interfaces/include/rrr_robot_interfaces/rrr_robot_interfaces/msg/rosidl_generator_c__visibility_control.h
[3.021s] -- Up-to-date: /home/waritt/robotsim_ws/install/rrr_robot_interfaces/include/rrr_robot_interfaces/rrr_robot_interfaces/srv
[3.021s] -- Installing: /home/waritt/robotsim_ws/install/rrr_robot_interfaces/include/rrr_robot_interfaces/rrr_robot_interfaces/srv/rrr_mode.h
[3.021s] -- Installing: /home/waritt/robotsim_ws/install/rrr_robot_interfaces/include/rrr_robot_interfaces/rrr_robot_interfaces/srv/rrripk_target.h
[3.021s] -- Installing: /home/waritt/robotsim_ws/install/rrr_robot_interfaces/include/rrr_robot_interfaces/rrr_robot_interfaces/srv/rrripk.h
[3.021s] -- Up-to-date: /home/waritt/robotsim_ws/install/rrr_robot_interfaces/include/rrr_robot_interfaces/rrr_robot_interfaces/srv/rrr_service.h
[3.021s] -- Up-to-date: /home/waritt/robotsim_ws/install/rrr_robot_interfaces/include/rrr_robot_interfaces/rrr_robot_interfaces/srv/detail
[3.021s] -- Installing: /home/waritt/robotsim_ws/install/rrr_robot_interfaces/include/rrr_robot_interfaces/rrr_robot_interfaces/srv/detail/rrr_mode__type_support.h
[3.022s] -- Up-to-date: /home/waritt/robotsim_ws/install/rrr_robot_interfaces/include/rrr_robot_interfaces/rrr_robot_interfaces/srv/detail/rrr_service__functions.h
[3.022s] -- Installing: /home/waritt/robotsim_ws/install/rrr_robot_interfaces/include/rrr_robot_interfaces/rrr_robot_interfaces/srv/detail/rrripk_target__functions.c
[3.022s] -- Installing: /home/waritt/robotsim_ws/install/rrr_robot_interfaces/include/rrr_robot_interfaces/rrr_robot_interfaces/srv/detail/rrr_mode__struct.h
[3.022s] -- Up-to-date: /home/waritt/robotsim_ws/install/rrr_robot_interfaces/include/rrr_robot_interfaces/rrr_robot_interfaces/srv/detail/rrr_service__struct.h
[3.022s] -- Installing: /home/waritt/robotsim_ws/install/rrr_robot_interfaces/include/rrr_robot_interfaces/rrr_robot_interfaces/srv/detail/rrripk_target__functions.h
[3.022s] -- Up-to-date: /home/waritt/robotsim_ws/install/rrr_robot_interfaces/include/rrr_robot_interfaces/rrr_robot_interfaces/srv/detail/rrr_service__functions.c
[3.022s] -- Installing: /home/waritt/robotsim_ws/install/rrr_robot_interfaces/include/rrr_robot_interfaces/rrr_robot_interfaces/srv/detail/rrripk__functions.h
[3.022s] -- Installing: /home/waritt/robotsim_ws/install/rrr_robot_interfaces/include/rrr_robot_interfaces/rrr_robot_interfaces/srv/detail/rrripk_target__type_support.h
[3.022s] -- Installing: /home/waritt/robotsim_ws/install/rrr_robot_interfaces/include/rrr_robot_interfaces/rrr_robot_interfaces/srv/detail/rrripk_target__struct.h
[3.022s] -- Installing: /home/waritt/robotsim_ws/install/rrr_robot_interfaces/include/rrr_robot_interfaces/rrr_robot_interfaces/srv/detail/rrripk__functions.c
[3.022s] -- Installing: /home/waritt/robotsim_ws/install/rrr_robot_interfaces/include/rrr_robot_interfaces/rrr_robot_interfaces/srv/detail/rrripk__type_support.h
[3.022s] -- Installing: /home/waritt/robotsim_ws/install/rrr_robot_interfaces/include/rrr_robot_interfaces/rrr_robot_interfaces/srv/detail/rrr_mode__functions.c
[3.022s] -- Installing: /home/waritt/robotsim_ws/install/rrr_robot_interfaces/include/rrr_robot_interfaces/rrr_robot_interfaces/srv/detail/rrripk__struct.h
[3.022s] -- Up-to-date: /home/waritt/robotsim_ws/install/rrr_robot_interfaces/include/rrr_robot_interfaces/rrr_robot_interfaces/srv/detail/rrr_service__type_support.h
[3.022s] -- Installing: /home/waritt/robotsim_ws/install/rrr_robot_interfaces/include/rrr_robot_interfaces/rrr_robot_interfaces/srv/detail/rrr_mode__functions.h
[3.022s] -- Up-to-date: /home/waritt/robotsim_ws/install/rrr_robot_interfaces/share/rrr_robot_interfaces/environment/library_path.sh
[3.022s] -- Installing: /home/waritt/robotsim_ws/install/rrr_robot_interfaces/share/rrr_robot_interfaces/environment/library_path.dsv
[3.022s] -- Installing: /home/waritt/robotsim_ws/install/rrr_robot_interfaces/lib/librrr_robot_interfaces__rosidl_generator_c.so
[3.023s] -- Set runtime path of "/home/waritt/robotsim_ws/install/rrr_robot_interfaces/lib/librrr_robot_interfaces__rosidl_generator_c.so" to ""
[3.023s] -- Up-to-date: /home/waritt/robotsim_ws/install/rrr_robot_interfaces/include/rrr_robot_interfaces/rrr_robot_interfaces
[3.023s] -- Up-to-date: /home/waritt/robotsim_ws/install/rrr_robot_interfaces/include/rrr_robot_interfaces/rrr_robot_interfaces/msg
[3.023s] -- Up-to-date: /home/waritt/robotsim_ws/install/rrr_robot_interfaces/include/rrr_robot_interfaces/rrr_robot_interfaces/msg/rosidl_typesupport_fastrtps_c__visibility_control.h
[3.023s] -- Up-to-date: /home/waritt/robotsim_ws/install/rrr_robot_interfaces/include/rrr_robot_interfaces/rrr_robot_interfaces/srv
[3.023s] -- Up-to-date: /home/waritt/robotsim_ws/install/rrr_robot_interfaces/include/rrr_robot_interfaces/rrr_robot_interfaces/srv/detail
[3.023s] -- Installing: /home/waritt/robotsim_ws/install/rrr_robot_interfaces/include/rrr_robot_interfaces/rrr_robot_interfaces/srv/detail/rrripk_target__rosidl_typesupport_fastrtps_c.h
[3.023s] -- Up-to-date: /home/waritt/robotsim_ws/install/rrr_robot_interfaces/include/rrr_robot_interfaces/rrr_robot_interfaces/srv/detail/rrr_service__rosidl_typesupport_fastrtps_c.h
[3.023s] -- Installing: /home/waritt/robotsim_ws/install/rrr_robot_interfaces/include/rrr_robot_interfaces/rrr_robot_interfaces/srv/detail/rrripk__rosidl_typesupport_fastrtps_c.h
[3.023s] -- Installing: /home/waritt/robotsim_ws/install/rrr_robot_interfaces/include/rrr_robot_interfaces/rrr_robot_interfaces/srv/detail/rrr_mode__rosidl_typesupport_fastrtps_c.h
[3.023s] -- Installing: /home/waritt/robotsim_ws/install/rrr_robot_interfaces/lib/librrr_robot_interfaces__rosidl_typesupport_fastrtps_c.so
[3.023s] -- Set runtime path of "/home/waritt/robotsim_ws/install/rrr_robot_interfaces/lib/librrr_robot_interfaces__rosidl_typesupport_fastrtps_c.so" to ""
[3.023s] -- Up-to-date: /home/waritt/robotsim_ws/install/rrr_robot_interfaces/include/rrr_robot_interfaces/rrr_robot_interfaces
[3.023s] -- Up-to-date: /home/waritt/robotsim_ws/install/rrr_robot_interfaces/include/rrr_robot_interfaces/rrr_robot_interfaces/srv
[3.023s] -- Up-to-date: /home/waritt/robotsim_ws/install/rrr_robot_interfaces/include/rrr_robot_interfaces/rrr_robot_interfaces/srv/rrr_service.hpp
[3.023s] -- Installing: /home/waritt/robotsim_ws/install/rrr_robot_interfaces/include/rrr_robot_interfaces/rrr_robot_interfaces/srv/rrripk.hpp
[3.024s] -- Up-to-date: /home/waritt/robotsim_ws/install/rrr_robot_interfaces/include/rrr_robot_interfaces/rrr_robot_interfaces/srv/detail
[3.024s] -- Installing: /home/waritt/robotsim_ws/install/rrr_robot_interfaces/include/rrr_robot_interfaces/rrr_robot_interfaces/srv/detail/rrripk__struct.hpp
[3.024s] -- Up-to-date: /home/waritt/robotsim_ws/install/rrr_robot_interfaces/include/rrr_robot_interfaces/rrr_robot_interfaces/srv/detail/rrr_service__struct.hpp
[3.024s] -- Up-to-date: /home/waritt/robotsim_ws/install/rrr_robot_interfaces/include/rrr_robot_interfaces/rrr_robot_interfaces/srv/detail/rrr_service__builder.hpp
[3.024s] -- Installing: /home/waritt/robotsim_ws/install/rrr_robot_interfaces/include/rrr_robot_interfaces/rrr_robot_interfaces/srv/detail/rrripk_target__struct.hpp
[3.024s] -- Installing: /home/waritt/robotsim_ws/install/rrr_robot_interfaces/include/rrr_robot_interfaces/rrr_robot_interfaces/srv/detail/rrripk__builder.hpp
[3.024s] -- Installing: /home/waritt/robotsim_ws/install/rrr_robot_interfaces/include/rrr_robot_interfaces/rrr_robot_interfaces/srv/detail/rrripk__traits.hpp
[3.024s] -- Installing: /home/waritt/robotsim_ws/install/rrr_robot_interfaces/include/rrr_robot_interfaces/rrr_robot_interfaces/srv/detail/rrripk_target__traits.hpp
[3.024s] -- Installing: /home/waritt/robotsim_ws/install/rrr_robot_interfaces/include/rrr_robot_interfaces/rrr_robot_interfaces/srv/detail/rrr_mode__builder.hpp
[3.024s] -- Installing: /home/waritt/robotsim_ws/install/rrr_robot_interfaces/include/rrr_robot_interfaces/rrr_robot_interfaces/srv/detail/rrripk_target__builder.hpp
[3.024s] -- Up-to-date: /home/waritt/robotsim_ws/install/rrr_robot_interfaces/include/rrr_robot_interfaces/rrr_robot_interfaces/srv/detail/rrr_service__traits.hpp
[3.024s] -- Installing: /home/waritt/robotsim_ws/install/rrr_robot_interfaces/include/rrr_robot_interfaces/rrr_robot_interfaces/srv/detail/rrr_mode__struct.hpp
[3.024s] -- Installing: /home/waritt/robotsim_ws/install/rrr_robot_interfaces/include/rrr_robot_interfaces/rrr_robot_interfaces/srv/detail/rrr_mode__traits.hpp
[3.024s] -- Installing: /home/waritt/robotsim_ws/install/rrr_robot_interfaces/include/rrr_robot_interfaces/rrr_robot_interfaces/srv/rrr_mode.hpp
[3.024s] -- Installing: /home/waritt/robotsim_ws/install/rrr_robot_interfaces/include/rrr_robot_interfaces/rrr_robot_interfaces/srv/rrripk_target.hpp
[3.024s] -- Up-to-date: /home/waritt/robotsim_ws/install/rrr_robot_interfaces/include/rrr_robot_interfaces/rrr_robot_interfaces
[3.024s] -- Up-to-date: /home/waritt/robotsim_ws/install/rrr_robot_interfaces/include/rrr_robot_interfaces/rrr_robot_interfaces/msg
[3.024s] -- Up-to-date: /home/waritt/robotsim_ws/install/rrr_robot_interfaces/include/rrr_robot_interfaces/rrr_robot_interfaces/msg/rosidl_typesupport_fastrtps_cpp__visibility_control.h
[3.024s] -- Up-to-date: /home/waritt/robotsim_ws/install/rrr_robot_interfaces/include/rrr_robot_interfaces/rrr_robot_interfaces/srv
[3.024s] -- Up-to-date: /home/waritt/robotsim_ws/install/rrr_robot_interfaces/include/rrr_robot_interfaces/rrr_robot_interfaces/srv/detail
[3.024s] -- Up-to-date: /home/waritt/robotsim_ws/install/rrr_robot_interfaces/include/rrr_robot_interfaces/rrr_robot_interfaces/srv/detail/rrr_service__rosidl_typesupport_fastrtps_cpp.hpp
[3.024s] -- Installing: /home/waritt/robotsim_ws/install/rrr_robot_interfaces/include/rrr_robot_interfaces/rrr_robot_interfaces/srv/detail/rrripk__rosidl_typesupport_fastrtps_cpp.hpp
[3.024s] -- Installing: /home/waritt/robotsim_ws/install/rrr_robot_interfaces/include/rrr_robot_interfaces/rrr_robot_interfaces/srv/detail/rrripk_target__rosidl_typesupport_fastrtps_cpp.hpp
[3.025s] -- Up-to-date: /home/waritt/robotsim_ws/install/rrr_robot_interfaces/include/rrr_robot_interfaces/rrr_robot_interfaces/srv/detail/dds_fastrtps
[3.025s] -- Installing: /home/waritt/robotsim_ws/install/rrr_robot_interfaces/include/rrr_robot_interfaces/rrr_robot_interfaces/srv/detail/rrr_mode__rosidl_typesupport_fastrtps_cpp.hpp
[3.025s] -- Installing: /home/waritt/robotsim_ws/install/rrr_robot_interfaces/lib/librrr_robot_interfaces__rosidl_typesupport_fastrtps_cpp.so
[3.025s] -- Set runtime path of "/home/waritt/robotsim_ws/install/rrr_robot_interfaces/lib/librrr_robot_interfaces__rosidl_typesupport_fastrtps_cpp.so" to ""
[3.025s] -- Up-to-date: /home/waritt/robotsim_ws/install/rrr_robot_interfaces/include/rrr_robot_interfaces/rrr_robot_interfaces
[3.025s] -- Up-to-date: /home/waritt/robotsim_ws/install/rrr_robot_interfaces/include/rrr_robot_interfaces/rrr_robot_interfaces/msg
[3.025s] -- Up-to-date: /home/waritt/robotsim_ws/install/rrr_robot_interfaces/include/rrr_robot_interfaces/rrr_robot_interfaces/msg/rosidl_typesupport_introspection_c__visibility_control.h
[3.025s] -- Up-to-date: /home/waritt/robotsim_ws/install/rrr_robot_interfaces/include/rrr_robot_interfaces/rrr_robot_interfaces/srv
[3.025s] -- Up-to-date: /home/waritt/robotsim_ws/install/rrr_robot_interfaces/include/rrr_robot_interfaces/rrr_robot_interfaces/srv/detail
[3.025s] -- Installing: /home/waritt/robotsim_ws/install/rrr_robot_interfaces/include/rrr_robot_interfaces/rrr_robot_interfaces/srv/detail/rrripk_target__type_support.c
[3.025s] -- Installing: /home/waritt/robotsim_ws/install/rrr_robot_interfaces/include/rrr_robot_interfaces/rrr_robot_interfaces/srv/detail/rrr_mode__type_support.c
[3.025s] -- Up-to-date: /home/waritt/robotsim_ws/install/rrr_robot_interfaces/include/rrr_robot_interfaces/rrr_robot_interfaces/srv/detail/rrr_service__type_support.c
[3.025s] -- Installing: /home/waritt/robotsim_ws/install/rrr_robot_interfaces/include/rrr_robot_interfaces/rrr_robot_interfaces/srv/detail/rrripk__rosidl_typesupport_introspection_c.h
[3.025s] -- Up-to-date: /home/waritt/robotsim_ws/install/rrr_robot_interfaces/include/rrr_robot_interfaces/rrr_robot_interfaces/srv/detail/rrr_service__rosidl_typesupport_introspection_c.h
[3.025s] -- Installing: /home/waritt/robotsim_ws/install/rrr_robot_interfaces/include/rrr_robot_interfaces/rrr_robot_interfaces/srv/detail/rrr_mode__rosidl_typesupport_introspection_c.h
[3.025s] -- Installing: /home/waritt/robotsim_ws/install/rrr_robot_interfaces/include/rrr_robot_interfaces/rrr_robot_interfaces/srv/detail/rrripk__type_support.c
[3.025s] -- Installing: /home/waritt/robotsim_ws/install/rrr_robot_interfaces/include/rrr_robot_interfaces/rrr_robot_interfaces/srv/detail/rrripk_target__rosidl_typesupport_introspection_c.h
[3.025s] -- Installing: /home/waritt/robotsim_ws/install/rrr_robot_interfaces/lib/librrr_robot_interfaces__rosidl_typesupport_introspection_c.so
[3.025s] -- Set runtime path of "/home/waritt/robotsim_ws/install/rrr_robot_interfaces/lib/librrr_robot_interfaces__rosidl_typesupport_introspection_c.so" to ""
[3.026s] -- Installing: /home/waritt/robotsim_ws/install/rrr_robot_interfaces/lib/librrr_robot_interfaces__rosidl_typesupport_c.so
[3.026s] -- Set runtime path of "/home/waritt/robotsim_ws/install/rrr_robot_interfaces/lib/librrr_robot_interfaces__rosidl_typesupport_c.so" to ""
[3.026s] -- Up-to-date: /home/waritt/robotsim_ws/install/rrr_robot_interfaces/include/rrr_robot_interfaces/rrr_robot_interfaces
[3.026s] -- Up-to-date: /home/waritt/robotsim_ws/install/rrr_robot_interfaces/include/rrr_robot_interfaces/rrr_robot_interfaces/srv
[3.026s] -- Up-to-date: /home/waritt/robotsim_ws/install/rrr_robot_interfaces/include/rrr_robot_interfaces/rrr_robot_interfaces/srv/detail
[3.026s] -- Installing: /home/waritt/robotsim_ws/install/rrr_robot_interfaces/include/rrr_robot_interfaces/rrr_robot_interfaces/srv/detail/rrripk__rosidl_typesupport_introspection_cpp.hpp
[3.026s] -- Up-to-date: /home/waritt/robotsim_ws/install/rrr_robot_interfaces/include/rrr_robot_interfaces/rrr_robot_interfaces/srv/detail/rrr_service__type_support.cpp
[3.026s] -- Installing: /home/waritt/robotsim_ws/install/rrr_robot_interfaces/include/rrr_robot_interfaces/rrr_robot_interfaces/srv/detail/rrripk__type_support.cpp
[3.026s] -- Installing: /home/waritt/robotsim_ws/install/rrr_robot_interfaces/include/rrr_robot_interfaces/rrr_robot_interfaces/srv/detail/rrripk_target__rosidl_typesupport_introspection_cpp.hpp
[3.026s] -- Installing: /home/waritt/robotsim_ws/install/rrr_robot_interfaces/include/rrr_robot_interfaces/rrr_robot_interfaces/srv/detail/rrripk_target__type_support.cpp
[3.026s] -- Installing: /home/waritt/robotsim_ws/install/rrr_robot_interfaces/include/rrr_robot_interfaces/rrr_robot_interfaces/srv/detail/rrr_mode__type_support.cpp
[3.026s] -- Installing: /home/waritt/robotsim_ws/install/rrr_robot_interfaces/include/rrr_robot_interfaces/rrr_robot_interfaces/srv/detail/rrr_mode__rosidl_typesupport_introspection_cpp.hpp
[3.026s] -- Up-to-date: /home/waritt/robotsim_ws/install/rrr_robot_interfaces/include/rrr_robot_interfaces/rrr_robot_interfaces/srv/detail/rrr_service__rosidl_typesupport_introspection_cpp.hpp
[3.026s] -- Installing: /home/waritt/robotsim_ws/install/rrr_robot_interfaces/lib/librrr_robot_interfaces__rosidl_typesupport_introspection_cpp.so
[3.026s] -- Set runtime path of "/home/waritt/robotsim_ws/install/rrr_robot_interfaces/lib/librrr_robot_interfaces__rosidl_typesupport_introspection_cpp.so" to ""
[3.027s] -- Installing: /home/waritt/robotsim_ws/install/rrr_robot_interfaces/lib/librrr_robot_interfaces__rosidl_typesupport_cpp.so
[3.027s] -- Set runtime path of "/home/waritt/robotsim_ws/install/rrr_robot_interfaces/lib/librrr_robot_interfaces__rosidl_typesupport_cpp.so" to ""
[3.027s] -- Up-to-date: /home/waritt/robotsim_ws/install/rrr_robot_interfaces/share/rrr_robot_interfaces/environment/pythonpath.sh
[3.027s] -- Installing: /home/waritt/robotsim_ws/install/rrr_robot_interfaces/share/rrr_robot_interfaces/environment/pythonpath.dsv
[3.027s] -- Up-to-date: /home/waritt/robotsim_ws/install/rrr_robot_interfaces/local/lib/python3.10/dist-packages/rrr_robot_interfaces-0.0.0-py3.10.egg-info
[3.027s] -- Installing: /home/waritt/robotsim_ws/install/rrr_robot_interfaces/local/lib/python3.10/dist-packages/rrr_robot_interfaces-0.0.0-py3.10.egg-info/SOURCES.txt
[3.027s] -- Installing: /home/waritt/robotsim_ws/install/rrr_robot_interfaces/local/lib/python3.10/dist-packages/rrr_robot_interfaces-0.0.0-py3.10.egg-info/top_level.txt
[3.027s] -- Installing: /home/waritt/robotsim_ws/install/rrr_robot_interfaces/local/lib/python3.10/dist-packages/rrr_robot_interfaces-0.0.0-py3.10.egg-info/PKG-INFO
[3.027s] -- Installing: /home/waritt/robotsim_ws/install/rrr_robot_interfaces/local/lib/python3.10/dist-packages/rrr_robot_interfaces-0.0.0-py3.10.egg-info/dependency_links.txt
[3.027s] -- Up-to-date: /home/waritt/robotsim_ws/install/rrr_robot_interfaces/local/lib/python3.10/dist-packages/rrr_robot_interfaces
[3.027s] -- Installing: /home/waritt/robotsim_ws/install/rrr_robot_interfaces/local/lib/python3.10/dist-packages/rrr_robot_interfaces/rrr_robot_interfaces_s__rosidl_typesupport_c.cpython-310-x86_64-linux-gnu.so
[3.027s] -- Installing: /home/waritt/robotsim_ws/install/rrr_robot_interfaces/local/lib/python3.10/dist-packages/rrr_robot_interfaces/__init__.py
[3.027s] -- Installing: /home/waritt/robotsim_ws/install/rrr_robot_interfaces/local/lib/python3.10/dist-packages/rrr_robot_interfaces/_rrr_robot_interfaces_s.ep.rosidl_typesupport_introspection_c.c
[3.027s] -- Installing: /home/waritt/robotsim_ws/install/rrr_robot_interfaces/local/lib/python3.10/dist-packages/rrr_robot_interfaces/rrr_robot_interfaces_s__rosidl_typesupport_introspection_c.cpython-310-x86_64-linux-gnu.so
[3.027s] -- Installing: /home/waritt/robotsim_ws/install/rrr_robot_interfaces/local/lib/python3.10/dist-packages/rrr_robot_interfaces/_rrr_robot_interfaces_s.ep.rosidl_typesupport_fastrtps_c.c
[3.028s] -- Installing: /home/waritt/robotsim_ws/install/rrr_robot_interfaces/local/lib/python3.10/dist-packages/rrr_robot_interfaces/rrr_robot_interfaces_s__rosidl_typesupport_fastrtps_c.cpython-310-x86_64-linux-gnu.so
[3.028s] -- Installing: /home/waritt/robotsim_ws/install/rrr_robot_interfaces/local/lib/python3.10/dist-packages/rrr_robot_interfaces/_rrr_robot_interfaces_s.ep.rosidl_typesupport_c.c
[3.028s] -- Installing: /home/waritt/robotsim_ws/install/rrr_robot_interfaces/local/lib/python3.10/dist-packages/rrr_robot_interfaces/librrr_robot_interfaces__rosidl_generator_py.so
[3.028s] -- Up-to-date: /home/waritt/robotsim_ws/install/rrr_robot_interfaces/local/lib/python3.10/dist-packages/rrr_robot_interfaces/srv
[3.028s] -- Up-to-date: /home/waritt/robotsim_ws/install/rrr_robot_interfaces/local/lib/python3.10/dist-packages/rrr_robot_interfaces/srv/_rrr_service.py
[3.028s] -- Installing: /home/waritt/robotsim_ws/install/rrr_robot_interfaces/local/lib/python3.10/dist-packages/rrr_robot_interfaces/srv/_rrripk_target.py
[3.028s] -- Up-to-date: /home/waritt/robotsim_ws/install/rrr_robot_interfaces/local/lib/python3.10/dist-packages/rrr_robot_interfaces/srv/_rrr_service_s.c
[3.028s] -- Installing: /home/waritt/robotsim_ws/install/rrr_robot_interfaces/local/lib/python3.10/dist-packages/rrr_robot_interfaces/srv/__init__.py
[3.028s] -- Installing: /home/waritt/robotsim_ws/install/rrr_robot_interfaces/local/lib/python3.10/dist-packages/rrr_robot_interfaces/srv/_rrripk.py
[3.028s] -- Installing: /home/waritt/robotsim_ws/install/rrr_robot_interfaces/local/lib/python3.10/dist-packages/rrr_robot_interfaces/srv/_rrripk_target_s.c
[3.028s] -- Installing: /home/waritt/robotsim_ws/install/rrr_robot_interfaces/local/lib/python3.10/dist-packages/rrr_robot_interfaces/srv/_rrr_mode.py
[3.028s] -- Installing: /home/waritt/robotsim_ws/install/rrr_robot_interfaces/local/lib/python3.10/dist-packages/rrr_robot_interfaces/srv/_rrr_mode_s.c
[3.028s] -- Installing: /home/waritt/robotsim_ws/install/rrr_robot_interfaces/local/lib/python3.10/dist-packages/rrr_robot_interfaces/srv/_rrripk_s.c
[3.055s] Listing '/home/waritt/robotsim_ws/install/rrr_robot_interfaces/local/lib/python3.10/dist-packages/rrr_robot_interfaces'...
[3.055s] Compiling '/home/waritt/robotsim_ws/install/rrr_robot_interfaces/local/lib/python3.10/dist-packages/rrr_robot_interfaces/__init__.py'...
[3.055s] Listing '/home/waritt/robotsim_ws/install/rrr_robot_interfaces/local/lib/python3.10/dist-packages/rrr_robot_interfaces/srv'...
[3.055s] Compiling '/home/waritt/robotsim_ws/install/rrr_robot_interfaces/local/lib/python3.10/dist-packages/rrr_robot_interfaces/srv/__init__.py'...
[3.056s] Compiling '/home/waritt/robotsim_ws/install/rrr_robot_interfaces/local/lib/python3.10/dist-packages/rrr_robot_interfaces/srv/_rrr_mode.py'...
[3.056s] Compiling '/home/waritt/robotsim_ws/install/rrr_robot_interfaces/local/lib/python3.10/dist-packages/rrr_robot_interfaces/srv/_rrripk.py'...
[3.056s] Compiling '/home/waritt/robotsim_ws/install/rrr_robot_interfaces/local/lib/python3.10/dist-packages/rrr_robot_interfaces/srv/_rrripk_target.py'...
[3.058s] -- Installing: /home/waritt/robotsim_ws/install/rrr_robot_interfaces/local/lib/python3.10/dist-packages/rrr_robot_interfaces/rrr_robot_interfaces_s__rosidl_typesupport_fastrtps_c.cpython-310-x86_64-linux-gnu.so
[3.058s] -- Set runtime path of "/home/waritt/robotsim_ws/install/rrr_robot_interfaces/local/lib/python3.10/dist-packages/rrr_robot_interfaces/rrr_robot_interfaces_s__rosidl_typesupport_fastrtps_c.cpython-310-x86_64-linux-gnu.so" to ""
[3.058s] -- Installing: /home/waritt/robotsim_ws/install/rrr_robot_interfaces/local/lib/python3.10/dist-packages/rrr_robot_interfaces/rrr_robot_interfaces_s__rosidl_typesupport_introspection_c.cpython-310-x86_64-linux-gnu.so
[3.059s] -- Set runtime path of "/home/waritt/robotsim_ws/install/rrr_robot_interfaces/local/lib/python3.10/dist-packages/rrr_robot_interfaces/rrr_robot_interfaces_s__rosidl_typesupport_introspection_c.cpython-310-x86_64-linux-gnu.so" to ""
[3.059s] -- Installing: /home/waritt/robotsim_ws/install/rrr_robot_interfaces/local/lib/python3.10/dist-packages/rrr_robot_interfaces/rrr_robot_interfaces_s__rosidl_typesupport_c.cpython-310-x86_64-linux-gnu.so
[3.059s] -- Set runtime path of "/home/waritt/robotsim_ws/install/rrr_robot_interfaces/local/lib/python3.10/dist-packages/rrr_robot_interfaces/rrr_robot_interfaces_s__rosidl_typesupport_c.cpython-310-x86_64-linux-gnu.so" to ""
[3.059s] -- Installing: /home/waritt/robotsim_ws/install/rrr_robot_interfaces/lib/librrr_robot_interfaces__rosidl_generator_py.so
[3.059s] -- Set runtime path of "/home/waritt/robotsim_ws/install/rrr_robot_interfaces/lib/librrr_robot_interfaces__rosidl_generator_py.so" to ""
[3.059s] -- Up-to-date: /home/waritt/robotsim_ws/install/rrr_robot_interfaces/share/rrr_robot_interfaces/srv/RRRMode.idl
[3.059s] -- Installing: /home/waritt/robotsim_ws/install/rrr_robot_interfaces/share/rrr_robot_interfaces/srv/RRRIPK.idl
[3.059s] -- Up-to-date: /home/waritt/robotsim_ws/install/rrr_robot_interfaces/share/rrr_robot_interfaces/srv/RRRIPKTarget.idl
[3.059s] -- Up-to-date: /home/waritt/robotsim_ws/install/rrr_robot_interfaces/share/rrr_robot_interfaces/srv/RRRMode.srv
[3.059s] -- Up-to-date: /home/waritt/robotsim_ws/install/rrr_robot_interfaces/share/rrr_robot_interfaces/srv/RRRMode_Request.msg
[3.059s] -- Up-to-date: /home/waritt/robotsim_ws/install/rrr_robot_interfaces/share/rrr_robot_interfaces/srv/RRRMode_Response.msg
[3.059s] -- Installing: /home/waritt/robotsim_ws/install/rrr_robot_interfaces/share/rrr_robot_interfaces/srv/RRRIPK.srv
[3.059s] -- Installing: /home/waritt/robotsim_ws/install/rrr_robot_interfaces/share/rrr_robot_interfaces/srv/RRRIPK_Request.msg
[3.059s] -- Up-to-date: /home/waritt/robotsim_ws/install/rrr_robot_interfaces/share/rrr_robot_interfaces/srv/RRRIPK_Response.msg
[3.060s] -- Up-to-date: /home/waritt/robotsim_ws/install/rrr_robot_interfaces/share/rrr_robot_interfaces/srv/RRRIPKTarget.srv
[3.060s] -- Up-to-date: /home/waritt/robotsim_ws/install/rrr_robot_interfaces/share/rrr_robot_interfaces/srv/RRRIPKTarget_Request.msg
[3.060s] -- Up-to-date: /home/waritt/robotsim_ws/install/rrr_robot_interfaces/share/rrr_robot_interfaces/srv/RRRIPKTarget_Response.msg
[3.060s] -- Up-to-date: /home/waritt/robotsim_ws/install/rrr_robot_interfaces/share/ament_index/resource_index/package_run_dependencies/rrr_robot_interfaces
[3.060s] -- Up-to-date: /home/waritt/robotsim_ws/install/rrr_robot_interfaces/share/ament_index/resource_index/parent_prefix_path/rrr_robot_interfaces
[3.060s] -- Up-to-date: /home/waritt/robotsim_ws/install/rrr_robot_interfaces/share/rrr_robot_interfaces/environment/ament_prefix_path.sh
[3.060s] -- Installing: /home/waritt/robotsim_ws/install/rrr_robot_interfaces/share/rrr_robot_interfaces/environment/ament_prefix_path.dsv
[3.060s] -- Up-to-date: /home/waritt/robotsim_ws/install/rrr_robot_interfaces/share/rrr_robot_interfaces/environment/path.sh
[3.060s] -- Installing: /home/waritt/robotsim_ws/install/rrr_robot_interfaces/share/rrr_robot_interfaces/environment/path.dsv
[3.060s] -- Up-to-date: /home/waritt/robotsim_ws/install/rrr_robot_interfaces/share/rrr_robot_interfaces/local_setup.bash
[3.060s] -- Up-to-date: /home/waritt/robotsim_ws/install/rrr_robot_interfaces/share/rrr_robot_interfaces/local_setup.sh
[3.060s] -- Up-to-date: /home/waritt/robotsim_ws/install/rrr_robot_interfaces/share/rrr_robot_interfaces/local_setup.zsh
[3.060s] -- Installing: /home/waritt/robotsim_ws/install/rrr_robot_interfaces/share/rrr_robot_interfaces/local_setup.dsv
[3.060s] -- Installing: /home/waritt/robotsim_ws/install/rrr_robot_interfaces/share/rrr_robot_interfaces/package.dsv
[3.060s] -- Up-to-date: /home/waritt/robotsim_ws/install/rrr_robot_interfaces/share/ament_index/resource_index/packages/rrr_robot_interfaces
[3.060s] -- Up-to-date: /home/waritt/robotsim_ws/install/rrr_robot_interfaces/share/rrr_robot_interfaces/cmake/export_rrr_robot_interfaces__rosidl_generator_cExport.cmake
[3.060s] -- Up-to-date: /home/waritt/robotsim_ws/install/rrr_robot_interfaces/share/rrr_robot_interfaces/cmake/export_rrr_robot_interfaces__rosidl_generator_cExport-noconfig.cmake
[3.060s] -- Up-to-date: /home/waritt/robotsim_ws/install/rrr_robot_interfaces/share/rrr_robot_interfaces/cmake/export_rrr_robot_interfaces__rosidl_typesupport_fastrtps_cExport.cmake
[3.060s] -- Up-to-date: /home/waritt/robotsim_ws/install/rrr_robot_interfaces/share/rrr_robot_interfaces/cmake/export_rrr_robot_interfaces__rosidl_typesupport_fastrtps_cExport-noconfig.cmake
[3.060s] -- Up-to-date: /home/waritt/robotsim_ws/install/rrr_robot_interfaces/share/rrr_robot_interfaces/cmake/export_rrr_robot_interfaces__rosidl_generator_cppExport.cmake
[3.060s] -- Up-to-date: /home/waritt/robotsim_ws/install/rrr_robot_interfaces/share/rrr_robot_interfaces/cmake/export_rrr_robot_interfaces__rosidl_typesupport_fastrtps_cppExport.cmake
[3.060s] -- Up-to-date: /home/waritt/robotsim_ws/install/rrr_robot_interfaces/share/rrr_robot_interfaces/cmake/export_rrr_robot_interfaces__rosidl_typesupport_fastrtps_cppExport-noconfig.cmake
[3.060s] -- Up-to-date: /home/waritt/robotsim_ws/install/rrr_robot_interfaces/share/rrr_robot_interfaces/cmake/rrr_robot_interfaces__rosidl_typesupport_introspection_cExport.cmake
[3.061s] -- Up-to-date: /home/waritt/robotsim_ws/install/rrr_robot_interfaces/share/rrr_robot_interfaces/cmake/rrr_robot_interfaces__rosidl_typesupport_introspection_cExport-noconfig.cmake
[3.061s] -- Up-to-date: /home/waritt/robotsim_ws/install/rrr_robot_interfaces/share/rrr_robot_interfaces/cmake/rrr_robot_interfaces__rosidl_typesupport_cExport.cmake
[3.061s] -- Up-to-date: /home/waritt/robotsim_ws/install/rrr_robot_interfaces/share/rrr_robot_interfaces/cmake/rrr_robot_interfaces__rosidl_typesupport_cExport-noconfig.cmake
[3.061s] -- Up-to-date: /home/waritt/robotsim_ws/install/rrr_robot_interfaces/share/rrr_robot_interfaces/cmake/rrr_robot_interfaces__rosidl_typesupport_introspection_cppExport.cmake
[3.061s] -- Up-to-date: /home/waritt/robotsim_ws/install/rrr_robot_interfaces/share/rrr_robot_interfaces/cmake/rrr_robot_interfaces__rosidl_typesupport_introspection_cppExport-noconfig.cmake
[3.061s] -- Up-to-date: /home/waritt/robotsim_ws/install/rrr_robot_interfaces/share/rrr_robot_interfaces/cmake/rrr_robot_interfaces__rosidl_typesupport_cppExport.cmake
[3.061s] -- Up-to-date: /home/waritt/robotsim_ws/install/rrr_robot_interfaces/share/rrr_robot_interfaces/cmake/rrr_robot_interfaces__rosidl_typesupport_cppExport-noconfig.cmake
[3.061s] -- Up-to-date: /home/waritt/robotsim_ws/install/rrr_robot_interfaces/share/rrr_robot_interfaces/cmake/export_rrr_robot_interfaces__rosidl_generator_pyExport.cmake
[3.061s] -- Up-to-date: /home/waritt/robotsim_ws/install/rrr_robot_interfaces/share/rrr_robot_interfaces/cmake/export_rrr_robot_interfaces__rosidl_generator_pyExport-noconfig.cmake
[3.061s] -- Up-to-date: /home/waritt/robotsim_ws/install/rrr_robot_interfaces/share/rrr_robot_interfaces/cmake/rosidl_cmake-extras.cmake
[3.061s] -- Up-to-date: /home/waritt/robotsim_ws/install/rrr_robot_interfaces/share/rrr_robot_interfaces/cmake/ament_cmake_export_dependencies-extras.cmake
[3.061s] -- Up-to-date: /home/waritt/robotsim_ws/install/rrr_robot_interfaces/share/rrr_robot_interfaces/cmake/ament_cmake_export_include_directories-extras.cmake
[3.061s] -- Up-to-date: /home/waritt/robotsim_ws/install/rrr_robot_interfaces/share/rrr_robot_interfaces/cmake/ament_cmake_export_libraries-extras.cmake
[3.061s] -- Up-to-date: /home/waritt/robotsim_ws/install/rrr_robot_interfaces/share/rrr_robot_interfaces/cmake/ament_cmake_export_targets-extras.cmake
[3.061s] -- Up-to-date: /home/waritt/robotsim_ws/install/rrr_robot_interfaces/share/rrr_robot_interfaces/cmake/rosidl_cmake_export_typesupport_targets-extras.cmake
[3.061s] -- Up-to-date: /home/waritt/robotsim_ws/install/rrr_robot_interfaces/share/rrr_robot_interfaces/cmake/rosidl_cmake_export_typesupport_libraries-extras.cmake
[3.061s] -- Up-to-date: /home/waritt/robotsim_ws/install/rrr_robot_interfaces/share/rrr_robot_interfaces/cmake/rrr_robot_interfacesConfig.cmake
[3.061s] -- Up-to-date: /home/waritt/robotsim_ws/install/rrr_robot_interfaces/share/rrr_robot_interfaces/cmake/rrr_robot_interfacesConfig-version.cmake
[3.061s] -- Up-to-date: /home/waritt/robotsim_ws/install/rrr_robot_interfaces/share/rrr_robot_interfaces/package.xml
[3.063s] Invoked command in '/home/waritt/robotsim_ws/build/rrr_robot_interfaces' returned '0': CMAKE_PREFIX_PATH=${CMAKE_PREFIX_PATH}:/opt/ros/humble /usr/bin/cmake --install /home/waritt/robotsim_ws/build/rrr_robot_interfaces
