[0.010s] Invoking command in '/home/waritt/robotsim_ws/build/rrr_robot': CMAKE_PREFIX_PATH=${CMAKE_PREFIX_PATH}:/opt/ros/humble /usr/bin/cmake --build /home/waritt/robotsim_ws/build/rrr_robot -- -j16 -l16
[0.025s] -- Found ament_cmake: 1.3.10 (/opt/ros/humble/share/ament_cmake/cmake)
[0.113s] -- Found rclcpp: 16.0.10 (/opt/ros/humble/share/rclcpp/cmake)
[0.130s] -- Found rosidl_generator_c: 3.1.5 (/opt/ros/humble/share/rosidl_generator_c/cmake)
[0.132s] -- Found rosidl_adapter: 3.1.5 (/opt/ros/humble/share/rosidl_adapter/cmake)
[0.136s] -- Found rosidl_generator_cpp: 3.1.5 (/opt/ros/humble/share/rosidl_generator_cpp/cmake)
[0.142s] -- Using all available rosidl_typesupport_c: rosidl_typesupport_fastrtps_c;rosidl_typesupport_introspection_c
[0.150s] -- Using all available rosidl_typesupport_cpp: rosidl_typesupport_fastrtps_cpp;rosidl_typesupport_introspection_cpp
[0.170s] -- Found rmw_implementation_cmake: 6.1.2 (/opt/ros/humble/share/rmw_implementation_cmake/cmake)
[0.171s] -- Found rmw_fastrtps_cpp: 6.2.7 (/opt/ros/humble/share/rmw_fastrtps_cpp/cmake)
[0.238s] -- Using RMW implementation 'rmw_fastrtps_cpp' as default
[0.267s] -- Found rclpy: 3.3.14 (/opt/ros/humble/share/rclpy/cmake)
[0.348s] -- Configuring done
[0.353s] -- Generating done
[0.354s] -- Build files have been written to: /home/waritt/robotsim_ws/build/rrr_robot
[0.371s] [35m[1mConsolidate compiler generated dependencies of target cpp_node_test[0m
[0.378s] [100%] Built target cpp_node_test
[0.382s] [100%] Built target ament_cmake_python_copy_rrr_robot
[0.594s] running egg_info
[0.595s] writing rrr_robot.egg-info/PKG-INFO
[0.595s] writing dependency_links to rrr_robot.egg-info/dependency_links.txt
[0.595s] writing top-level names to rrr_robot.egg-info/top_level.txt
[0.597s] reading manifest file 'rrr_robot.egg-info/SOURCES.txt'
[0.597s] writing manifest file 'rrr_robot.egg-info/SOURCES.txt'
[0.619s] [100%] Built target ament_cmake_python_build_rrr_robot_egg
[0.628s] Invoked command in '/home/waritt/robotsim_ws/build/rrr_robot' returned '0': CMAKE_PREFIX_PATH=${CMAKE_PREFIX_PATH}:/opt/ros/humble /usr/bin/cmake --build /home/waritt/robotsim_ws/build/rrr_robot -- -j16 -l16
[0.656s] Invoking command in '/home/waritt/robotsim_ws/build/rrr_robot': CMAKE_PREFIX_PATH=${CMAKE_PREFIX_PATH}:/opt/ros/humble /usr/bin/cmake --install /home/waritt/robotsim_ws/build/rrr_robot
[0.661s] -- Install configuration: ""
[0.661s] -- Up-to-date: /home/waritt/robotsim_ws/install/rrr_robot/share/rrr_robot/environment/pythonpath.sh
[0.662s] -- Installing: /home/waritt/robotsim_ws/install/rrr_robot/share/rrr_robot/environment/pythonpath.dsv
[0.662s] -- Up-to-date: /home/waritt/robotsim_ws/install/rrr_robot/local/lib/python3.10/dist-packages/rrr_robot-0.0.0-py3.10.egg-info
[0.662s] -- Installing: /home/waritt/robotsim_ws/install/rrr_robot/local/lib/python3.10/dist-packages/rrr_robot-0.0.0-py3.10.egg-info/SOURCES.txt
[0.662s] -- Installing: /home/waritt/robotsim_ws/install/rrr_robot/local/lib/python3.10/dist-packages/rrr_robot-0.0.0-py3.10.egg-info/top_level.txt
[0.662s] -- Installing: /home/waritt/robotsim_ws/install/rrr_robot/local/lib/python3.10/dist-packages/rrr_robot-0.0.0-py3.10.egg-info/PKG-INFO
[0.662s] -- Installing: /home/waritt/robotsim_ws/install/rrr_robot/local/lib/python3.10/dist-packages/rrr_robot-0.0.0-py3.10.egg-info/dependency_links.txt
[0.662s] -- Up-to-date: /home/waritt/robotsim_ws/install/rrr_robot/local/lib/python3.10/dist-packages/rrr_robot
[0.662s] -- Up-to-date: /home/waritt/robotsim_ws/install/rrr_robot/local/lib/python3.10/dist-packages/rrr_robot/__init__.py
[0.662s] -- Up-to-date: /home/waritt/robotsim_ws/install/rrr_robot/local/lib/python3.10/dist-packages/rrr_robot/dummy_module.py
[0.691s] Listing '/home/waritt/robotsim_ws/install/rrr_robot/local/lib/python3.10/dist-packages/rrr_robot'...
[0.695s] -- Installing: /home/waritt/robotsim_ws/install/rrr_robot/lib/rrr_robot/cpp_node_test
[0.695s] -- Set runtime path of "/home/waritt/robotsim_ws/install/rrr_robot/lib/rrr_robot/cpp_node_test" to ""
[0.695s] -- Installing: /home/waritt/robotsim_ws/install/rrr_robot/share/rrr_robot/config
[0.695s] -- Installing: /home/waritt/robotsim_ws/install/rrr_robot/share/rrr_robot/config/workspace_pos.npy
[0.707s] -- Installing: /home/waritt/robotsim_ws/install/rrr_robot/share/rrr_robot/config/display.rviz
[0.708s] -- Installing: /home/waritt/robotsim_ws/install/rrr_robot/share/rrr_robot/launch
[0.708s] -- Installing: /home/waritt/robotsim_ws/install/rrr_robot/share/rrr_robot/launch/fun.launch.py
[0.708s] -- Installing: /home/waritt/robotsim_ws/install/rrr_robot/share/rrr_robot/launch/simple_display.launch.py
[0.708s] -- Installing: /home/waritt/robotsim_ws/install/rrr_robot/share/rrr_robot/meshes
[0.708s] -- Installing: /home/waritt/robotsim_ws/install/rrr_robot/share/rrr_robot/meshes/link_1.stl
[0.708s] -- Installing: /home/waritt/robotsim_ws/install/rrr_robot/share/rrr_robot/meshes/link_3.stl
[0.708s] -- Installing: /home/waritt/robotsim_ws/install/rrr_robot/share/rrr_robot/meshes/link_0.stl
[0.708s] -- Installing: /home/waritt/robotsim_ws/install/rrr_robot/share/rrr_robot/meshes/end_effector.stl
[0.709s] -- Installing: /home/waritt/robotsim_ws/install/rrr_robot/share/rrr_robot/meshes/link_2.stl
[0.709s] -- Installing: /home/waritt/robotsim_ws/install/rrr_robot/share/rrr_robot/robot
[0.709s] -- Installing: /home/waritt/robotsim_ws/install/rrr_robot/share/rrr_robot/robot/visual
[0.709s] -- Installing: /home/waritt/robotsim_ws/install/rrr_robot/share/rrr_robot/robot/visual/my-robot.xacro
[0.709s] -- Installing: /home/waritt/robotsim_ws/install/rrr_robot/share/rrr_robot/robot/visual/01-myfirst.urdf
[0.709s] -- Installing: /home/waritt/robotsim_ws/install/rrr_robot/share/ament_index/resource_index/package_run_dependencies/rrr_robot
[0.709s] -- Installing: /home/waritt/robotsim_ws/install/rrr_robot/share/ament_index/resource_index/parent_prefix_path/rrr_robot
[0.710s] -- Installing: /home/waritt/robotsim_ws/install/rrr_robot/share/rrr_robot/environment/ament_prefix_path.sh
[0.710s] -- Installing: /home/waritt/robotsim_ws/install/rrr_robot/share/rrr_robot/environment/ament_prefix_path.dsv
[0.710s] -- Installing: /home/waritt/robotsim_ws/install/rrr_robot/share/rrr_robot/environment/path.sh
[0.710s] -- Installing: /home/waritt/robotsim_ws/install/rrr_robot/share/rrr_robot/environment/path.dsv
[0.710s] -- Installing: /home/waritt/robotsim_ws/install/rrr_robot/share/rrr_robot/local_setup.bash
[0.710s] -- Installing: /home/waritt/robotsim_ws/install/rrr_robot/share/rrr_robot/local_setup.sh
[0.710s] -- Installing: /home/waritt/robotsim_ws/install/rrr_robot/share/rrr_robot/local_setup.zsh
[0.710s] -- Installing: /home/waritt/robotsim_ws/install/rrr_robot/share/rrr_robot/local_setup.dsv
[0.711s] -- Installing: /home/waritt/robotsim_ws/install/rrr_robot/share/rrr_robot/package.dsv
[0.711s] -- Installing: /home/waritt/robotsim_ws/install/rrr_robot/share/ament_index/resource_index/packages/rrr_robot
[0.711s] -- Installing: /home/waritt/robotsim_ws/install/rrr_robot/share/rrr_robot/cmake/rrr_robotConfig.cmake
[0.711s] -- Installing: /home/waritt/robotsim_ws/install/rrr_robot/share/rrr_robot/cmake/rrr_robotConfig-version.cmake
[0.711s] -- Installing: /home/waritt/robotsim_ws/install/rrr_robot/share/rrr_robot/package.xml
[0.713s] Invoked command in '/home/waritt/robotsim_ws/build/rrr_robot' returned '0': CMAKE_PREFIX_PATH=${CMAKE_PREFIX_PATH}:/opt/ros/humble /usr/bin/cmake --install /home/waritt/robotsim_ws/build/rrr_robot
