-- Found ament_cmake: 1.3.10 (/opt/ros/humble/share/ament_cmake/cmake)
-- Found geometry_msgs: 4.2.4 (/opt/ros/humble/share/geometry_msgs/cmake)
-- Found rosidl_generator_c: 3.1.5 (/opt/ros/humble/share/rosidl_generator_c/cmake)
-- Found rosidl_adapter: 3.1.5 (/opt/ros/humble/share/rosidl_adapter/cmake)
-- Found rosidl_generator_cpp: 3.1.5 (/opt/ros/humble/share/rosidl_generator_cpp/cmake)
-- Using all available rosidl_typesupport_c: rosidl_typesupport_fastrtps_c;rosidl_typesupport_introspection_c
-- Using all available rosidl_typesupport_cpp: rosidl_typesupport_fastrtps_cpp;rosidl_typesupport_introspection_cpp
[31mCMake Error at CMakeLists.txt:11 (find_package):
  By not providing "Findsensor_msgs_msg.cmake" in CMAKE_MODULE_PATH this
  project has asked CMake to find a package configuration file provided by
  "sensor_msgs_msg", but CMake did not find one.

  Could not find a package configuration file provided by "sensor_msgs_msg"
  with any of the following names:

    sensor_msgs_msgConfig.cmake
    sensor_msgs_msg-config.cmake

  Add the installation prefix of "sensor_msgs_msg" to CMAKE_PREFIX_PATH or
  set "sensor_msgs_msg_DIR" to a directory containing one of the above files.
  If "sensor_msgs_msg" provides a separate development package or SDK, be
  sure it has been installed.

[0m
-- Configuring incomplete, errors occurred!
See also "/home/waritt/robotsim_ws/build/rrr_robot_interfaces/CMakeFiles/CMakeOutput.log".
