[0.008s] Invoking command in '/home/waritt/robotsim_ws/build/rrr_robot_interfaces': CMAKE_PREFIX_PATH=${CMAKE_PREFIX_PATH}:/opt/ros/humble /usr/bin/cmake /home/waritt/robotsim_ws/src/rrr_robot_interfaces -DCMAKE_INSTALL_PREFIX=/home/waritt/robotsim_ws/install/rrr_robot_interfaces
[0.015s] -- Found ament_cmake: 1.3.10 (/opt/ros/humble/share/ament_cmake/cmake)
[0.101s] -- Found geometry_msgs: 4.2.4 (/opt/ros/humble/share/geometry_msgs/cmake)
[0.116s] -- Found rosidl_generator_c: 3.1.5 (/opt/ros/humble/share/rosidl_generator_c/cmake)
[0.118s] -- Found rosidl_adapter: 3.1.5 (/opt/ros/humble/share/rosidl_adapter/cmake)
[0.121s] -- Found rosidl_generator_cpp: 3.1.5 (/opt/ros/humble/share/rosidl_generator_cpp/cmake)
[0.127s] -- Using all available rosidl_typesupport_c: rosidl_typesupport_fastrtps_c;rosidl_typesupport_introspection_c
[0.134s] -- Using all available rosidl_typesupport_cpp: rosidl_typesupport_fastrtps_cpp;rosidl_typesupport_introspection_cpp
[0.162s] [31mCMake Error at CMakeLists.txt:11 (find_package):
[0.162s]   By not providing "Findsensor_msgs.msg.cmake" in CMAKE_MODULE_PATH this
[0.162s]   project has asked CMake to find a package configuration file provided by
[0.162s]   "sensor_msgs.msg", but CMake did not find one.
[0.162s] 
[0.162s]   Could not find a package configuration file provided by "sensor_msgs.msg"
[0.162s]   with any of the following names:
[0.162s] 
[0.162s]     sensor_msgs.msgConfig.cmake
[0.162s]     sensor_msgs.msg-config.cmake
[0.162s] 
[0.162s]   Add the installation prefix of "sensor_msgs.msg" to CMAKE_PREFIX_PATH or
[0.162s]   set "sensor_msgs.msg_DIR" to a directory containing one of the above files.
[0.162s]   If "sensor_msgs.msg" provides a separate development package or SDK, be
[0.162s]   sure it has been installed.
[0.162s] 
[0.163s] [0m
[0.163s] -- Configuring incomplete, errors occurred!
[0.163s] See also "/home/waritt/robotsim_ws/build/rrr_robot_interfaces/CMakeFiles/CMakeOutput.log".
[0.165s] Invoked command in '/home/waritt/robotsim_ws/build/rrr_robot_interfaces' returned '1': CMAKE_PREFIX_PATH=${CMAKE_PREFIX_PATH}:/opt/ros/humble /usr/bin/cmake /home/waritt/robotsim_ws/src/rrr_robot_interfaces -DCMAKE_INSTALL_PREFIX=/home/waritt/robotsim_ws/install/rrr_robot_interfaces
