[0.008s] Invoking command in '/home/waritt/robotsim_ws/build/rrr_robot_interfaces': CMAKE_PREFIX_PATH=${CMAKE_PREFIX_PATH}:/opt/ros/humble /usr/bin/cmake --build /home/waritt/robotsim_ws/build/rrr_robot_interfaces -- -j16 -l16
[0.022s] -- Found ament_cmake: 1.3.10 (/opt/ros/humble/share/ament_cmake/cmake)
[0.109s] -- Found geometry_msgs: 4.2.4 (/opt/ros/humble/share/geometry_msgs/cmake)
[0.124s] -- Found rosidl_generator_c: 3.1.5 (/opt/ros/humble/share/rosidl_generator_c/cmake)
[0.125s] -- Found rosidl_adapter: 3.1.5 (/opt/ros/humble/share/rosidl_adapter/cmake)
[0.129s] -- Found rosidl_generator_cpp: 3.1.5 (/opt/ros/humble/share/rosidl_generator_cpp/cmake)
[0.134s] -- Using all available rosidl_typesupport_c: rosidl_typesupport_fastrtps_c;rosidl_typesupport_introspection_c
[0.142s] -- Using all available rosidl_typesupport_cpp: rosidl_typesupport_fastrtps_cpp;rosidl_typesupport_introspection_cpp
[0.163s] -- Found sensor_msgs: 4.2.4 (/opt/ros/humble/share/sensor_msgs/cmake)
[0.172s] -- Found rosidl_default_generators: 1.2.0 (/opt/ros/humble/share/rosidl_default_generators/cmake)
[0.177s] -- Found ament_lint_auto: 0.12.11 (/opt/ros/humble/share/ament_lint_auto/cmake)
[0.384s] -- Found ament_cmake_ros: 0.10.0 (/opt/ros/humble/share/ament_cmake_ros/cmake)
[0.687s] -- Using all available rosidl_typesupport_c: rosidl_typesupport_fastrtps_c;rosidl_typesupport_introspection_c
[0.808s] -- Using all available rosidl_typesupport_cpp: rosidl_typesupport_fastrtps_cpp;rosidl_typesupport_introspection_cpp
[0.824s] -- Found python_cmake_module: 0.10.0 (/opt/ros/humble/share/python_cmake_module/cmake)
[0.844s] -- Using PYTHON_EXECUTABLE: /usr/bin/python3
[0.845s] -- Using PYTHON_INCLUDE_DIRS: /usr/include/python3.10
[0.845s] -- Using PYTHON_LIBRARIES: /usr/lib/x86_64-linux-gnu/libpython3.10.so
[0.888s] -- Added test 'lint_cmake' to check CMake code style
[0.888s] -- Added test 'xmllint' to check XML markup files
[0.891s] -- Configuring done
[0.920s] -- Generating done
[0.922s] -- Build files have been written to: /home/waritt/robotsim_ws/build/rrr_robot_interfaces
[0.942s] [  2%] [34m[1mGenerating C code for ROS interfaces[0m
[0.950s] [  5%] [34m[1mGenerating C++ code for ROS interfaces[0m
[0.957s] [  5%] Built target ament_cmake_python_copy_rrr_robot_interfaces
[1.152s] running egg_info
[1.153s] writing rrr_robot_interfaces.egg-info/PKG-INFO
[1.153s] writing dependency_links to rrr_robot_interfaces.egg-info/dependency_links.txt
[1.153s] writing top-level names to rrr_robot_interfaces.egg-info/top_level.txt
[1.156s] reading manifest file 'rrr_robot_interfaces.egg-info/SOURCES.txt'
[1.157s] writing manifest file 'rrr_robot_interfaces.egg-info/SOURCES.txt'
[1.176s] [  5%] Built target ament_cmake_python_build_rrr_robot_interfaces_egg
[1.219s] [  5%] Built target rrr_robot_interfaces__cpp
[1.227s] [ 10%] [34m[1mGenerating C++ introspection for ROS interfaces[0m
[1.227s] [ 10%] [34m[1mGenerating C++ type support for eProsima Fast-RTPS[0m
[1.227s] [ 12%] [34m[1mGenerating C++ type support dispatch for ROS interfaces[0m
[1.227s] [35m[1mConsolidate compiler generated dependencies of target rrr_robot_interfaces__rosidl_generator_c[0m
[1.235s] [ 17%] [32mBuilding C object CMakeFiles/rrr_robot_interfaces__rosidl_generator_c.dir/rosidl_generator_c/rrr_robot_interfaces/srv/detail/rrripk__functions.c.o[0m
[1.235s] [ 17%] [32mBuilding C object CMakeFiles/rrr_robot_interfaces__rosidl_generator_c.dir/rosidl_generator_c/rrr_robot_interfaces/srv/detail/rrr_mode__functions.c.o[0m
[1.278s] [ 20%] [32m[1mLinking C shared library librrr_robot_interfaces__rosidl_generator_c.so[0m
[1.304s] [ 20%] Built target rrr_robot_interfaces__rosidl_generator_c
[1.311s] [ 23%] [34m[1mGenerating C type support for eProsima Fast-RTPS[0m
[1.311s] [ 25%] [34m[1mGenerating C type support dispatch for ROS interfaces[0m
[1.311s] [ 28%] [34m[1mGenerating C introspection for ROS interfaces[0m
[1.428s] [35m[1mConsolidate compiler generated dependencies of target rrr_robot_interfaces__rosidl_typesupport_cpp[0m
[1.439s] [ 33%] [32mBuilding CXX object CMakeFiles/rrr_robot_interfaces__rosidl_typesupport_cpp.dir/rosidl_typesupport_cpp/rrr_robot_interfaces/srv/rrripk__type_support.cpp.o[0m
[1.439s] [ 33%] [32mBuilding CXX object CMakeFiles/rrr_robot_interfaces__rosidl_typesupport_cpp.dir/rosidl_typesupport_cpp/rrr_robot_interfaces/srv/rrr_mode__type_support.cpp.o[0m
[1.453s] [35m[1mConsolidate compiler generated dependencies of target rrr_robot_interfaces__rosidl_typesupport_introspection_cpp[0m
[1.464s] [ 38%] [32mBuilding CXX object CMakeFiles/rrr_robot_interfaces__rosidl_typesupport_introspection_cpp.dir/rosidl_typesupport_introspection_cpp/rrr_robot_interfaces/srv/detail/rrripk__type_support.cpp.o[0m
[1.464s] [ 38%] [32mBuilding CXX object CMakeFiles/rrr_robot_interfaces__rosidl_typesupport_introspection_cpp.dir/rosidl_typesupport_introspection_cpp/rrr_robot_interfaces/srv/detail/rrr_mode__type_support.cpp.o[0m
[1.493s] [35m[1mConsolidate compiler generated dependencies of target rrr_robot_interfaces__rosidl_typesupport_fastrtps_cpp[0m
[1.505s] [ 41%] [32mBuilding CXX object CMakeFiles/rrr_robot_interfaces__rosidl_typesupport_fastrtps_cpp.dir/rosidl_typesupport_fastrtps_cpp/rrr_robot_interfaces/srv/detail/dds_fastrtps/rrr_mode__type_support.cpp.o[0m
[1.508s] [ 43%] [32mBuilding CXX object CMakeFiles/rrr_robot_interfaces__rosidl_typesupport_fastrtps_cpp.dir/rosidl_typesupport_fastrtps_cpp/rrr_robot_interfaces/srv/detail/dds_fastrtps/rrripk__type_support.cpp.o[0m
[1.544s] [35m[1mConsolidate compiler generated dependencies of target rrr_robot_interfaces__rosidl_typesupport_c[0m
[1.556s] [ 46%] [32mBuilding CXX object CMakeFiles/rrr_robot_interfaces__rosidl_typesupport_c.dir/rosidl_typesupport_c/rrr_robot_interfaces/srv/rrr_mode__type_support.cpp.o[0m
[1.559s] [ 48%] [32mBuilding CXX object CMakeFiles/rrr_robot_interfaces__rosidl_typesupport_c.dir/rosidl_typesupport_c/rrr_robot_interfaces/srv/rrripk__type_support.cpp.o[0m
[1.579s] [35m[1mConsolidate compiler generated dependencies of target rrr_robot_interfaces__rosidl_typesupport_introspection_c[0m
[1.590s] [ 51%] [32mBuilding C object CMakeFiles/rrr_robot_interfaces__rosidl_typesupport_introspection_c.dir/rosidl_typesupport_introspection_c/rrr_robot_interfaces/srv/detail/rrr_mode__type_support.c.o[0m
[1.592s] [ 53%] [32mBuilding C object CMakeFiles/rrr_robot_interfaces__rosidl_typesupport_introspection_c.dir/rosidl_typesupport_introspection_c/rrr_robot_interfaces/srv/detail/rrripk__type_support.c.o[0m
[1.598s] [ 56%] [32m[1mLinking CXX shared library librrr_robot_interfaces__rosidl_typesupport_c.so[0m
[1.598s] [35m[1mConsolidate compiler generated dependencies of target rrr_robot_interfaces__rosidl_typesupport_fastrtps_c[0m
[1.616s] [ 58%] [32mBuilding CXX object CMakeFiles/rrr_robot_interfaces__rosidl_typesupport_fastrtps_c.dir/rosidl_typesupport_fastrtps_c/rrr_robot_interfaces/srv/detail/rrr_mode__type_support_c.cpp.o[0m
[1.617s] [ 61%] [32mBuilding CXX object CMakeFiles/rrr_robot_interfaces__rosidl_typesupport_fastrtps_c.dir/rosidl_typesupport_fastrtps_c/rrr_robot_interfaces/srv/detail/rrripk__type_support_c.cpp.o[0m
[1.633s] [ 64%] [32m[1mLinking C shared library librrr_robot_interfaces__rosidl_typesupport_introspection_c.so[0m
[1.641s] [ 64%] Built target rrr_robot_interfaces__rosidl_typesupport_c
[1.660s] [ 64%] Built target rrr_robot_interfaces__rosidl_typesupport_introspection_c
[1.694s] [ 66%] [32m[1mLinking CXX shared library librrr_robot_interfaces__rosidl_typesupport_cpp.so[0m
[1.726s] [ 66%] Built target rrr_robot_interfaces__rosidl_typesupport_cpp
[1.796s] [ 69%] [32m[1mLinking CXX shared library librrr_robot_interfaces__rosidl_typesupport_introspection_cpp.so[0m
[1.841s] [ 69%] Built target rrr_robot_interfaces__rosidl_typesupport_introspection_cpp
[1.881s] [ 71%] [32m[1mLinking CXX shared library librrr_robot_interfaces__rosidl_typesupport_fastrtps_c.so[0m
[1.886s] [ 74%] [32m[1mLinking CXX shared library librrr_robot_interfaces__rosidl_typesupport_fastrtps_cpp.so[0m
[1.929s] [ 74%] Built target rrr_robot_interfaces__rosidl_typesupport_fastrtps_c
[1.932s] [ 74%] Built target rrr_robot_interfaces__rosidl_typesupport_fastrtps_cpp
[1.945s] [ 74%] Built target rrr_robot_interfaces
[1.965s] [ 76%] [34m[1mGenerating Python code for ROS interfaces[0m
[2.279s] [ 76%] Built target rrr_robot_interfaces__py
[2.285s] [35m[1mConsolidate compiler generated dependencies of target rrr_robot_interfaces__rosidl_generator_py[0m
[2.294s] [ 79%] [32mBuilding C object CMakeFiles/rrr_robot_interfaces__rosidl_generator_py.dir/rosidl_generator_py/rrr_robot_interfaces/srv/_rrr_mode_s.c.o[0m
[2.294s] [ 82%] [32mBuilding C object CMakeFiles/rrr_robot_interfaces__rosidl_generator_py.dir/rosidl_generator_py/rrr_robot_interfaces/srv/_rrripk_s.c.o[0m
[2.360s] [ 84%] [32m[1mLinking C shared library rosidl_generator_py/rrr_robot_interfaces/librrr_robot_interfaces__rosidl_generator_py.so[0m
[2.387s] [ 84%] Built target rrr_robot_interfaces__rosidl_generator_py
[2.393s] [35m[1mConsolidate compiler generated dependencies of target rrr_robot_interfaces__rosidl_typesupport_fastrtps_c__pyext[0m
[2.394s] [35m[1mConsolidate compiler generated dependencies of target rrr_robot_interfaces__rosidl_typesupport_introspection_c__pyext[0m
[2.394s] [35m[1mConsolidate compiler generated dependencies of target rrr_robot_interfaces__rosidl_typesupport_c__pyext[0m
[2.402s] [ 87%] [32mBuilding C object CMakeFiles/rrr_robot_interfaces__rosidl_typesupport_c__pyext.dir/rosidl_generator_py/rrr_robot_interfaces/_rrr_robot_interfaces_s.ep.rosidl_typesupport_c.c.o[0m
[2.402s] [ 89%] [32mBuilding C object CMakeFiles/rrr_robot_interfaces__rosidl_typesupport_fastrtps_c__pyext.dir/rosidl_generator_py/rrr_robot_interfaces/_rrr_robot_interfaces_s.ep.rosidl_typesupport_fastrtps_c.c.o[0m
[2.402s] [ 92%] [32mBuilding C object CMakeFiles/rrr_robot_interfaces__rosidl_typesupport_introspection_c__pyext.dir/rosidl_generator_py/rrr_robot_interfaces/_rrr_robot_interfaces_s.ep.rosidl_typesupport_introspection_c.c.o[0m
[2.472s] [ 94%] [32m[1mLinking C shared library rosidl_generator_py/rrr_robot_interfaces/rrr_robot_interfaces_s__rosidl_typesupport_c.cpython-310-x86_64-linux-gnu.so[0m
[2.473s] [ 97%] [32m[1mLinking C shared library rosidl_generator_py/rrr_robot_interfaces/rrr_robot_interfaces_s__rosidl_typesupport_introspection_c.cpython-310-x86_64-linux-gnu.so[0m
[2.475s] [100%] [32m[1mLinking C shared library rosidl_generator_py/rrr_robot_interfaces/rrr_robot_interfaces_s__rosidl_typesupport_fastrtps_c.cpython-310-x86_64-linux-gnu.so[0m
[2.500s] [100%] Built target rrr_robot_interfaces__rosidl_typesupport_c__pyext
[2.500s] [100%] Built target rrr_robot_interfaces__rosidl_typesupport_introspection_c__pyext
[2.501s] [100%] Built target rrr_robot_interfaces__rosidl_typesupport_fastrtps_c__pyext
[2.508s] Invoked command in '/home/waritt/robotsim_ws/build/rrr_robot_interfaces' returned '0': CMAKE_PREFIX_PATH=${CMAKE_PREFIX_PATH}:/opt/ros/humble /usr/bin/cmake --build /home/waritt/robotsim_ws/build/rrr_robot_interfaces -- -j16 -l16
[2.563s] Invoking command in '/home/waritt/robotsim_ws/build/rrr_robot_interfaces': CMAKE_PREFIX_PATH=${CMAKE_PREFIX_PATH}:/opt/ros/humble /usr/bin/cmake --install /home/waritt/robotsim_ws/build/rrr_robot_interfaces
[2.569s] -- Install configuration: ""
[2.569s] -- Up-to-date: /home/waritt/robotsim_ws/install/rrr_robot_interfaces/share/ament_index/resource_index/rosidl_interfaces/rrr_robot_interfaces
[2.569s] -- Up-to-date: /home/waritt/robotsim_ws/install/rrr_robot_interfaces/include/rrr_robot_interfaces/rrr_robot_interfaces
[2.569s] -- Up-to-date: /home/waritt/robotsim_ws/install/rrr_robot_interfaces/include/rrr_robot_interfaces/rrr_robot_interfaces/msg
[2.569s] -- Up-to-date: /home/waritt/robotsim_ws/install/rrr_robot_interfaces/include/rrr_robot_interfaces/rrr_robot_interfaces/msg/rosidl_generator_c__visibility_control.h
[2.569s] -- Up-to-date: /home/waritt/robotsim_ws/install/rrr_robot_interfaces/include/rrr_robot_interfaces/rrr_robot_interfaces/srv
[2.569s] -- Installing: /home/waritt/robotsim_ws/install/rrr_robot_interfaces/include/rrr_robot_interfaces/rrr_robot_interfaces/srv/rrr_mode.h
[2.569s] -- Up-to-date: /home/waritt/robotsim_ws/install/rrr_robot_interfaces/include/rrr_robot_interfaces/rrr_robot_interfaces/srv/rrripk_target.h
[2.569s] -- Installing: /home/waritt/robotsim_ws/install/rrr_robot_interfaces/include/rrr_robot_interfaces/rrr_robot_interfaces/srv/rrripk.h
[2.569s] -- Up-to-date: /home/waritt/robotsim_ws/install/rrr_robot_interfaces/include/rrr_robot_interfaces/rrr_robot_interfaces/srv/rrr_service.h
[2.569s] -- Up-to-date: /home/waritt/robotsim_ws/install/rrr_robot_interfaces/include/rrr_robot_interfaces/rrr_robot_interfaces/srv/detail
[2.569s] -- Installing: /home/waritt/robotsim_ws/install/rrr_robot_interfaces/include/rrr_robot_interfaces/rrr_robot_interfaces/srv/detail/rrr_mode__type_support.h
[2.569s] -- Up-to-date: /home/waritt/robotsim_ws/install/rrr_robot_interfaces/include/rrr_robot_interfaces/rrr_robot_interfaces/srv/detail/rrr_service__functions.h
[2.569s] -- Up-to-date: /home/waritt/robotsim_ws/install/rrr_robot_interfaces/include/rrr_robot_interfaces/rrr_robot_interfaces/srv/detail/rrripk_target__functions.c
[2.569s] -- Installing: /home/waritt/robotsim_ws/install/rrr_robot_interfaces/include/rrr_robot_interfaces/rrr_robot_interfaces/srv/detail/rrr_mode__struct.h
[2.569s] -- Up-to-date: /home/waritt/robotsim_ws/install/rrr_robot_interfaces/include/rrr_robot_interfaces/rrr_robot_interfaces/srv/detail/rrr_service__struct.h
[2.569s] -- Up-to-date: /home/waritt/robotsim_ws/install/rrr_robot_interfaces/include/rrr_robot_interfaces/rrr_robot_interfaces/srv/detail/rrripk_target__functions.h
[2.569s] -- Up-to-date: /home/waritt/robotsim_ws/install/rrr_robot_interfaces/include/rrr_robot_interfaces/rrr_robot_interfaces/srv/detail/rrr_service__functions.c
[2.569s] -- Installing: /home/waritt/robotsim_ws/install/rrr_robot_interfaces/include/rrr_robot_interfaces/rrr_robot_interfaces/srv/detail/rrripk__functions.h
[2.569s] -- Up-to-date: /home/waritt/robotsim_ws/install/rrr_robot_interfaces/include/rrr_robot_interfaces/rrr_robot_interfaces/srv/detail/rrripk_target__type_support.h
[2.569s] -- Up-to-date: /home/waritt/robotsim_ws/install/rrr_robot_interfaces/include/rrr_robot_interfaces/rrr_robot_interfaces/srv/detail/rrripk_target__struct.h
[2.570s] -- Installing: /home/waritt/robotsim_ws/install/rrr_robot_interfaces/include/rrr_robot_interfaces/rrr_robot_interfaces/srv/detail/rrripk__functions.c
[2.570s] -- Installing: /home/waritt/robotsim_ws/install/rrr_robot_interfaces/include/rrr_robot_interfaces/rrr_robot_interfaces/srv/detail/rrripk__type_support.h
[2.570s] -- Installing: /home/waritt/robotsim_ws/install/rrr_robot_interfaces/include/rrr_robot_interfaces/rrr_robot_interfaces/srv/detail/rrr_mode__functions.c
[2.570s] -- Installing: /home/waritt/robotsim_ws/install/rrr_robot_interfaces/include/rrr_robot_interfaces/rrr_robot_interfaces/srv/detail/rrripk__struct.h
[2.570s] -- Up-to-date: /home/waritt/robotsim_ws/install/rrr_robot_interfaces/include/rrr_robot_interfaces/rrr_robot_interfaces/srv/detail/rrr_service__type_support.h
[2.570s] -- Installing: /home/waritt/robotsim_ws/install/rrr_robot_interfaces/include/rrr_robot_interfaces/rrr_robot_interfaces/srv/detail/rrr_mode__functions.h
[2.570s] -- Up-to-date: /home/waritt/robotsim_ws/install/rrr_robot_interfaces/share/rrr_robot_interfaces/environment/library_path.sh
[2.570s] -- Installing: /home/waritt/robotsim_ws/install/rrr_robot_interfaces/share/rrr_robot_interfaces/environment/library_path.dsv
[2.570s] -- Installing: /home/waritt/robotsim_ws/install/rrr_robot_interfaces/lib/librrr_robot_interfaces__rosidl_generator_c.so
[2.570s] -- Set runtime path of "/home/waritt/robotsim_ws/install/rrr_robot_interfaces/lib/librrr_robot_interfaces__rosidl_generator_c.so" to ""
[2.570s] -- Up-to-date: /home/waritt/robotsim_ws/install/rrr_robot_interfaces/include/rrr_robot_interfaces/rrr_robot_interfaces
[2.570s] -- Up-to-date: /home/waritt/robotsim_ws/install/rrr_robot_interfaces/include/rrr_robot_interfaces/rrr_robot_interfaces/msg
[2.570s] -- Up-to-date: /home/waritt/robotsim_ws/install/rrr_robot_interfaces/include/rrr_robot_interfaces/rrr_robot_interfaces/msg/rosidl_typesupport_fastrtps_c__visibility_control.h
[2.570s] -- Up-to-date: /home/waritt/robotsim_ws/install/rrr_robot_interfaces/include/rrr_robot_interfaces/rrr_robot_interfaces/srv
[2.570s] -- Up-to-date: /home/waritt/robotsim_ws/install/rrr_robot_interfaces/include/rrr_robot_interfaces/rrr_robot_interfaces/srv/detail
[2.570s] -- Up-to-date: /home/waritt/robotsim_ws/install/rrr_robot_interfaces/include/rrr_robot_interfaces/rrr_robot_interfaces/srv/detail/rrripk_target__rosidl_typesupport_fastrtps_c.h
[2.570s] -- Up-to-date: /home/waritt/robotsim_ws/install/rrr_robot_interfaces/include/rrr_robot_interfaces/rrr_robot_interfaces/srv/detail/rrr_service__rosidl_typesupport_fastrtps_c.h
[2.570s] -- Installing: /home/waritt/robotsim_ws/install/rrr_robot_interfaces/include/rrr_robot_interfaces/rrr_robot_interfaces/srv/detail/rrripk__rosidl_typesupport_fastrtps_c.h
[2.570s] -- Installing: /home/waritt/robotsim_ws/install/rrr_robot_interfaces/include/rrr_robot_interfaces/rrr_robot_interfaces/srv/detail/rrr_mode__rosidl_typesupport_fastrtps_c.h
[2.570s] -- Installing: /home/waritt/robotsim_ws/install/rrr_robot_interfaces/lib/librrr_robot_interfaces__rosidl_typesupport_fastrtps_c.so
[2.571s] -- Set runtime path of "/home/waritt/robotsim_ws/install/rrr_robot_interfaces/lib/librrr_robot_interfaces__rosidl_typesupport_fastrtps_c.so" to ""
[2.571s] -- Up-to-date: /home/waritt/robotsim_ws/install/rrr_robot_interfaces/include/rrr_robot_interfaces/rrr_robot_interfaces
[2.571s] -- Up-to-date: /home/waritt/robotsim_ws/install/rrr_robot_interfaces/include/rrr_robot_interfaces/rrr_robot_interfaces/srv
[2.571s] -- Up-to-date: /home/waritt/robotsim_ws/install/rrr_robot_interfaces/include/rrr_robot_interfaces/rrr_robot_interfaces/srv/rrr_service.hpp
[2.571s] -- Installing: /home/waritt/robotsim_ws/install/rrr_robot_interfaces/include/rrr_robot_interfaces/rrr_robot_interfaces/srv/rrripk.hpp
[2.571s] -- Up-to-date: /home/waritt/robotsim_ws/install/rrr_robot_interfaces/include/rrr_robot_interfaces/rrr_robot_interfaces/srv/detail
[2.571s] -- Installing: /home/waritt/robotsim_ws/install/rrr_robot_interfaces/include/rrr_robot_interfaces/rrr_robot_interfaces/srv/detail/rrripk__struct.hpp
[2.571s] -- Up-to-date: /home/waritt/robotsim_ws/install/rrr_robot_interfaces/include/rrr_robot_interfaces/rrr_robot_interfaces/srv/detail/rrr_service__struct.hpp
[2.571s] -- Up-to-date: /home/waritt/robotsim_ws/install/rrr_robot_interfaces/include/rrr_robot_interfaces/rrr_robot_interfaces/srv/detail/rrr_service__builder.hpp
[2.571s] -- Up-to-date: /home/waritt/robotsim_ws/install/rrr_robot_interfaces/include/rrr_robot_interfaces/rrr_robot_interfaces/srv/detail/rrripk_target__struct.hpp
[2.571s] -- Installing: /home/waritt/robotsim_ws/install/rrr_robot_interfaces/include/rrr_robot_interfaces/rrr_robot_interfaces/srv/detail/rrripk__builder.hpp
[2.571s] -- Installing: /home/waritt/robotsim_ws/install/rrr_robot_interfaces/include/rrr_robot_interfaces/rrr_robot_interfaces/srv/detail/rrripk__traits.hpp
[2.571s] -- Up-to-date: /home/waritt/robotsim_ws/install/rrr_robot_interfaces/include/rrr_robot_interfaces/rrr_robot_interfaces/srv/detail/rrripk_target__traits.hpp
[2.571s] -- Installing: /home/waritt/robotsim_ws/install/rrr_robot_interfaces/include/rrr_robot_interfaces/rrr_robot_interfaces/srv/detail/rrr_mode__builder.hpp
[2.571s] -- Up-to-date: /home/waritt/robotsim_ws/install/rrr_robot_interfaces/include/rrr_robot_interfaces/rrr_robot_interfaces/srv/detail/rrripk_target__builder.hpp
[2.571s] -- Up-to-date: /home/waritt/robotsim_ws/install/rrr_robot_interfaces/include/rrr_robot_interfaces/rrr_robot_interfaces/srv/detail/rrr_service__traits.hpp
[2.571s] -- Installing: /home/waritt/robotsim_ws/install/rrr_robot_interfaces/include/rrr_robot_interfaces/rrr_robot_interfaces/srv/detail/rrr_mode__struct.hpp
[2.571s] -- Installing: /home/waritt/robotsim_ws/install/rrr_robot_interfaces/include/rrr_robot_interfaces/rrr_robot_interfaces/srv/detail/rrr_mode__traits.hpp
[2.571s] -- Installing: /home/waritt/robotsim_ws/install/rrr_robot_interfaces/include/rrr_robot_interfaces/rrr_robot_interfaces/srv/rrr_mode.hpp
[2.571s] -- Up-to-date: /home/waritt/robotsim_ws/install/rrr_robot_interfaces/include/rrr_robot_interfaces/rrr_robot_interfaces/srv/rrripk_target.hpp
[2.571s] -- Up-to-date: /home/waritt/robotsim_ws/install/rrr_robot_interfaces/include/rrr_robot_interfaces/rrr_robot_interfaces
[2.572s] -- Up-to-date: /home/waritt/robotsim_ws/install/rrr_robot_interfaces/include/rrr_robot_interfaces/rrr_robot_interfaces/msg
[2.572s] -- Up-to-date: /home/waritt/robotsim_ws/install/rrr_robot_interfaces/include/rrr_robot_interfaces/rrr_robot_interfaces/msg/rosidl_typesupport_fastrtps_cpp__visibility_control.h
[2.572s] -- Up-to-date: /home/waritt/robotsim_ws/install/rrr_robot_interfaces/include/rrr_robot_interfaces/rrr_robot_interfaces/srv
[2.572s] -- Up-to-date: /home/waritt/robotsim_ws/install/rrr_robot_interfaces/include/rrr_robot_interfaces/rrr_robot_interfaces/srv/detail
[2.572s] -- Up-to-date: /home/waritt/robotsim_ws/install/rrr_robot_interfaces/include/rrr_robot_interfaces/rrr_robot_interfaces/srv/detail/rrr_service__rosidl_typesupport_fastrtps_cpp.hpp
[2.572s] -- Installing: /home/waritt/robotsim_ws/install/rrr_robot_interfaces/include/rrr_robot_interfaces/rrr_robot_interfaces/srv/detail/rrripk__rosidl_typesupport_fastrtps_cpp.hpp
[2.572s] -- Up-to-date: /home/waritt/robotsim_ws/install/rrr_robot_interfaces/include/rrr_robot_interfaces/rrr_robot_interfaces/srv/detail/rrripk_target__rosidl_typesupport_fastrtps_cpp.hpp
[2.572s] -- Up-to-date: /home/waritt/robotsim_ws/install/rrr_robot_interfaces/include/rrr_robot_interfaces/rrr_robot_interfaces/srv/detail/dds_fastrtps
[2.572s] -- Installing: /home/waritt/robotsim_ws/install/rrr_robot_interfaces/include/rrr_robot_interfaces/rrr_robot_interfaces/srv/detail/rrr_mode__rosidl_typesupport_fastrtps_cpp.hpp
[2.572s] -- Installing: /home/waritt/robotsim_ws/install/rrr_robot_interfaces/lib/librrr_robot_interfaces__rosidl_typesupport_fastrtps_cpp.so
[2.572s] -- Set runtime path of "/home/waritt/robotsim_ws/install/rrr_robot_interfaces/lib/librrr_robot_interfaces__rosidl_typesupport_fastrtps_cpp.so" to ""
[2.572s] -- Up-to-date: /home/waritt/robotsim_ws/install/rrr_robot_interfaces/include/rrr_robot_interfaces/rrr_robot_interfaces
[2.572s] -- Up-to-date: /home/waritt/robotsim_ws/install/rrr_robot_interfaces/include/rrr_robot_interfaces/rrr_robot_interfaces/msg
[2.572s] -- Up-to-date: /home/waritt/robotsim_ws/install/rrr_robot_interfaces/include/rrr_robot_interfaces/rrr_robot_interfaces/msg/rosidl_typesupport_introspection_c__visibility_control.h
[2.572s] -- Up-to-date: /home/waritt/robotsim_ws/install/rrr_robot_interfaces/include/rrr_robot_interfaces/rrr_robot_interfaces/srv
[2.572s] -- Up-to-date: /home/waritt/robotsim_ws/install/rrr_robot_interfaces/include/rrr_robot_interfaces/rrr_robot_interfaces/srv/detail
[2.572s] -- Up-to-date: /home/waritt/robotsim_ws/install/rrr_robot_interfaces/include/rrr_robot_interfaces/rrr_robot_interfaces/srv/detail/rrripk_target__type_support.c
[2.572s] -- Installing: /home/waritt/robotsim_ws/install/rrr_robot_interfaces/include/rrr_robot_interfaces/rrr_robot_interfaces/srv/detail/rrr_mode__type_support.c
[2.572s] -- Up-to-date: /home/waritt/robotsim_ws/install/rrr_robot_interfaces/include/rrr_robot_interfaces/rrr_robot_interfaces/srv/detail/rrr_service__type_support.c
[2.572s] -- Installing: /home/waritt/robotsim_ws/install/rrr_robot_interfaces/include/rrr_robot_interfaces/rrr_robot_interfaces/srv/detail/rrripk__rosidl_typesupport_introspection_c.h
[2.572s] -- Up-to-date: /home/waritt/robotsim_ws/install/rrr_robot_interfaces/include/rrr_robot_interfaces/rrr_robot_interfaces/srv/detail/rrr_service__rosidl_typesupport_introspection_c.h
[2.572s] -- Installing: /home/waritt/robotsim_ws/install/rrr_robot_interfaces/include/rrr_robot_interfaces/rrr_robot_interfaces/srv/detail/rrr_mode__rosidl_typesupport_introspection_c.h
[2.572s] -- Installing: /home/waritt/robotsim_ws/install/rrr_robot_interfaces/include/rrr_robot_interfaces/rrr_robot_interfaces/srv/detail/rrripk__type_support.c
[2.572s] -- Up-to-date: /home/waritt/robotsim_ws/install/rrr_robot_interfaces/include/rrr_robot_interfaces/rrr_robot_interfaces/srv/detail/rrripk_target__rosidl_typesupport_introspection_c.h
[2.572s] -- Installing: /home/waritt/robotsim_ws/install/rrr_robot_interfaces/lib/librrr_robot_interfaces__rosidl_typesupport_introspection_c.so
[2.573s] -- Set runtime path of "/home/waritt/robotsim_ws/install/rrr_robot_interfaces/lib/librrr_robot_interfaces__rosidl_typesupport_introspection_c.so" to ""
[2.573s] -- Installing: /home/waritt/robotsim_ws/install/rrr_robot_interfaces/lib/librrr_robot_interfaces__rosidl_typesupport_c.so
[2.573s] -- Set runtime path of "/home/waritt/robotsim_ws/install/rrr_robot_interfaces/lib/librrr_robot_interfaces__rosidl_typesupport_c.so" to ""
[2.573s] -- Up-to-date: /home/waritt/robotsim_ws/install/rrr_robot_interfaces/include/rrr_robot_interfaces/rrr_robot_interfaces
[2.573s] -- Up-to-date: /home/waritt/robotsim_ws/install/rrr_robot_interfaces/include/rrr_robot_interfaces/rrr_robot_interfaces/srv
[2.573s] -- Up-to-date: /home/waritt/robotsim_ws/install/rrr_robot_interfaces/include/rrr_robot_interfaces/rrr_robot_interfaces/srv/detail
[2.573s] -- Installing: /home/waritt/robotsim_ws/install/rrr_robot_interfaces/include/rrr_robot_interfaces/rrr_robot_interfaces/srv/detail/rrripk__rosidl_typesupport_introspection_cpp.hpp
[2.573s] -- Up-to-date: /home/waritt/robotsim_ws/install/rrr_robot_interfaces/include/rrr_robot_interfaces/rrr_robot_interfaces/srv/detail/rrr_service__type_support.cpp
[2.573s] -- Installing: /home/waritt/robotsim_ws/install/rrr_robot_interfaces/include/rrr_robot_interfaces/rrr_robot_interfaces/srv/detail/rrripk__type_support.cpp
[2.573s] -- Up-to-date: /home/waritt/robotsim_ws/install/rrr_robot_interfaces/include/rrr_robot_interfaces/rrr_robot_interfaces/srv/detail/rrripk_target__rosidl_typesupport_introspection_cpp.hpp
[2.573s] -- Up-to-date: /home/waritt/robotsim_ws/install/rrr_robot_interfaces/include/rrr_robot_interfaces/rrr_robot_interfaces/srv/detail/rrripk_target__type_support.cpp
[2.573s] -- Installing: /home/waritt/robotsim_ws/install/rrr_robot_interfaces/include/rrr_robot_interfaces/rrr_robot_interfaces/srv/detail/rrr_mode__type_support.cpp
[2.573s] -- Installing: /home/waritt/robotsim_ws/install/rrr_robot_interfaces/include/rrr_robot_interfaces/rrr_robot_interfaces/srv/detail/rrr_mode__rosidl_typesupport_introspection_cpp.hpp
[2.573s] -- Up-to-date: /home/waritt/robotsim_ws/install/rrr_robot_interfaces/include/rrr_robot_interfaces/rrr_robot_interfaces/srv/detail/rrr_service__rosidl_typesupport_introspection_cpp.hpp
[2.573s] -- Installing: /home/waritt/robotsim_ws/install/rrr_robot_interfaces/lib/librrr_robot_interfaces__rosidl_typesupport_introspection_cpp.so
[2.573s] -- Set runtime path of "/home/waritt/robotsim_ws/install/rrr_robot_interfaces/lib/librrr_robot_interfaces__rosidl_typesupport_introspection_cpp.so" to ""
[2.574s] -- Installing: /home/waritt/robotsim_ws/install/rrr_robot_interfaces/lib/librrr_robot_interfaces__rosidl_typesupport_cpp.so
[2.574s] -- Set runtime path of "/home/waritt/robotsim_ws/install/rrr_robot_interfaces/lib/librrr_robot_interfaces__rosidl_typesupport_cpp.so" to ""
[2.574s] -- Up-to-date: /home/waritt/robotsim_ws/install/rrr_robot_interfaces/share/rrr_robot_interfaces/environment/pythonpath.sh
[2.574s] -- Installing: /home/waritt/robotsim_ws/install/rrr_robot_interfaces/share/rrr_robot_interfaces/environment/pythonpath.dsv
[2.574s] -- Up-to-date: /home/waritt/robotsim_ws/install/rrr_robot_interfaces/local/lib/python3.10/dist-packages/rrr_robot_interfaces-0.0.0-py3.10.egg-info
[2.574s] -- Installing: /home/waritt/robotsim_ws/install/rrr_robot_interfaces/local/lib/python3.10/dist-packages/rrr_robot_interfaces-0.0.0-py3.10.egg-info/SOURCES.txt
[2.574s] -- Installing: /home/waritt/robotsim_ws/install/rrr_robot_interfaces/local/lib/python3.10/dist-packages/rrr_robot_interfaces-0.0.0-py3.10.egg-info/top_level.txt
[2.574s] -- Installing: /home/waritt/robotsim_ws/install/rrr_robot_interfaces/local/lib/python3.10/dist-packages/rrr_robot_interfaces-0.0.0-py3.10.egg-info/PKG-INFO
[2.574s] -- Installing: /home/waritt/robotsim_ws/install/rrr_robot_interfaces/local/lib/python3.10/dist-packages/rrr_robot_interfaces-0.0.0-py3.10.egg-info/dependency_links.txt
[2.574s] -- Up-to-date: /home/waritt/robotsim_ws/install/rrr_robot_interfaces/local/lib/python3.10/dist-packages/rrr_robot_interfaces
[2.574s] -- Installing: /home/waritt/robotsim_ws/install/rrr_robot_interfaces/local/lib/python3.10/dist-packages/rrr_robot_interfaces/rrr_robot_interfaces_s__rosidl_typesupport_c.cpython-310-x86_64-linux-gnu.so
[2.574s] -- Installing: /home/waritt/robotsim_ws/install/rrr_robot_interfaces/local/lib/python3.10/dist-packages/rrr_robot_interfaces/__init__.py
[2.574s] -- Installing: /home/waritt/robotsim_ws/install/rrr_robot_interfaces/local/lib/python3.10/dist-packages/rrr_robot_interfaces/_rrr_robot_interfaces_s.ep.rosidl_typesupport_introspection_c.c
[2.574s] -- Installing: /home/waritt/robotsim_ws/install/rrr_robot_interfaces/local/lib/python3.10/dist-packages/rrr_robot_interfaces/rrr_robot_interfaces_s__rosidl_typesupport_introspection_c.cpython-310-x86_64-linux-gnu.so
[2.574s] -- Installing: /home/waritt/robotsim_ws/install/rrr_robot_interfaces/local/lib/python3.10/dist-packages/rrr_robot_interfaces/_rrr_robot_interfaces_s.ep.rosidl_typesupport_fastrtps_c.c
[2.575s] -- Installing: /home/waritt/robotsim_ws/install/rrr_robot_interfaces/local/lib/python3.10/dist-packages/rrr_robot_interfaces/rrr_robot_interfaces_s__rosidl_typesupport_fastrtps_c.cpython-310-x86_64-linux-gnu.so
[2.575s] -- Installing: /home/waritt/robotsim_ws/install/rrr_robot_interfaces/local/lib/python3.10/dist-packages/rrr_robot_interfaces/_rrr_robot_interfaces_s.ep.rosidl_typesupport_c.c
[2.575s] -- Installing: /home/waritt/robotsim_ws/install/rrr_robot_interfaces/local/lib/python3.10/dist-packages/rrr_robot_interfaces/librrr_robot_interfaces__rosidl_generator_py.so
[2.575s] -- Up-to-date: /home/waritt/robotsim_ws/install/rrr_robot_interfaces/local/lib/python3.10/dist-packages/rrr_robot_interfaces/srv
[2.575s] -- Up-to-date: /home/waritt/robotsim_ws/install/rrr_robot_interfaces/local/lib/python3.10/dist-packages/rrr_robot_interfaces/srv/_rrr_service.py
[2.575s] -- Up-to-date: /home/waritt/robotsim_ws/install/rrr_robot_interfaces/local/lib/python3.10/dist-packages/rrr_robot_interfaces/srv/_rrripk_target.py
[2.575s] -- Up-to-date: /home/waritt/robotsim_ws/install/rrr_robot_interfaces/local/lib/python3.10/dist-packages/rrr_robot_interfaces/srv/_rrr_service_s.c
[2.575s] -- Installing: /home/waritt/robotsim_ws/install/rrr_robot_interfaces/local/lib/python3.10/dist-packages/rrr_robot_interfaces/srv/__init__.py
[2.575s] -- Installing: /home/waritt/robotsim_ws/install/rrr_robot_interfaces/local/lib/python3.10/dist-packages/rrr_robot_interfaces/srv/_rrripk.py
[2.575s] -- Up-to-date: /home/waritt/robotsim_ws/install/rrr_robot_interfaces/local/lib/python3.10/dist-packages/rrr_robot_interfaces/srv/_rrripk_target_s.c
[2.575s] -- Installing: /home/waritt/robotsim_ws/install/rrr_robot_interfaces/local/lib/python3.10/dist-packages/rrr_robot_interfaces/srv/_rrr_mode.py
[2.575s] -- Installing: /home/waritt/robotsim_ws/install/rrr_robot_interfaces/local/lib/python3.10/dist-packages/rrr_robot_interfaces/srv/_rrr_mode_s.c
[2.575s] -- Installing: /home/waritt/robotsim_ws/install/rrr_robot_interfaces/local/lib/python3.10/dist-packages/rrr_robot_interfaces/srv/_rrripk_s.c
[2.602s] Listing '/home/waritt/robotsim_ws/install/rrr_robot_interfaces/local/lib/python3.10/dist-packages/rrr_robot_interfaces'...
[2.602s] Compiling '/home/waritt/robotsim_ws/install/rrr_robot_interfaces/local/lib/python3.10/dist-packages/rrr_robot_interfaces/__init__.py'...
[2.602s] Listing '/home/waritt/robotsim_ws/install/rrr_robot_interfaces/local/lib/python3.10/dist-packages/rrr_robot_interfaces/srv'...
[2.602s] Compiling '/home/waritt/robotsim_ws/install/rrr_robot_interfaces/local/lib/python3.10/dist-packages/rrr_robot_interfaces/srv/__init__.py'...
[2.602s] Compiling '/home/waritt/robotsim_ws/install/rrr_robot_interfaces/local/lib/python3.10/dist-packages/rrr_robot_interfaces/srv/_rrr_mode.py'...
[2.602s] Compiling '/home/waritt/robotsim_ws/install/rrr_robot_interfaces/local/lib/python3.10/dist-packages/rrr_robot_interfaces/srv/_rrripk.py'...
[2.605s] -- Installing: /home/waritt/robotsim_ws/install/rrr_robot_interfaces/local/lib/python3.10/dist-packages/rrr_robot_interfaces/rrr_robot_interfaces_s__rosidl_typesupport_fastrtps_c.cpython-310-x86_64-linux-gnu.so
[2.605s] -- Set runtime path of "/home/waritt/robotsim_ws/install/rrr_robot_interfaces/local/lib/python3.10/dist-packages/rrr_robot_interfaces/rrr_robot_interfaces_s__rosidl_typesupport_fastrtps_c.cpython-310-x86_64-linux-gnu.so" to ""
[2.605s] -- Installing: /home/waritt/robotsim_ws/install/rrr_robot_interfaces/local/lib/python3.10/dist-packages/rrr_robot_interfaces/rrr_robot_interfaces_s__rosidl_typesupport_introspection_c.cpython-310-x86_64-linux-gnu.so
[2.605s] -- Set runtime path of "/home/waritt/robotsim_ws/install/rrr_robot_interfaces/local/lib/python3.10/dist-packages/rrr_robot_interfaces/rrr_robot_interfaces_s__rosidl_typesupport_introspection_c.cpython-310-x86_64-linux-gnu.so" to ""
[2.605s] -- Installing: /home/waritt/robotsim_ws/install/rrr_robot_interfaces/local/lib/python3.10/dist-packages/rrr_robot_interfaces/rrr_robot_interfaces_s__rosidl_typesupport_c.cpython-310-x86_64-linux-gnu.so
[2.605s] -- Set runtime path of "/home/waritt/robotsim_ws/install/rrr_robot_interfaces/local/lib/python3.10/dist-packages/rrr_robot_interfaces/rrr_robot_interfaces_s__rosidl_typesupport_c.cpython-310-x86_64-linux-gnu.so" to ""
[2.605s] -- Installing: /home/waritt/robotsim_ws/install/rrr_robot_interfaces/lib/librrr_robot_interfaces__rosidl_generator_py.so
[2.606s] -- Set runtime path of "/home/waritt/robotsim_ws/install/rrr_robot_interfaces/lib/librrr_robot_interfaces__rosidl_generator_py.so" to ""
[2.606s] -- Up-to-date: /home/waritt/robotsim_ws/install/rrr_robot_interfaces/share/rrr_robot_interfaces/srv/RRRMode.idl
[2.606s] -- Installing: /home/waritt/robotsim_ws/install/rrr_robot_interfaces/share/rrr_robot_interfaces/srv/RRRIPK.idl
[2.606s] -- Up-to-date: /home/waritt/robotsim_ws/install/rrr_robot_interfaces/share/rrr_robot_interfaces/srv/RRRMode.srv
[2.606s] -- Up-to-date: /home/waritt/robotsim_ws/install/rrr_robot_interfaces/share/rrr_robot_interfaces/srv/RRRMode_Request.msg
[2.606s] -- Up-to-date: /home/waritt/robotsim_ws/install/rrr_robot_interfaces/share/rrr_robot_interfaces/srv/RRRMode_Response.msg
[2.606s] -- Installing: /home/waritt/robotsim_ws/install/rrr_robot_interfaces/share/rrr_robot_interfaces/srv/RRRIPK.srv
[2.606s] -- Installing: /home/waritt/robotsim_ws/install/rrr_robot_interfaces/share/rrr_robot_interfaces/srv/RRRIPK_Request.msg
[2.606s] -- Up-to-date: /home/waritt/robotsim_ws/install/rrr_robot_interfaces/share/rrr_robot_interfaces/srv/RRRIPK_Response.msg
[2.606s] -- Up-to-date: /home/waritt/robotsim_ws/install/rrr_robot_interfaces/share/ament_index/resource_index/package_run_dependencies/rrr_robot_interfaces
[2.606s] -- Up-to-date: /home/waritt/robotsim_ws/install/rrr_robot_interfaces/share/ament_index/resource_index/parent_prefix_path/rrr_robot_interfaces
[2.606s] -- Up-to-date: /home/waritt/robotsim_ws/install/rrr_robot_interfaces/share/rrr_robot_interfaces/environment/ament_prefix_path.sh
[2.606s] -- Installing: /home/waritt/robotsim_ws/install/rrr_robot_interfaces/share/rrr_robot_interfaces/environment/ament_prefix_path.dsv
[2.606s] -- Up-to-date: /home/waritt/robotsim_ws/install/rrr_robot_interfaces/share/rrr_robot_interfaces/environment/path.sh
[2.606s] -- Installing: /home/waritt/robotsim_ws/install/rrr_robot_interfaces/share/rrr_robot_interfaces/environment/path.dsv
[2.606s] -- Up-to-date: /home/waritt/robotsim_ws/install/rrr_robot_interfaces/share/rrr_robot_interfaces/local_setup.bash
[2.606s] -- Up-to-date: /home/waritt/robotsim_ws/install/rrr_robot_interfaces/share/rrr_robot_interfaces/local_setup.sh
[2.606s] -- Up-to-date: /home/waritt/robotsim_ws/install/rrr_robot_interfaces/share/rrr_robot_interfaces/local_setup.zsh
[2.606s] -- Installing: /home/waritt/robotsim_ws/install/rrr_robot_interfaces/share/rrr_robot_interfaces/local_setup.dsv
[2.606s] -- Installing: /home/waritt/robotsim_ws/install/rrr_robot_interfaces/share/rrr_robot_interfaces/package.dsv
[2.607s] -- Up-to-date: /home/waritt/robotsim_ws/install/rrr_robot_interfaces/share/ament_index/resource_index/packages/rrr_robot_interfaces
[2.607s] -- Up-to-date: /home/waritt/robotsim_ws/install/rrr_robot_interfaces/share/rrr_robot_interfaces/cmake/export_rrr_robot_interfaces__rosidl_generator_cExport.cmake
[2.607s] -- Up-to-date: /home/waritt/robotsim_ws/install/rrr_robot_interfaces/share/rrr_robot_interfaces/cmake/export_rrr_robot_interfaces__rosidl_generator_cExport-noconfig.cmake
[2.607s] -- Up-to-date: /home/waritt/robotsim_ws/install/rrr_robot_interfaces/share/rrr_robot_interfaces/cmake/export_rrr_robot_interfaces__rosidl_typesupport_fastrtps_cExport.cmake
[2.607s] -- Up-to-date: /home/waritt/robotsim_ws/install/rrr_robot_interfaces/share/rrr_robot_interfaces/cmake/export_rrr_robot_interfaces__rosidl_typesupport_fastrtps_cExport-noconfig.cmake
[2.607s] -- Up-to-date: /home/waritt/robotsim_ws/install/rrr_robot_interfaces/share/rrr_robot_interfaces/cmake/export_rrr_robot_interfaces__rosidl_generator_cppExport.cmake
[2.607s] -- Up-to-date: /home/waritt/robotsim_ws/install/rrr_robot_interfaces/share/rrr_robot_interfaces/cmake/export_rrr_robot_interfaces__rosidl_typesupport_fastrtps_cppExport.cmake
[2.607s] -- Up-to-date: /home/waritt/robotsim_ws/install/rrr_robot_interfaces/share/rrr_robot_interfaces/cmake/export_rrr_robot_interfaces__rosidl_typesupport_fastrtps_cppExport-noconfig.cmake
[2.607s] -- Up-to-date: /home/waritt/robotsim_ws/install/rrr_robot_interfaces/share/rrr_robot_interfaces/cmake/rrr_robot_interfaces__rosidl_typesupport_introspection_cExport.cmake
[2.607s] -- Up-to-date: /home/waritt/robotsim_ws/install/rrr_robot_interfaces/share/rrr_robot_interfaces/cmake/rrr_robot_interfaces__rosidl_typesupport_introspection_cExport-noconfig.cmake
[2.607s] -- Up-to-date: /home/waritt/robotsim_ws/install/rrr_robot_interfaces/share/rrr_robot_interfaces/cmake/rrr_robot_interfaces__rosidl_typesupport_cExport.cmake
[2.607s] -- Up-to-date: /home/waritt/robotsim_ws/install/rrr_robot_interfaces/share/rrr_robot_interfaces/cmake/rrr_robot_interfaces__rosidl_typesupport_cExport-noconfig.cmake
[2.607s] -- Up-to-date: /home/waritt/robotsim_ws/install/rrr_robot_interfaces/share/rrr_robot_interfaces/cmake/rrr_robot_interfaces__rosidl_typesupport_introspection_cppExport.cmake
[2.607s] -- Up-to-date: /home/waritt/robotsim_ws/install/rrr_robot_interfaces/share/rrr_robot_interfaces/cmake/rrr_robot_interfaces__rosidl_typesupport_introspection_cppExport-noconfig.cmake
[2.607s] -- Up-to-date: /home/waritt/robotsim_ws/install/rrr_robot_interfaces/share/rrr_robot_interfaces/cmake/rrr_robot_interfaces__rosidl_typesupport_cppExport.cmake
[2.607s] -- Up-to-date: /home/waritt/robotsim_ws/install/rrr_robot_interfaces/share/rrr_robot_interfaces/cmake/rrr_robot_interfaces__rosidl_typesupport_cppExport-noconfig.cmake
[2.607s] -- Up-to-date: /home/waritt/robotsim_ws/install/rrr_robot_interfaces/share/rrr_robot_interfaces/cmake/export_rrr_robot_interfaces__rosidl_generator_pyExport.cmake
[2.607s] -- Up-to-date: /home/waritt/robotsim_ws/install/rrr_robot_interfaces/share/rrr_robot_interfaces/cmake/export_rrr_robot_interfaces__rosidl_generator_pyExport-noconfig.cmake
[2.607s] -- Up-to-date: /home/waritt/robotsim_ws/install/rrr_robot_interfaces/share/rrr_robot_interfaces/cmake/rosidl_cmake-extras.cmake
[2.607s] -- Up-to-date: /home/waritt/robotsim_ws/install/rrr_robot_interfaces/share/rrr_robot_interfaces/cmake/ament_cmake_export_dependencies-extras.cmake
[2.607s] -- Up-to-date: /home/waritt/robotsim_ws/install/rrr_robot_interfaces/share/rrr_robot_interfaces/cmake/ament_cmake_export_include_directories-extras.cmake
[2.607s] -- Up-to-date: /home/waritt/robotsim_ws/install/rrr_robot_interfaces/share/rrr_robot_interfaces/cmake/ament_cmake_export_libraries-extras.cmake
[2.607s] -- Up-to-date: /home/waritt/robotsim_ws/install/rrr_robot_interfaces/share/rrr_robot_interfaces/cmake/ament_cmake_export_targets-extras.cmake
[2.607s] -- Up-to-date: /home/waritt/robotsim_ws/install/rrr_robot_interfaces/share/rrr_robot_interfaces/cmake/rosidl_cmake_export_typesupport_targets-extras.cmake
[2.607s] -- Up-to-date: /home/waritt/robotsim_ws/install/rrr_robot_interfaces/share/rrr_robot_interfaces/cmake/rosidl_cmake_export_typesupport_libraries-extras.cmake
[2.607s] -- Up-to-date: /home/waritt/robotsim_ws/install/rrr_robot_interfaces/share/rrr_robot_interfaces/cmake/rrr_robot_interfacesConfig.cmake
[2.608s] -- Up-to-date: /home/waritt/robotsim_ws/install/rrr_robot_interfaces/share/rrr_robot_interfaces/cmake/rrr_robot_interfacesConfig-version.cmake
[2.608s] -- Up-to-date: /home/waritt/robotsim_ws/install/rrr_robot_interfaces/share/rrr_robot_interfaces/package.xml
[2.609s] Invoked command in '/home/waritt/robotsim_ws/build/rrr_robot_interfaces' returned '0': CMAKE_PREFIX_PATH=${CMAKE_PREFIX_PATH}:/opt/ros/humble /usr/bin/cmake --install /home/waritt/robotsim_ws/build/rrr_robot_interfaces
