[0.009s] Invoking command in '/home/waritt/robotsim_ws/build/rrr_robot': CMAKE_PREFIX_PATH=${CMAKE_PREFIX_PATH}:/opt/ros/humble /usr/bin/cmake --build /home/waritt/robotsim_ws/build/rrr_robot -- -j16 -l16
[0.024s] -- Found ament_cmake: 1.3.10 (/opt/ros/humble/share/ament_cmake/cmake)
[0.117s] -- Found rclcpp: 16.0.10 (/opt/ros/humble/share/rclcpp/cmake)
[0.134s] -- Found rosidl_generator_c: 3.1.5 (/opt/ros/humble/share/rosidl_generator_c/cmake)
[0.136s] -- Found rosidl_adapter: 3.1.5 (/opt/ros/humble/share/rosidl_adapter/cmake)
[0.139s] -- Found rosidl_generator_cpp: 3.1.5 (/opt/ros/humble/share/rosidl_generator_cpp/cmake)
[0.145s] -- Using all available rosidl_typesupport_c: rosidl_typesupport_fastrtps_c;rosidl_typesupport_introspection_c
[0.153s] -- Using all available rosidl_typesupport_cpp: rosidl_typesupport_fastrtps_cpp;rosidl_typesupport_introspection_cpp
[0.171s] -- Found rmw_implementation_cmake: 6.1.2 (/opt/ros/humble/share/rmw_implementation_cmake/cmake)
[0.172s] -- Found rmw_fastrtps_cpp: 6.2.7 (/opt/ros/humble/share/rmw_fastrtps_cpp/cmake)
[0.236s] -- Using RMW implementation 'rmw_fastrtps_cpp' as default
[0.267s] -- Found rclpy: 3.3.14 (/opt/ros/humble/share/rclpy/cmake)
[0.354s] -- Configuring done
[0.360s] -- Generating done
[0.361s] -- Build files have been written to: /home/waritt/robotsim_ws/build/rrr_robot
[0.378s] [35m[1mConsolidate compiler generated dependencies of target cpp_node_test[0m
[0.385s] [100%] Built target cpp_node_test
[0.388s] [100%] Built target ament_cmake_python_copy_rrr_robot
[0.555s] running egg_info
[0.555s] writing rrr_robot.egg-info/PKG-INFO
[0.556s] writing dependency_links to rrr_robot.egg-info/dependency_links.txt
[0.556s] writing top-level names to rrr_robot.egg-info/top_level.txt
[0.557s] reading manifest file 'rrr_robot.egg-info/SOURCES.txt'
[0.557s] writing manifest file 'rrr_robot.egg-info/SOURCES.txt'
[0.573s] [100%] Built target ament_cmake_python_build_rrr_robot_egg
[0.580s] Invoked command in '/home/waritt/robotsim_ws/build/rrr_robot' returned '0': CMAKE_PREFIX_PATH=${CMAKE_PREFIX_PATH}:/opt/ros/humble /usr/bin/cmake --build /home/waritt/robotsim_ws/build/rrr_robot -- -j16 -l16
[0.598s] Invoking command in '/home/waritt/robotsim_ws/build/rrr_robot': CMAKE_PREFIX_PATH=${CMAKE_PREFIX_PATH}:/opt/ros/humble /usr/bin/cmake --install /home/waritt/robotsim_ws/build/rrr_robot
[0.603s] -- Install configuration: ""
[0.603s] -- Up-to-date: /home/waritt/robotsim_ws/install/rrr_robot/share/rrr_robot/environment/pythonpath.sh
[0.603s] -- Installing: /home/waritt/robotsim_ws/install/rrr_robot/share/rrr_robot/environment/pythonpath.dsv
[0.603s] -- Up-to-date: /home/waritt/robotsim_ws/install/rrr_robot/local/lib/python3.10/dist-packages/rrr_robot-0.0.0-py3.10.egg-info
[0.603s] -- Installing: /home/waritt/robotsim_ws/install/rrr_robot/local/lib/python3.10/dist-packages/rrr_robot-0.0.0-py3.10.egg-info/SOURCES.txt
[0.603s] -- Installing: /home/waritt/robotsim_ws/install/rrr_robot/local/lib/python3.10/dist-packages/rrr_robot-0.0.0-py3.10.egg-info/top_level.txt
[0.603s] -- Installing: /home/waritt/robotsim_ws/install/rrr_robot/local/lib/python3.10/dist-packages/rrr_robot-0.0.0-py3.10.egg-info/PKG-INFO
[0.603s] -- Installing: /home/waritt/robotsim_ws/install/rrr_robot/local/lib/python3.10/dist-packages/rrr_robot-0.0.0-py3.10.egg-info/dependency_links.txt
[0.603s] -- Up-to-date: /home/waritt/robotsim_ws/install/rrr_robot/local/lib/python3.10/dist-packages/rrr_robot
[0.603s] -- Up-to-date: /home/waritt/robotsim_ws/install/rrr_robot/local/lib/python3.10/dist-packages/rrr_robot/__init__.py
[0.603s] -- Up-to-date: /home/waritt/robotsim_ws/install/rrr_robot/local/lib/python3.10/dist-packages/rrr_robot/dummy_module.py
[0.625s] Listing '/home/waritt/robotsim_ws/install/rrr_robot/local/lib/python3.10/dist-packages/rrr_robot'...
[0.628s] -- Installing: /home/waritt/robotsim_ws/install/rrr_robot/lib/rrr_robot/jointstate_script.py
[0.628s] -- Installing: /home/waritt/robotsim_ws/install/rrr_robot/lib/rrr_robot/mode_control.py
[0.628s] -- Installing: /home/waritt/robotsim_ws/install/rrr_robot/lib/rrr_robot/ipk_call.py
[0.628s] -- Up-to-date: /home/waritt/robotsim_ws/install/rrr_robot/lib/rrr_robot/dummy_script.py
[0.628s] -- Up-to-date: /home/waritt/robotsim_ws/install/rrr_robot/lib/rrr_robot/cpp_node_test
[0.628s] -- Up-to-date: /home/waritt/robotsim_ws/install/rrr_robot/share/rrr_robot/config
[0.628s] -- Up-to-date: /home/waritt/robotsim_ws/install/rrr_robot/share/rrr_robot/config/display.rviz
[0.628s] -- Up-to-date: /home/waritt/robotsim_ws/install/rrr_robot/share/rrr_robot/launch
[0.628s] -- Up-to-date: /home/waritt/robotsim_ws/install/rrr_robot/share/rrr_robot/launch/fun.launch.py
[0.628s] -- Up-to-date: /home/waritt/robotsim_ws/install/rrr_robot/share/rrr_robot/launch/simple_display.launch.py
[0.628s] -- Up-to-date: /home/waritt/robotsim_ws/install/rrr_robot/share/rrr_robot/meshes
[0.628s] -- Up-to-date: /home/waritt/robotsim_ws/install/rrr_robot/share/rrr_robot/meshes/link_1.stl
[0.628s] -- Up-to-date: /home/waritt/robotsim_ws/install/rrr_robot/share/rrr_robot/meshes/link_3.stl
[0.628s] -- Up-to-date: /home/waritt/robotsim_ws/install/rrr_robot/share/rrr_robot/meshes/link_0.stl
[0.629s] -- Up-to-date: /home/waritt/robotsim_ws/install/rrr_robot/share/rrr_robot/meshes/end_effector.stl
[0.629s] -- Up-to-date: /home/waritt/robotsim_ws/install/rrr_robot/share/rrr_robot/meshes/link_2.stl
[0.629s] -- Up-to-date: /home/waritt/robotsim_ws/install/rrr_robot/share/rrr_robot/robot
[0.629s] -- Up-to-date: /home/waritt/robotsim_ws/install/rrr_robot/share/rrr_robot/robot/visual
[0.629s] -- Up-to-date: /home/waritt/robotsim_ws/install/rrr_robot/share/rrr_robot/robot/visual/my-robot.xacro
[0.629s] -- Up-to-date: /home/waritt/robotsim_ws/install/rrr_robot/share/rrr_robot/robot/visual/01-myfirst.urdf
[0.629s] -- Up-to-date: /home/waritt/robotsim_ws/install/rrr_robot/share/ament_index/resource_index/package_run_dependencies/rrr_robot
[0.629s] -- Installing: /home/waritt/robotsim_ws/install/rrr_robot/share/ament_index/resource_index/parent_prefix_path/rrr_robot
[0.629s] -- Up-to-date: /home/waritt/robotsim_ws/install/rrr_robot/share/rrr_robot/environment/ament_prefix_path.sh
[0.629s] -- Installing: /home/waritt/robotsim_ws/install/rrr_robot/share/rrr_robot/environment/ament_prefix_path.dsv
[0.629s] -- Up-to-date: /home/waritt/robotsim_ws/install/rrr_robot/share/rrr_robot/environment/path.sh
[0.629s] -- Installing: /home/waritt/robotsim_ws/install/rrr_robot/share/rrr_robot/environment/path.dsv
[0.629s] -- Up-to-date: /home/waritt/robotsim_ws/install/rrr_robot/share/rrr_robot/local_setup.bash
[0.629s] -- Up-to-date: /home/waritt/robotsim_ws/install/rrr_robot/share/rrr_robot/local_setup.sh
[0.629s] -- Up-to-date: /home/waritt/robotsim_ws/install/rrr_robot/share/rrr_robot/local_setup.zsh
[0.629s] -- Installing: /home/waritt/robotsim_ws/install/rrr_robot/share/rrr_robot/local_setup.dsv
[0.629s] -- Installing: /home/waritt/robotsim_ws/install/rrr_robot/share/rrr_robot/package.dsv
[0.629s] -- Up-to-date: /home/waritt/robotsim_ws/install/rrr_robot/share/ament_index/resource_index/packages/rrr_robot
[0.629s] -- Up-to-date: /home/waritt/robotsim_ws/install/rrr_robot/share/rrr_robot/cmake/rrr_robotConfig.cmake
[0.629s] -- Up-to-date: /home/waritt/robotsim_ws/install/rrr_robot/share/rrr_robot/cmake/rrr_robotConfig-version.cmake
[0.629s] -- Up-to-date: /home/waritt/robotsim_ws/install/rrr_robot/share/rrr_robot/package.xml
[0.631s] Invoked command in '/home/waritt/robotsim_ws/build/rrr_robot' returned '0': CMAKE_PREFIX_PATH=${CMAKE_PREFIX_PATH}:/opt/ros/humble /usr/bin/cmake --install /home/waritt/robotsim_ws/build/rrr_robot
